1
 
 
 
 
                      Warning: This computer program is protected by copyright law and international treaties.       
                  Unauthorized use, reproduction or distribution of this computer program, or any portion of it, may 
                                          result in severe civil and criminal penalties.                             
                         Copyright (C) 2021 MSC Software Corporation and its licensors. All rights reserved.         
 
 
                                              * * * * * * * * * * * * * * * * * * * *
                                              * * * * * * * * * * * * * * * * * * * *
                                              * *                                 * *
                                              * *           MSC Software          * *
                                              * *               CORP              * *
                                              * *                                 * *
                                              * *      M S C   N a s t r a n      * *
                                              * *                                 * *
                                              * *                                 * *
                                              * *                                 * *
                                              * *     Version 2021.4-CL855437     * *
                                              * *                                 * *
                                              * *                                 * *
                                              * *                                 * *
                                              * *          DEC 14, 2021           * *
                                              * *                                 * *
                                              * *              Intel              * *
                                              * * MODEL Intel(R) Core(TM) i7-8700 * *
                                              * * Windows 10 Enterprise 6.2 9200  * *
                                              * * Compiled for 8664 (SINGLE Mode) * *
                                              * *                                 * *
                                              * * * * * * * * * * * * * * * * * * * *
                                              * * * * * * * * * * * * * * * * * * * *
1                                                                           OCTOBER  22, 2024  MSC Nastran 12/14/21   PAGE     1
                                                                                                                                    
0        N A S T R A N    F I L E    A N D    S Y S T E M    P A R A M E T E R    E C H O                                           
0                                                                                                                                   
                                                                                                                                    
                                                                                                                                    
     $ SYSFIELD=SCR*(RAW=YES,BUFFIO=YES,WNUM=16,WSIZE=16MB) $(C:/PROGRAM FILES/MSC.SO
     $ SYSFIELD=DBALL(RAW=YES,BUFFIO=YES,WNUM=16,WSIZE=16MB) $(C:/PROGRAM FILES/MSC.S
     NASTRAN BUFFSIZE=32769 $(C:/PROGRAM FILES/MSC.SOFTWARE/MSC_NASTRAN/2021.4/CONF/N
     $PYNASTRAN: VERSION=MSC                                                         
     $PYNASTRAN: PUNCH=FALSE                                                         
     $PYNASTRAN: ENCODING=UTF-8                                                      
     $PYNASTRAN: NNODES=14494                                                        
     $PYNASTRAN: NELEMENTS=14976                                                     
     NASTRAN PARALLEL=4                                                              
     $EXECUTIVE CONTROL DECK                                                         
1                                                                           OCTOBER  22, 2024  MSC Nastran 12/14/21   PAGE     2
                                                                                                                                    
0        N A S T R A N    E X E C U T I V E    C O N T R O L    E C H O                                                             
0                                                                                                                                   
                                                                                                                                    
                                                                                                                                    
     SOL 106                                                                                 
     $INCLUDE ../../resources/kllrh_eigenvalues_stop.dmap                                    
     $ THIS FILE IS PART OF THE GITHUB REPOSITORY                                            
     $ NONLINEAR-STRUCTURAL-STABILITY-NOTEBOOKS, CREATED BY FRANCESCO M. A.                  
     $ MITROTTA.                                                                             
     $ THE CONTRIBUTION OF MIKE COLEMAN FROM MSC SOFTWARE TO THE DEVELOPMENT                 
     $ OF THIS DMAP PROGRAM IS GREATLY ACKNOWLEDGED.                                         
     $ COPYRIGHT (C) 2024 FRANCESCO MARIO ANTONIO MITROTTA                                   
     $                                                                                       
     $ REDISTRIBUTION AND USE IN SOURCE AND BINARY FORMS, WITH OR WITHOUT                    
     $ MODIFICATION, ARE PERMITTED PROVIDED THAT THE FOLLOWING CONDITIONS ARE                
     $ MET:                                                                                  
     $                                                                                       
     $ 1. REDISTRIBUTIONS OF SOURCE CODE MUST RETAIN THE ABOVE COPYRIGHT                     
     $    NOTICE, THIS LIST OF CONDITIONS AND THE FOLLOWING DISCLAIMER.                      
     $ 2. REDISTRIBUTIONS IN BINARY FORM MUST REPRODUCE THE ABOVE COPYRIGHT                  
     $    NOTICE, THIS LIST OF CONDITIONS AND THE FOLLOWING DISCLAIMER IN THE                
     $    DOCUMENTATION AND/OR OTHER MATERIALS PROVIDED WITH THE                             
     $    DISTRIBUTION.                                                                      
     $ 3. NEITHER THE NAME OF THE COPYRIGHT HOLDER NOR THE NAMES OF ITS                      
     $    CONTRIBUTORS MAY BE USED TO ENDORSE OR PROMOTE PRODUCTS DERIVED                    
     $    FROM THIS SOFTWARE WITHOUT SPECIFIC PRIOR WRITTEN PERMISSION.                      
     $                                                                                       
     $ THIS SOFTWARE IS PROVIDED BY THE COPYRIGHT HOLDERS AND CONTRIBUTORS                   
     $ "AS IS" AND ANY EXPRESS OR IMPLIED WARRANTIES, INCLUDING, BUT NOT                     
     $ LIMITED TO, THE IMPLIED WARRANTIES OF MERCHANTABILITY AND FITNESS FOR                 
     $ A PARTICULAR PURPOSE ARE DISCLAIMED. IN NO EVENT SHALL THE COPYRIGHT                  
     $ HOLDER OR CONTRIBUTORS BE LIABLE FOR ANY DIRECT, INDIRECT, INCIDENTAL,                
     $ SPECIAL, EXEMPLARY, OR CONSEQUENTIAL DAMAGES (INCLUDING, BUT NOT                      
     $ LIMITED TO, PROCUREMENT OF SUBSTITUTE GOODS OR SERVICES; LOSS OF USE,                 
     $ DATA, OR PROFITS; OR BUSINESS INTERRUPTION) HOWEVER CAUSED AND ON ANY                 
     $ THEORY OF LIABILITY, WHETHER IN CONTRACT, STRICT LIABILITY, OR TORT                   
     $ (INCLUDING NEGLIGENCE OR OTHERWISE) ARISING IN ANY WAY OUT OF THE USE                 
     $ OF THIS SOFTWARE, EVEN IF ADVISED OF THE POSSIBILITY OF SUCH DAMAGE.                  
     $                                                                                       
     ECHOOFF $                                                                               
     $END OF INCLUDE FILE ../../resources/kllrh_eigenvalues_stop.dmap                        
     CEND                                                                                    
1                                                                           OCTOBER  22, 2024  MSC Nastran 12/14/21   PAGE     3
                                                                                                                                    
0                                                                                                                                   
0                                        C A S E    C O N T R O L    E C H O                                                        
                 COMMAND                                                                                                            
                 COUNT                                                                                                              
                  1      $CASE CONTROL DECK                                                                      
                  2      DISPLACEMENT(PLOT) = ALL                                                                
                  3      ECHO = NONE                                                                             
                  4      METHOD = 12                                                                             
                  5      NLPARM = 1                                                                              
                  6      NLSTRESS(PLOT) = ALL                                                                    
                  7      OLOAD(PLOT) = ALL                                                                       
                  8      SPC = 1                                                                                 
                  9      SUBCASE 1                                                                               
                 10          LOAD = 11                                                                           
                 11      BEGIN BULK                                                                              
1                                                                           OCTOBER  22, 2024  MSC Nastran 12/14/21   PAGE     4
                                                                                                                                    
0                                                                                                                                   
                                              I N P U T   B U L K   D A T A   E C H O                                               
                 ENTRY                                                                                                              
                 COUNT        .   1  ..   2  ..   3  ..   4  ..   5  ..   6  ..   7  ..   8  ..   9  ..  10  .                      

*** USER WARNING MESSAGE (fn: GETLIN)
    The ENDDATA statement is missing.
1                                                                           OCTOBER  22, 2024  MSC Nastran 12/14/21   PAGE     5
                                                                                                                                    
0                                                                                                                                   
                                        M O D E L   S U M M A R Y          BULK = 0
                                   ENTRY NAME        NUMBER OF ENTRIES
                                   ----------        -----------------
                                       CQUAD4                    14976
                                        EIGRL                        1
                                        FORCE                        1
                                         GRID                    14494
                                         MAT1                        1
                                       NLPARM                        1
                                        NLPCI                        1
                                        PARAM                        5
                                       PSHELL                        1
                                         RBE3                        1
                                         SPC1                        1

 *** USER WARNING MESSAGE 316 (IXTSNLPM)
     ILLEGAL DATA ON BULK DATA ENTRY NLPARM        1: KSTEP = -1 is only allowed for SOL 400 and will be ignored.
 ^^^     
 ^^^ >>> IFP OPERATIONS COMPLETE <<< 
 ^^^     
 *** USER INFORMATION MESSAGE 4109 (OUTPX2)
     THE LABEL IS XXXXXXXX FOR FORTRAN UNIT    12
     (MAXIMUM SIZE OF FORTRAN RECORDS WRITTEN =          7 WORDS.)
           (NUMBER OF FORTRAN RECORDS WRITTEN =         10 RECORDS.)
                (TOTAL DATA WRITTEN FOR LABEL =         21 WORDS.)
 *** USER INFORMATION MESSAGE 4114 (OUTPX2)
     DATA BLOCK GEOM1X   WRITTEN ON FORTRAN UNIT    12 IN BINARY (LTLEND) FORMAT USING NDDL DESCRIPTION FOR GEOM1, TRL =
                    101                 0                 0                 8                 0                 0                 0
     NAME OF DATA BLOCK WRITTEN ON FORTRAN UNIT IS GEOM1   
        (MAXIMUM POSSIBLE FORTRAN RECORD SIZE =       65538 WORDS.)
     (MAXIMUM SIZE OF FORTRAN RECORDS WRITTEN =       65538 WORDS.)
           (NUMBER OF FORTRAN RECORDS WRITTEN =          22 RECORDS.)
           (TOTAL DATA WRITTEN FOR DATA BLOCK =      115994 WORDS.)
 *** USER INFORMATION MESSAGE 4114 (OUTPX2)
     DATA BLOCK GEOM2X   WRITTEN ON FORTRAN UNIT    12 IN BINARY (LTLEND) FORMAT USING NDDL DESCRIPTION FOR GEOM2, TRL =
                    102                 0                 0                 0              8192                 0                 0
     NAME OF DATA BLOCK WRITTEN ON FORTRAN UNIT IS GEOM2   
        (MAXIMUM POSSIBLE FORTRAN RECORD SIZE =       65538 WORDS.)
     (MAXIMUM SIZE OF FORTRAN RECORDS WRITTEN =       65538 WORDS.)
           (NUMBER OF FORTRAN RECORDS WRITTEN =          26 RECORDS.)
           (TOTAL DATA WRITTEN FOR DATA BLOCK =      224684 WORDS.)
 *** USER INFORMATION MESSAGE 4114 (OUTPX2)
     DATA BLOCK GEOM3X   WRITTEN ON FORTRAN UNIT    12 IN BINARY (LTLEND) FORMAT USING NDDL DESCRIPTION FOR GEOM3, TRL =
                    103                 0                 0                64                 0                 0                 0
     NAME OF DATA BLOCK WRITTEN ON FORTRAN UNIT IS GEOM3   
        (MAXIMUM POSSIBLE FORTRAN RECORD SIZE =       65538 WORDS.)
     (MAXIMUM SIZE OF FORTRAN RECORDS WRITTEN =          10 WORDS.)
           (NUMBER OF FORTRAN RECORDS WRITTEN =          20 RECORDS.)
           (TOTAL DATA WRITTEN FOR DATA BLOCK =          48 WORDS.)
1                                                                           OCTOBER  22, 2024  MSC Nastran 12/14/21   PAGE     6
                                                                                                                                    
0                                                                                                                                   
0                                                                                                                                   
                                                                                                                                    
                                                                                                                                    
 *** USER INFORMATION MESSAGE 4114 (OUTPX2)
     DATA BLOCK GEOM4X   WRITTEN ON FORTRAN UNIT    12 IN BINARY (LTLEND) FORMAT USING NDDL DESCRIPTION FOR GEOM4, TRL =
                    104                 0                 0                 0                64               512                 0
     NAME OF DATA BLOCK WRITTEN ON FORTRAN UNIT IS GEOM4   
        (MAXIMUM POSSIBLE FORTRAN RECORD SIZE =       65538 WORDS.)
     (MAXIMUM SIZE OF FORTRAN RECORDS WRITTEN =         190 WORDS.)
           (NUMBER OF FORTRAN RECORDS WRITTEN =          25 RECORDS.)
           (TOTAL DATA WRITTEN FOR DATA BLOCK =         305 WORDS.)
 *** USER INFORMATION MESSAGE 4114 (OUTPX2)
     DATA BLOCK EPTX     WRITTEN ON FORTRAN UNIT    12 IN BINARY (LTLEND) FORMAT USING NDDL DESCRIPTION FOR EPT, TRL =
                    105                 0               512                 0                 0                 0                 0
     NAME OF DATA BLOCK WRITTEN ON FORTRAN UNIT IS EPT     
        (MAXIMUM POSSIBLE FORTRAN RECORD SIZE =       65538 WORDS.)
     (MAXIMUM SIZE OF FORTRAN RECORDS WRITTEN =          14 WORDS.)
           (NUMBER OF FORTRAN RECORDS WRITTEN =          20 RECORDS.)
           (TOTAL DATA WRITTEN FOR DATA BLOCK =          52 WORDS.)
 *** USER INFORMATION MESSAGE 4114 (OUTPX2)
     DATA BLOCK MPTS     WRITTEN ON FORTRAN UNIT    12 IN BINARY (LTLEND) FORMAT USING NDDL DESCRIPTION FOR MPT, TRL =
                    101             32768                 5                 0                 0                 0                 0
     NAME OF DATA BLOCK WRITTEN ON FORTRAN UNIT IS MPT     
        (MAXIMUM POSSIBLE FORTRAN RECORD SIZE =       65538 WORDS.)
     (MAXIMUM SIZE OF FORTRAN RECORDS WRITTEN =          23 WORDS.)
           (NUMBER OF FORTRAN RECORDS WRITTEN =          30 RECORDS.)
           (TOTAL DATA WRITTEN FOR DATA BLOCK =          95 WORDS.)
 *** USER INFORMATION MESSAGE 4114 (OUTPX2)
     DATA BLOCK DYNAMICS WRITTEN ON FORTRAN UNIT    12 IN BINARY (LTLEND) FORMAT USING NDDL DESCRIPTION FOR DYNAMICS, TRL =
                    103               256                 0                 0                 0                 0                 0
     NAME OF DATA BLOCK WRITTEN ON FORTRAN UNIT IS DYNAMICS
        (MAXIMUM POSSIBLE FORTRAN RECORD SIZE =       65538 WORDS.)
     (MAXIMUM SIZE OF FORTRAN RECORDS WRITTEN =          30 WORDS.)
           (NUMBER OF FORTRAN RECORDS WRITTEN =          20 RECORDS.)
           (TOTAL DATA WRITTEN FOR DATA BLOCK =          68 WORDS.)
 *** USER INFORMATION MESSAGE 4114 (OUTPX2)
     DATA BLOCK CASESO   WRITTEN ON FORTRAN UNIT    12 IN BINARY (LTLEND) FORMAT USING NDDL DESCRIPTION FOR CASECC, TRL =
                    101                 1                 0              1000                 0                 0                 0
     NAME OF DATA BLOCK WRITTEN ON FORTRAN UNIT IS CASECC  
        (MAXIMUM POSSIBLE FORTRAN RECORD SIZE =       65538 WORDS.)
     (MAXIMUM SIZE OF FORTRAN RECORDS WRITTEN =        1000 WORDS.)
           (NUMBER OF FORTRAN RECORDS WRITTEN =          15 RECORDS.)
           (TOTAL DATA WRITTEN FOR DATA BLOCK =        1031 WORDS.)
1                                                                           OCTOBER  22, 2024  MSC Nastran 12/14/21   PAGE     7
                                                                                                                                    
0                                                                                                                                   
 *** USER INFORMATION MESSAGE 7310 (VECPRN)
     ORIGIN OF SUPERELEMENT OR MODULE BASIC COORDINATE SYSTEM WILL BE USED AS REFERENCE LOCATION.
     RESULTANTS ABOUT ORIGIN OF SUPERELEMENT OR MODULE BASIC COORDINATE SYSTEM IN SUPERELEMENT OR MODULE
     BASIC SYSTEM COORDINATES.
0                                                  OLOAD    RESULTANT       
  SUBCASE/    LOAD
  DAREA ID    TYPE       T1            T2            T3            R1            R2            R3
0        1     FX    0.000000E+00     ----          ----          ----       0.000000E+00  0.000000E+00                             
               FY       ----       0.000000E+00     ----       0.000000E+00     ----       0.000000E+00                             
               FZ       ----          ----       1.251700E+04  3.677495E+08 -2.134148E+07     ----                                  
               MX       ----          ----          ----       0.000000E+00     ----          ----                                  
               MY       ----          ----          ----          ----       0.000000E+00     ----                                  
               MZ       ----          ----          ----          ----          ----       0.000000E+00                             
             TOTALS  0.000000E+00  0.000000E+00  1.251700E+04  3.677495E+08 -2.134148E+07  0.000000E+00
1                                                                           OCTOBER  22, 2024  MSC Nastran 12/14/21   PAGE     8
                                                                                                                                    
0                                                                                                                                   
0                             N O N - L I N E A R   I T E R A T I O N   M O D U L E   O U T P U T

     STIFFNESS UPDATE TIME          0.75 SECONDS                                                               SUBCASE        1
            ITERATION TIME          0.05 SECONDS                                                        LOAD FACTOR   0.1000000

                        - - - CONVERGENCE  FACTORS - - -                      - - - LINE SEARCH DATA - - -
0ITERATION      EUI         EPI         EWI      LAMBDA       DLMAG       FACTOR     E-FIRST     E-FINAL   NQNV  NLS  ENIC  NDV  MDV

         1  9.9000E+01  3.3180E+01  3.3180E+01  1.0000E-01  9.6866E-01  1.0000E+00 -1.2476E-03 -1.2476E-03    0    0          0    1
 *** USER INFORMATION MESSAGE 4550 (NCONVG)
     *** NEW STIFFNESS MATRIX IS REQUIRED ***
 ^^^     
 *** USER INFORMATION MESSAGE 22713 (SUBDMAP SEKDR)
     PARAMETER EXCLUDE IS NOT DEFINED DIFFERENTIAL STIFFNESS IS COMPUTED FOR ALL ELEMENTS.
 ^^^     
1                                                                           OCTOBER  22, 2024  MSC Nastran 12/14/21   PAGE     9
                                                                                                                                    
0                                                                                                                                   
0                             N O N - L I N E A R   I T E R A T I O N   M O D U L E   O U T P U T

     STIFFNESS UPDATE TIME          1.00 SECONDS                                                               SUBCASE        1
            ITERATION TIME          0.06 SECONDS                                                        LOAD FACTOR   0.0999999

                        - - - CONVERGENCE  FACTORS - - -                      - - - LINE SEARCH DATA - - -
0ITERATION      EUI         EPI         EWI      LAMBDA       DLMAG       FACTOR     E-FIRST     E-FINAL   NQNV  NLS  ENIC  NDV  MDV

         2  3.4942E-02  5.1588E-06  2.0726E-09  1.0000E-01  4.3291E-06  1.0000E+00  2.4883E-07  2.4883E-07    0    0          0    1
 *** USER INFORMATION MESSAGE 4550 (NCONVG)
     *** NEW STIFFNESS MATRIX IS REQUIRED ***
 ^^^     
 *** USER INFORMATION MESSAGE 22713 (SUBDMAP SEKDR)
     PARAMETER EXCLUDE IS NOT DEFINED DIFFERENTIAL STIFFNESS IS COMPUTED FOR ALL ELEMENTS.
 ^^^     
1                                                                           OCTOBER  22, 2024  MSC Nastran 12/14/21   PAGE    10
                                                                                                                                    
0                                                                                                                                   
0                             N O N - L I N E A R   I T E R A T I O N   M O D U L E   O U T P U T

     STIFFNESS UPDATE TIME          0.86 SECONDS                                                               SUBCASE        1
            ITERATION TIME          0.05 SECONDS                                                        LOAD FACTOR   0.0999999

                        - - - CONVERGENCE  FACTORS - - -                      - - - LINE SEARCH DATA - - -
0ITERATION      EUI         EPI         EWI      LAMBDA       DLMAG       FACTOR     E-FIRST     E-FINAL   NQNV  NLS  ENIC  NDV  MDV

         3  2.6880E-07  3.9680E-07  1.5059E-15  1.0000E-01  2.2140E-07  1.0000E+00  0.0000E+00  0.0000E+00    0    0          0    1
 *** USER INFORMATION MESSAGE 6186 (NCONVG)
     *** SOLUTION HAS CONVERGED ***
         SUBID    1     LOOPID    1     LOAD STEP    0.100     LOAD FACTOR 0.09999991

     *** NEW STIFFNESS MATRIX IS REQUIRED ***

 *** USER INFORMATION MESSAGE 9005 (SUBDMAP NLSTATIC)
     THE SOLUTION FOR LOOPID= 1 IS SAVED FOR RESTART
 ^^^     
 *** USER INFORMATION MESSAGE 22713 (SUBDMAP SEKDR)
     PARAMETER EXCLUDE IS NOT DEFINED DIFFERENTIAL STIFFNESS IS COMPUTED FOR ALL ELEMENTS.
 ^^^     
 *** USER INFORMATION MESSAGE 5010 (LNCILS)
     STURM SEQUENCE DATA FOR EIGENVALUE EXTRACTION.
     TRIAL EIGENVALUE = -3.947842D+65, CYCLES = 1.000000D+32 THE STURM COUNT = 0
 *** USER INFORMATION MESSAGE 5010 (LNCILS)
     STURM SEQUENCE DATA FOR EIGENVALUE EXTRACTION.
     TRIAL EIGENVALUE = 1.000000D+02, CYCLES = 1.591549D+00 THE STURM COUNT = 416
 *** USER INFORMATION MESSAGE 5010 (LNCILS)
     STURM SEQUENCE DATA FOR EIGENVALUE EXTRACTION.
     TRIAL EIGENVALUE = 9.931064D-03, CYCLES = 1.586054D-02 THE STURM COUNT = 0
 *** USER INFORMATION MESSAGE 5010 (LNCILS)
     STURM SEQUENCE DATA FOR EIGENVALUE EXTRACTION.
     TRIAL EIGENVALUE = 1.127354D+01, CYCLES = 5.343801D-01 THE STURM COUNT = 12
 *** USER INFORMATION MESSAGE 5010 (LNCILS)
     STURM SEQUENCE DATA FOR EIGENVALUE EXTRACTION.
     TRIAL EIGENVALUE = 1.246338D+01, CYCLES = 5.618729D-01 THE STURM COUNT = 20
 ^^^     
 ^^^NLOOP = 1          
 ^^^KLLRH EIGENVALUE    1          =  2.073276E-02   
 ^^^KLLRH EIGENVALUE    2          =  2.045577E-01   
 ^^^KLLRH EIGENVALUE    3          =  7.174671E-01   
 ^^^KLLRH EIGENVALUE    4          =  3.128684E+00   
 ^^^KLLRH EIGENVALUE    5          =  4.451922E+00   
 ^^^KLLRH EIGENVALUE    6          =  6.737910E+00   
 ^^^KLLRH EIGENVALUE    7          =  1.054451E+01   
 ^^^KLLRH EIGENVALUE    8          =  1.073732E+01   
 ^^^KLLRH EIGENVALUE    9          =  1.086420E+01   
 ^^^KLLRH EIGENVALUE    10         =  1.099010E+01   
 ^^^KLLRH EIGENVALUE    11         =  1.115920E+01   
 ^^^KLLRH EIGENVALUE    12         =  1.118445E+01   
 ^^^KLLRH EIGENVALUE    13         =  1.136184E+01   
 ^^^KLLRH EIGENVALUE    14         =  1.159165E+01   
 ^^^KLLRH EIGENVALUE    15         =  1.184526E+01   
 ^^^KLLRH EIGENVALUE    16         =  1.211749E+01   
 ^^^KLLRH EIGENVALUE    17         =  1.217664E+01   
 ^^^KLLRH EIGENVALUE    18         =  1.234380E+01   
 ^^^KLLRH EIGENVALUE    19         =  1.240964E+01   
 ^^^KLLRH EIGENVALUE    20         =  1.241956E+01   
1                                                                           OCTOBER  22, 2024  MSC Nastran 12/14/21   PAGE    11
                                                                                                                                    
0                                                                                                                                   
0                             N O N - L I N E A R   I T E R A T I O N   M O D U L E   O U T P U T

     STIFFNESS UPDATE TIME          5.97 SECONDS                                                               SUBCASE        1
            ITERATION TIME          0.09 SECONDS                                                        LOAD FACTOR   0.2154696

                        - - - CONVERGENCE  FACTORS - - -                      - - - LINE SEARCH DATA - - -
0ITERATION      EUI         EPI         EWI      LAMBDA       DLMAG       FACTOR     E-FIRST     E-FINAL   NQNV  NLS  ENIC  NDV  MDV

         1  5.3054E+01  4.4240E+01  2.3708E+01  1.0000E-01  1.2920E+00  1.0000E+00 -1.6605E-03 -1.6605E-03    0    0          0    1
 *** USER INFORMATION MESSAGE 4550 (NCONVG)
     *** NEW STIFFNESS MATRIX IS REQUIRED ***
 ^^^     
 *** USER INFORMATION MESSAGE 22713 (SUBDMAP SEKDR)
     PARAMETER EXCLUDE IS NOT DEFINED DIFFERENTIAL STIFFNESS IS COMPUTED FOR ALL ELEMENTS.
 ^^^     
1                                                                           OCTOBER  22, 2024  MSC Nastran 12/14/21   PAGE    12
                                                                                                                                    
0                                                                                                                                   
0                             N O N - L I N E A R   I T E R A T I O N   M O D U L E   O U T P U T

     STIFFNESS UPDATE TIME          1.59 SECONDS                                                               SUBCASE        1
            ITERATION TIME          0.06 SECONDS                                                        LOAD FACTOR   0.2154691

                        - - - CONVERGENCE  FACTORS - - -                      - - - LINE SEARCH DATA - - -
0ITERATION      EUI         EPI         EWI      LAMBDA       DLMAG       FACTOR     E-FIRST     E-FINAL   NQNV  NLS  ENIC  NDV  MDV

         2  2.1631E-02  9.1292E-06  1.7884E-09  1.0000E-01  9.2124E-06  1.0000E+00  3.4855E-07  3.4855E-07    0    0          0    1
 *** USER INFORMATION MESSAGE 4550 (NCONVG)
     *** NEW STIFFNESS MATRIX IS REQUIRED ***
 ^^^     
 *** USER INFORMATION MESSAGE 22713 (SUBDMAP SEKDR)
     PARAMETER EXCLUDE IS NOT DEFINED DIFFERENTIAL STIFFNESS IS COMPUTED FOR ALL ELEMENTS.
 ^^^     
1                                                                           OCTOBER  22, 2024  MSC Nastran 12/14/21   PAGE    13
                                                                                                                                    
0                                                                                                                                   
0                             N O N - L I N E A R   I T E R A T I O N   M O D U L E   O U T P U T

     STIFFNESS UPDATE TIME          1.58 SECONDS                                                               SUBCASE        1
            ITERATION TIME          0.08 SECONDS                                                        LOAD FACTOR   0.2154691

                        - - - CONVERGENCE  FACTORS - - -                      - - - LINE SEARCH DATA - - -
0ITERATION      EUI         EPI         EWI      LAMBDA       DLMAG       FACTOR     E-FIRST     E-FINAL   NQNV  NLS  ENIC  NDV  MDV

         3  2.6237E-07  4.0554E-07  1.4437E-15  1.0000E-01  2.2173E-07  1.0000E+00  0.0000E+00  0.0000E+00    0    0          0    1
 *** USER INFORMATION MESSAGE 6186 (NCONVG)
     *** SOLUTION HAS CONVERGED ***
         SUBID    1     LOOPID    2     LOAD STEP    0.215     LOAD FACTOR 0.21546911

     *** NEW STIFFNESS MATRIX IS REQUIRED ***

 *** USER INFORMATION MESSAGE 9005 (SUBDMAP NLSTATIC)
     THE SOLUTION FOR LOOPID= 2 IS SAVED FOR RESTART
 ^^^     
 *** USER INFORMATION MESSAGE 22713 (SUBDMAP SEKDR)
     PARAMETER EXCLUDE IS NOT DEFINED DIFFERENTIAL STIFFNESS IS COMPUTED FOR ALL ELEMENTS.
 ^^^     
 *** USER INFORMATION MESSAGE 5010 (LNCILS)
     STURM SEQUENCE DATA FOR EIGENVALUE EXTRACTION.
     TRIAL EIGENVALUE = -3.947842D+65, CYCLES = 1.000000D+32 THE STURM COUNT = 0
 *** USER INFORMATION MESSAGE 5010 (LNCILS)
     STURM SEQUENCE DATA FOR EIGENVALUE EXTRACTION.
     TRIAL EIGENVALUE = 1.000000D+02, CYCLES = 1.591549D+00 THE STURM COUNT = 416
 *** USER INFORMATION MESSAGE 5010 (LNCILS)
     STURM SEQUENCE DATA FOR EIGENVALUE EXTRACTION.
     TRIAL EIGENVALUE = 9.931343D-03, CYCLES = 1.586077D-02 THE STURM COUNT = 0
 *** USER INFORMATION MESSAGE 5010 (LNCILS)
     STURM SEQUENCE DATA FOR EIGENVALUE EXTRACTION.
     TRIAL EIGENVALUE = 1.229529D+01, CYCLES = 5.580710D-01 THE STURM COUNT = 21
 ^^^     
 ^^^NLOOP = 2          
 ^^^KLLRH EIGENVALUE    1          =  2.073251E-02   
 ^^^KLLRH EIGENVALUE    2          =  2.045570E-01   
 ^^^KLLRH EIGENVALUE    3          =  7.174312E-01   
 ^^^KLLRH EIGENVALUE    4          =  3.128401E+00   
 ^^^KLLRH EIGENVALUE    5          =  4.450214E+00   
 ^^^KLLRH EIGENVALUE    6          =  6.737860E+00   
 ^^^KLLRH EIGENVALUE    7          =  9.642457E+00   
 ^^^KLLRH EIGENVALUE    8          =  1.000964E+01   
 ^^^KLLRH EIGENVALUE    9          =  1.030046E+01   
 ^^^KLLRH EIGENVALUE    10         =  1.054538E+01   
 ^^^KLLRH EIGENVALUE    11         =  1.075038E+01   
 ^^^KLLRH EIGENVALUE    12         =  1.092117E+01   
 ^^^KLLRH EIGENVALUE    13         =  1.110412E+01   
 ^^^KLLRH EIGENVALUE    14         =  1.115204E+01   
 ^^^KLLRH EIGENVALUE    15         =  1.132269E+01   
 ^^^KLLRH EIGENVALUE    16         =  1.156039E+01   
 ^^^KLLRH EIGENVALUE    17         =  1.181243E+01   
 ^^^KLLRH EIGENVALUE    18         =  1.184354E+01   
 ^^^KLLRH EIGENVALUE    19         =  1.206190E+01   
 ^^^KLLRH EIGENVALUE    20         =  1.223858E+01   
1                                                                           OCTOBER  22, 2024  MSC Nastran 12/14/21   PAGE    14
                                                                                                                                    
0                                                                                                                                   
0                             N O N - L I N E A R   I T E R A T I O N   M O D U L E   O U T P U T

     STIFFNESS UPDATE TIME          7.14 SECONDS                                                               SUBCASE        1
            ITERATION TIME          0.09 SECONDS                                                        LOAD FACTOR   0.3488006

                        - - - CONVERGENCE  FACTORS - - -                      - - - LINE SEARCH DATA - - -
0ITERATION      EUI         EPI         EWI      LAMBDA       DLMAG       FACTOR     E-FIRST     E-FINAL   NQNV  NLS  ENIC  NDV  MDV

         1  3.7844E+01  5.8989E+01  2.2549E+01  1.0000E-01  1.7242E+00  1.0000E+00 -2.2104E-03 -2.2104E-03    0    0          0    1
 *** USER INFORMATION MESSAGE 4550 (NCONVG)
     *** NEW STIFFNESS MATRIX IS REQUIRED ***
 ^^^     
 *** USER INFORMATION MESSAGE 22713 (SUBDMAP SEKDR)
     PARAMETER EXCLUDE IS NOT DEFINED DIFFERENTIAL STIFFNESS IS COMPUTED FOR ALL ELEMENTS.
 ^^^     
1                                                                           OCTOBER  22, 2024  MSC Nastran 12/14/21   PAGE    15
                                                                                                                                    
0                                                                                                                                   
0                             N O N - L I N E A R   I T E R A T I O N   M O D U L E   O U T P U T

     STIFFNESS UPDATE TIME          1.56 SECONDS                                                               SUBCASE        1
            ITERATION TIME          0.09 SECONDS                                                        LOAD FACTOR   0.3487992

                        - - - CONVERGENCE  FACTORS - - -                      - - - LINE SEARCH DATA - - -
0ITERATION      EUI         EPI         EWI      LAMBDA       DLMAG       FACTOR     E-FIRST     E-FINAL   NQNV  NLS  ENIC  NDV  MDV

         2  1.7836E-02  1.6824E-05  2.3497E-09  1.0000E-01  2.0233E-05  1.0000E+00  5.3010E-07  5.3010E-07    0    0          0    1
 *** USER INFORMATION MESSAGE 4550 (NCONVG)
     *** NEW STIFFNESS MATRIX IS REQUIRED ***
 ^^^     
 *** USER INFORMATION MESSAGE 22713 (SUBDMAP SEKDR)
     PARAMETER EXCLUDE IS NOT DEFINED DIFFERENTIAL STIFFNESS IS COMPUTED FOR ALL ELEMENTS.
 ^^^     
1                                                                           OCTOBER  22, 2024  MSC Nastran 12/14/21   PAGE    16
                                                                                                                                    
0                                                                                                                                   
0                             N O N - L I N E A R   I T E R A T I O N   M O D U L E   O U T P U T

     STIFFNESS UPDATE TIME          1.58 SECONDS                                                               SUBCASE        1
            ITERATION TIME          0.09 SECONDS                                                        LOAD FACTOR   0.3487992

                        - - - CONVERGENCE  FACTORS - - -                      - - - LINE SEARCH DATA - - -
0ITERATION      EUI         EPI         EWI      LAMBDA       DLMAG       FACTOR     E-FIRST     E-FINAL   NQNV  NLS  ENIC  NDV  MDV

         3  3.7463E-07  3.9712E-07  2.1356E-15  1.0000E-01  2.2592E-07  1.0000E+00  0.0000E+00  0.0000E+00    0    0          0    1
 *** USER INFORMATION MESSAGE 6186 (NCONVG)
     *** SOLUTION HAS CONVERGED ***
         SUBID    1     LOOPID    3     LOAD STEP    0.349     LOAD FACTOR 0.34879923

     *** NEW STIFFNESS MATRIX IS REQUIRED ***

 *** USER INFORMATION MESSAGE 9005 (SUBDMAP NLSTATIC)
     THE SOLUTION FOR LOOPID= 3 IS SAVED FOR RESTART
 ^^^     
 *** USER INFORMATION MESSAGE 22713 (SUBDMAP SEKDR)
     PARAMETER EXCLUDE IS NOT DEFINED DIFFERENTIAL STIFFNESS IS COMPUTED FOR ALL ELEMENTS.
 ^^^     
 *** USER INFORMATION MESSAGE 5010 (LNCILS)
     STURM SEQUENCE DATA FOR EIGENVALUE EXTRACTION.
     TRIAL EIGENVALUE = -3.947842D+65, CYCLES = 1.000000D+32 THE STURM COUNT = 0
 *** USER INFORMATION MESSAGE 5010 (LNCILS)
     STURM SEQUENCE DATA FOR EIGENVALUE EXTRACTION.
     TRIAL EIGENVALUE = 1.000000D+02, CYCLES = 1.591549D+00 THE STURM COUNT = 415
 *** USER INFORMATION MESSAGE 5010 (LNCILS)
     STURM SEQUENCE DATA FOR EIGENVALUE EXTRACTION.
     TRIAL EIGENVALUE = 9.931921D-03, CYCLES = 1.586123D-02 THE STURM COUNT = 0
 *** USER INFORMATION MESSAGE 5010 (LNCILS)
     STURM SEQUENCE DATA FOR EIGENVALUE EXTRACTION.
     TRIAL EIGENVALUE = 1.151051D+01, CYCLES = 5.399673D-01 THE STURM COUNT = 20
 ^^^     
 ^^^NLOOP = 3          
 ^^^KLLRH EIGENVALUE    1          =  2.073196E-02   
 ^^^KLLRH EIGENVALUE    2          =  2.045553E-01   
 ^^^KLLRH EIGENVALUE    3          =  7.173554E-01   
 ^^^KLLRH EIGENVALUE    4          =  3.127804E+00   
 ^^^KLLRH EIGENVALUE    5          =  4.446579E+00   
 ^^^KLLRH EIGENVALUE    6          =  6.737747E+00   
 ^^^KLLRH EIGENVALUE    7          =  8.395960E+00   
 ^^^KLLRH EIGENVALUE    8          =  8.892990E+00   
 ^^^KLLRH EIGENVALUE    9          =  9.296410E+00   
 ^^^KLLRH EIGENVALUE    10         =  9.640008E+00   
 ^^^KLLRH EIGENVALUE    11         =  9.943689E+00   
 ^^^KLLRH EIGENVALUE    12         =  1.021659E+01   
 ^^^KLLRH EIGENVALUE    13         =  1.046281E+01   
 ^^^KLLRH EIGENVALUE    14         =  1.068104E+01   
 ^^^KLLRH EIGENVALUE    15         =  1.087126E+01   
 ^^^KLLRH EIGENVALUE    16         =  1.087255E+01   
 ^^^KLLRH EIGENVALUE    17         =  1.100077E+01   
 ^^^KLLRH EIGENVALUE    18         =  1.112833E+01   
 ^^^KLLRH EIGENVALUE    19         =  1.133738E+01   
 ^^^KLLRH EIGENVALUE    20         =  1.146530E+01   
1                                                                           OCTOBER  22, 2024  MSC Nastran 12/14/21   PAGE    17
                                                                                                                                    
0                                                                                                                                   
0                             N O N - L I N E A R   I T E R A T I O N   M O D U L E   O U T P U T

     STIFFNESS UPDATE TIME          5.67 SECONDS                                                               SUBCASE        1
            ITERATION TIME          0.09 SECONDS                                                        LOAD FACTOR   0.5027536

                        - - - CONVERGENCE  FACTORS - - -                      - - - LINE SEARCH DATA - - -
0ITERATION      EUI         EPI         EWI      LAMBDA       DLMAG       FACTOR     E-FIRST     E-FINAL   NQNV  NLS  ENIC  NDV  MDV

         1  3.0317E+01  7.8654E+01  2.4086E+01  1.0000E-01  2.3024E+00  1.0000E+00 -2.9416E-03 -2.9416E-03    0    0          0    1
 *** USER INFORMATION MESSAGE 4550 (NCONVG)
     *** NEW STIFFNESS MATRIX IS REQUIRED ***
 ^^^     
 *** USER INFORMATION MESSAGE 22713 (SUBDMAP SEKDR)
     PARAMETER EXCLUDE IS NOT DEFINED DIFFERENTIAL STIFFNESS IS COMPUTED FOR ALL ELEMENTS.
 ^^^     
1                                                                           OCTOBER  22, 2024  MSC Nastran 12/14/21   PAGE    18
                                                                                                                                    
0                                                                                                                                   
0                             N O N - L I N E A R   I T E R A T I O N   M O D U L E   O U T P U T

     STIFFNESS UPDATE TIME          1.59 SECONDS                                                               SUBCASE        1
            ITERATION TIME          0.09 SECONDS                                                        LOAD FACTOR   0.5027503

                        - - - CONVERGENCE  FACTORS - - -                      - - - LINE SEARCH DATA - - -
0ITERATION      EUI         EPI         EWI      LAMBDA       DLMAG       FACTOR     E-FIRST     E-FINAL   NQNV  NLS  ENIC  NDV  MDV

         2  1.6537E-02  3.3030E-05  4.1769E-09  1.0000E-01  4.9546E-05  1.0000E+00  9.0984E-07  9.0984E-07    0    0          0    1
 *** USER INFORMATION MESSAGE 4550 (NCONVG)
     *** NEW STIFFNESS MATRIX IS REQUIRED ***
 ^^^     
 *** USER INFORMATION MESSAGE 22713 (SUBDMAP SEKDR)
     PARAMETER EXCLUDE IS NOT DEFINED DIFFERENTIAL STIFFNESS IS COMPUTED FOR ALL ELEMENTS.
 ^^^     
1                                                                           OCTOBER  22, 2024  MSC Nastran 12/14/21   PAGE    19
                                                                                                                                    
0                                                                                                                                   
0                             N O N - L I N E A R   I T E R A T I O N   M O D U L E   O U T P U T

     STIFFNESS UPDATE TIME          1.58 SECONDS                                                               SUBCASE        1
            ITERATION TIME          0.11 SECONDS                                                        LOAD FACTOR   0.5027503

                        - - - CONVERGENCE  FACTORS - - -                      - - - LINE SEARCH DATA - - -
0ITERATION      EUI         EPI         EWI      LAMBDA       DLMAG       FACTOR     E-FIRST     E-FINAL   NQNV  NLS  ENIC  NDV  MDV

         3  7.0710E-07  4.2118E-07  4.2850E-15  1.0000E-01  2.3386E-07  1.0000E+00  0.0000E+00  0.0000E+00    0    0          0    1
 *** USER INFORMATION MESSAGE 6186 (NCONVG)
     *** SOLUTION HAS CONVERGED ***
         SUBID    1     LOOPID    4     LOAD STEP    0.503     LOAD FACTOR 0.50275027

     *** NEW STIFFNESS MATRIX IS REQUIRED ***

 *** USER INFORMATION MESSAGE 9005 (SUBDMAP NLSTATIC)
     THE SOLUTION FOR LOOPID= 4 IS SAVED FOR RESTART
 ^^^     
 *** USER INFORMATION MESSAGE 22713 (SUBDMAP SEKDR)
     PARAMETER EXCLUDE IS NOT DEFINED DIFFERENTIAL STIFFNESS IS COMPUTED FOR ALL ELEMENTS.
 ^^^     
 *** USER INFORMATION MESSAGE 5010 (LNCILS)
     STURM SEQUENCE DATA FOR EIGENVALUE EXTRACTION.
     TRIAL EIGENVALUE = -3.947842D+65, CYCLES = 1.000000D+32 THE STURM COUNT = 0
 *** USER INFORMATION MESSAGE 5010 (LNCILS)
     STURM SEQUENCE DATA FOR EIGENVALUE EXTRACTION.
     TRIAL EIGENVALUE = 1.000000D+02, CYCLES = 1.591549D+00 THE STURM COUNT = 416
 *** USER INFORMATION MESSAGE 5010 (LNCILS)
     STURM SEQUENCE DATA FOR EIGENVALUE EXTRACTION.
     TRIAL EIGENVALUE = 9.932927D-03, CYCLES = 1.586203D-02 THE STURM COUNT = 0
 *** USER INFORMATION MESSAGE 5010 (LNCILS)
     STURM SEQUENCE DATA FOR EIGENVALUE EXTRACTION.
     TRIAL EIGENVALUE = 1.075281D+01, CYCLES = 5.218925D-01 THE STURM COUNT = 20
 ^^^     
 ^^^NLOOP = 4          
 ^^^KLLRH EIGENVALUE    1          =  2.073086E-02   
 ^^^KLLRH EIGENVALUE    2          =  2.045518E-01   
 ^^^KLLRH EIGENVALUE    3          =  7.172171E-01   
 ^^^KLLRH EIGENVALUE    4          =  3.126718E+00   
 ^^^KLLRH EIGENVALUE    5          =  4.439856E+00   
 ^^^KLLRH EIGENVALUE    6          =  6.737502E+00   
 ^^^KLLRH EIGENVALUE    7          =  6.758198E+00   
 ^^^KLLRH EIGENVALUE    8          =  7.421674E+00   
 ^^^KLLRH EIGENVALUE    9          =  7.931901E+00   
 ^^^KLLRH EIGENVALUE    10         =  8.357772E+00   
 ^^^KLLRH EIGENVALUE    11         =  8.735452E+00   
 ^^^KLLRH EIGENVALUE    12         =  9.080297E+00   
 ^^^KLLRH EIGENVALUE    13         =  9.404823E+00   
 ^^^KLLRH EIGENVALUE    14         =  9.575681E+00   
 ^^^KLLRH EIGENVALUE    15         =  9.719352E+00   
 ^^^KLLRH EIGENVALUE    16         =  1.003094E+01   
 ^^^KLLRH EIGENVALUE    17         =  1.030754E+01   
 ^^^KLLRH EIGENVALUE    18         =  1.033668E+01   
 ^^^KLLRH EIGENVALUE    19         =  1.040095E+01   
 ^^^KLLRH EIGENVALUE    20         =  1.063576E+01   
1                                                                           OCTOBER  22, 2024  MSC Nastran 12/14/21   PAGE    20
                                                                                                                                    
0                                                                                                                                   
0                             N O N - L I N E A R   I T E R A T I O N   M O D U L E   O U T P U T

     STIFFNESS UPDATE TIME          5.67 SECONDS                                                               SUBCASE        1
            ITERATION TIME          0.09 SECONDS                                                        LOAD FACTOR   0.6805130

                        - - - CONVERGENCE  FACTORS - - -                      - - - LINE SEARCH DATA - - -
0ITERATION      EUI         EPI         EWI      LAMBDA       DLMAG       FACTOR     E-FIRST     E-FINAL   NQNV  NLS  ENIC  NDV  MDV

         1  2.5863E+01  1.0488E+02  2.7397E+01  1.0000E-01  3.0777E+00  1.0000E+00 -3.9117E-03 -3.9117E-03    0    0          0    1
 *** USER INFORMATION MESSAGE 4550 (NCONVG)
     *** NEW STIFFNESS MATRIX IS REQUIRED ***
 ^^^     
 *** USER INFORMATION MESSAGE 22713 (SUBDMAP SEKDR)
     PARAMETER EXCLUDE IS NOT DEFINED DIFFERENTIAL STIFFNESS IS COMPUTED FOR ALL ELEMENTS.
 ^^^     
1                                                                           OCTOBER  22, 2024  MSC Nastran 12/14/21   PAGE    21
                                                                                                                                    
0                                                                                                                                   
0                             N O N - L I N E A R   I T E R A T I O N   M O D U L E   O U T P U T

     STIFFNESS UPDATE TIME          1.61 SECONDS                                                               SUBCASE        1
            ITERATION TIME          0.09 SECONDS                                                        LOAD FACTOR   0.6805051

                        - - - CONVERGENCE  FACTORS - - -                      - - - LINE SEARCH DATA - - -
0ITERATION      EUI         EPI         EWI      LAMBDA       DLMAG       FACTOR     E-FIRST     E-FINAL   NQNV  NLS  ENIC  NDV  MDV

         2  1.6375E-02  7.3393E-05  1.0029E-08  1.0000E-01  1.5224E-04  1.0000E+00  1.8809E-06  1.8809E-06    0    0          0    1
 *** USER INFORMATION MESSAGE 4550 (NCONVG)
     *** NEW STIFFNESS MATRIX IS REQUIRED ***
 ^^^     
 *** USER INFORMATION MESSAGE 22713 (SUBDMAP SEKDR)
     PARAMETER EXCLUDE IS NOT DEFINED DIFFERENTIAL STIFFNESS IS COMPUTED FOR ALL ELEMENTS.
 ^^^     
1                                                                           OCTOBER  22, 2024  MSC Nastran 12/14/21   PAGE    22
                                                                                                                                    
0                                                                                                                                   
0                             N O N - L I N E A R   I T E R A T I O N   M O D U L E   O U T P U T

     STIFFNESS UPDATE TIME          1.59 SECONDS                                                               SUBCASE        1
            ITERATION TIME          0.08 SECONDS                                                        LOAD FACTOR   0.6805051

                        - - - CONVERGENCE  FACTORS - - -                      - - - LINE SEARCH DATA - - -
0ITERATION      EUI         EPI         EWI      LAMBDA       DLMAG       FACTOR     E-FIRST     E-FINAL   NQNV  NLS  ENIC  NDV  MDV

         3  1.8807E-06  4.2525E-07  1.1795E-14  1.0000E-01  2.6179E-07  1.0000E+00  0.0000E+00  0.0000E+00    0    0          0    1
 *** USER INFORMATION MESSAGE 6186 (NCONVG)
     *** SOLUTION HAS CONVERGED ***
         SUBID    1     LOOPID    5     LOAD STEP    0.681     LOAD FACTOR 0.68050507

     *** NEW STIFFNESS MATRIX IS REQUIRED ***

 *** USER INFORMATION MESSAGE 9005 (SUBDMAP NLSTATIC)
     THE SOLUTION FOR LOOPID= 5 IS SAVED FOR RESTART
 ^^^     
 *** USER INFORMATION MESSAGE 22713 (SUBDMAP SEKDR)
     PARAMETER EXCLUDE IS NOT DEFINED DIFFERENTIAL STIFFNESS IS COMPUTED FOR ALL ELEMENTS.
 ^^^     
 *** USER INFORMATION MESSAGE 5010 (LNCILS)
     STURM SEQUENCE DATA FOR EIGENVALUE EXTRACTION.
     TRIAL EIGENVALUE = -3.947842D+65, CYCLES = 1.000000D+32 THE STURM COUNT = 0
 *** USER INFORMATION MESSAGE 5010 (LNCILS)
     STURM SEQUENCE DATA FOR EIGENVALUE EXTRACTION.
     TRIAL EIGENVALUE = 1.000000D+02, CYCLES = 1.591549D+00 THE STURM COUNT = 415
 *** USER INFORMATION MESSAGE 5010 (LNCILS)
     STURM SEQUENCE DATA FOR EIGENVALUE EXTRACTION.
     TRIAL EIGENVALUE = 9.934541D-03, CYCLES = 1.586332D-02 THE STURM COUNT = 0
 *** USER INFORMATION MESSAGE 5010 (LNCILS)
     STURM SEQUENCE DATA FOR EIGENVALUE EXTRACTION.
     TRIAL EIGENVALUE = 9.620494D+00, CYCLES = 4.936496D-01 THE STURM COUNT = 20
 ^^^     
 ^^^NLOOP = 5          
 ^^^KLLRH EIGENVALUE    1          =  2.072857E-02   
 ^^^KLLRH EIGENVALUE    2          =  2.045442E-01   
 ^^^KLLRH EIGENVALUE    3          =  7.169749E-01   
 ^^^KLLRH EIGENVALUE    4          =  3.124837E+00   
 ^^^KLLRH EIGENVALUE    5          =  4.427784E+00   
 ^^^KLLRH EIGENVALUE    6          =  4.597696E+00   
 ^^^KLLRH EIGENVALUE    7          =  5.606508E+00   
 ^^^KLLRH EIGENVALUE    8          =  6.228148E+00   
 ^^^KLLRH EIGENVALUE    9          =  6.736852E+00   
 ^^^KLLRH EIGENVALUE    10         =  6.746644E+00   
 ^^^KLLRH EIGENVALUE    11         =  7.215954E+00   
 ^^^KLLRH EIGENVALUE    12         =  7.663521E+00   
 ^^^KLLRH EIGENVALUE    13         =  7.913397E+00   
 ^^^KLLRH EIGENVALUE    14         =  8.104322E+00   
 ^^^KLLRH EIGENVALUE    15         =  8.542742E+00   
 ^^^KLLRH EIGENVALUE    16         =  8.720361E+00   
 ^^^KLLRH EIGENVALUE    17         =  8.928093E+00   
 ^^^KLLRH EIGENVALUE    18         =  8.978519E+00   
 ^^^KLLRH EIGENVALUE    19         =  9.367153E+00   
 ^^^KLLRH EIGENVALUE    20         =  9.409274E+00   
1                                                                           OCTOBER  22, 2024  MSC Nastran 12/14/21   PAGE    23
                                                                                                                                    
0                                                                                                                                   
0                             N O N - L I N E A R   I T E R A T I O N   M O D U L E   O U T P U T

     STIFFNESS UPDATE TIME          5.61 SECONDS                                                               SUBCASE        1
            ITERATION TIME          0.08 SECONDS                                                        LOAD FACTOR   0.8857473

                        - - - CONVERGENCE  FACTORS - - -                      - - - LINE SEARCH DATA - - -
0ITERATION      EUI         EPI         EWI      LAMBDA       DLMAG       FACTOR     E-FIRST     E-FINAL   NQNV  NLS  ENIC  NDV  MDV

         1  2.2944E+01  1.3984E+02  3.2407E+01  1.0000E-01  4.1216E+00  1.0000E+00 -5.1888E-03 -5.1888E-03    0    0          0    1
 *** USER INFORMATION MESSAGE 4550 (NCONVG)
     *** NEW STIFFNESS MATRIX IS REQUIRED ***
 ^^^     
 *** USER INFORMATION MESSAGE 22713 (SUBDMAP SEKDR)
     PARAMETER EXCLUDE IS NOT DEFINED DIFFERENTIAL STIFFNESS IS COMPUTED FOR ALL ELEMENTS.
 ^^^     
1                                                                           OCTOBER  22, 2024  MSC Nastran 12/14/21   PAGE    24
                                                                                                                                    
0                                                                                                                                   
0                             N O N - L I N E A R   I T E R A T I O N   M O D U L E   O U T P U T

     STIFFNESS UPDATE TIME          1.61 SECONDS                                                               SUBCASE        1
            ITERATION TIME          0.11 SECONDS                                                        LOAD FACTOR   0.8857260

                        - - - CONVERGENCE  FACTORS - - -                      - - - LINE SEARCH DATA - - -
0ITERATION      EUI         EPI         EWI      LAMBDA       DLMAG       FACTOR     E-FIRST     E-FINAL   NQNV  NLS  ENIC  NDV  MDV

         2  1.7037E-02  2.3358E-04  5.7920E-08  1.0000E-01  8.1911E-04  1.0000E+00  5.4065E-06  5.4065E-06    0    0          0    1
 *** USER INFORMATION MESSAGE 4550 (NCONVG)
     *** NEW STIFFNESS MATRIX IS REQUIRED ***
 ^^^     
 *** USER INFORMATION MESSAGE 22713 (SUBDMAP SEKDR)
     PARAMETER EXCLUDE IS NOT DEFINED DIFFERENTIAL STIFFNESS IS COMPUTED FOR ALL ELEMENTS.
 ^^^     
1                                                                           OCTOBER  22, 2024  MSC Nastran 12/14/21   PAGE    25
                                                                                                                                    
0                                                                                                                                   
0                             N O N - L I N E A R   I T E R A T I O N   M O D U L E   O U T P U T

     STIFFNESS UPDATE TIME          1.62 SECONDS                                                               SUBCASE        1
            ITERATION TIME          0.11 SECONDS                                                        LOAD FACTOR   0.8857256

                        - - - CONVERGENCE  FACTORS - - -                      - - - LINE SEARCH DATA - - -
0ITERATION      EUI         EPI         EWI      LAMBDA       DLMAG       FACTOR     E-FIRST     E-FINAL   NQNV  NLS  ENIC  NDV  MDV

         3  9.3771E-06  4.2514E-07  5.7924E-14  1.0000E-01  3.9832E-07  1.0000E+00  0.0000E+00  0.0000E+00    0    0          0    1
 *** USER INFORMATION MESSAGE 6186 (NCONVG)
     *** SOLUTION HAS CONVERGED ***
         SUBID    1     LOOPID    6     LOAD STEP    0.886     LOAD FACTOR 0.88572560

     *** NEW STIFFNESS MATRIX IS REQUIRED ***

 *** USER INFORMATION MESSAGE 9005 (SUBDMAP NLSTATIC)
     THE SOLUTION FOR LOOPID= 6 IS SAVED FOR RESTART
 ^^^     
 *** USER INFORMATION MESSAGE 22713 (SUBDMAP SEKDR)
     PARAMETER EXCLUDE IS NOT DEFINED DIFFERENTIAL STIFFNESS IS COMPUTED FOR ALL ELEMENTS.
 ^^^     
 *** USER INFORMATION MESSAGE 5010 (LNCILS)
     STURM SEQUENCE DATA FOR EIGENVALUE EXTRACTION.
     TRIAL EIGENVALUE = -3.947842D+65, CYCLES = 1.000000D+32 THE STURM COUNT = 0
 *** USER INFORMATION MESSAGE 5010 (LNCILS)
     STURM SEQUENCE DATA FOR EIGENVALUE EXTRACTION.
     TRIAL EIGENVALUE = 1.000000D+02, CYCLES = 1.591549D+00 THE STURM COUNT = 420
 *** USER INFORMATION MESSAGE 5010 (LNCILS)
     STURM SEQUENCE DATA FOR EIGENVALUE EXTRACTION.
     TRIAL EIGENVALUE = 9.937009D-03, CYCLES = 1.586529D-02 THE STURM COUNT = 0
 *** USER INFORMATION MESSAGE 5010 (LNCILS)
     STURM SEQUENCE DATA FOR EIGENVALUE EXTRACTION.
     TRIAL EIGENVALUE = 8.193365D+00, CYCLES = 4.555660D-01 THE STURM COUNT = 20
 ^^^     
 ^^^NLOOP = 6          
 ^^^KLLRH EIGENVALUE    1          =  2.072283E-02   
 ^^^KLLRH EIGENVALUE    2          =  2.045206E-01   
 ^^^KLLRH EIGENVALUE    3          =  7.165260E-01   
 ^^^KLLRH EIGENVALUE    4          =  1.834579E+00   
 ^^^KLLRH EIGENVALUE    5          =  3.121528E+00   
 ^^^KLLRH EIGENVALUE    6          =  3.416019E+00   
 ^^^KLLRH EIGENVALUE    7          =  4.151893E+00   
 ^^^KLLRH EIGENVALUE    8          =  4.403570E+00   
 ^^^KLLRH EIGENVALUE    9          =  4.783292E+00   
 ^^^KLLRH EIGENVALUE    10         =  5.383954E+00   
 ^^^KLLRH EIGENVALUE    11         =  5.714823E+00   
 ^^^KLLRH EIGENVALUE    12         =  5.976384E+00   
 ^^^KLLRH EIGENVALUE    13         =  6.564065E+00   
 ^^^KLLRH EIGENVALUE    14         =  6.619164E+00   
 ^^^KLLRH EIGENVALUE    15         =  6.739290E+00   
 ^^^KLLRH EIGENVALUE    16         =  7.105190E+00   
 ^^^KLLRH EIGENVALUE    17         =  7.147370E+00   
 ^^^KLLRH EIGENVALUE    18         =  7.425841E+00   
 ^^^KLLRH EIGENVALUE    19         =  7.723378E+00   
 ^^^KLLRH EIGENVALUE    20         =  8.092614E+00   
1                                                                           OCTOBER  22, 2024  MSC Nastran 12/14/21   PAGE    26
                                                                                                                                    
0                                                                                                                                   
0                             N O N - L I N E A R   I T E R A T I O N   M O D U L E   O U T P U T

     STIFFNESS UPDATE TIME          5.36 SECONDS                                                               SUBCASE        1
            ITERATION TIME          0.08 SECONDS                                                        LOAD FACTOR   1.0000000

                        - - - CONVERGENCE  FACTORS - - -                      - - - LINE SEARCH DATA - - -
0ITERATION      EUI         EPI         EWI      LAMBDA       DLMAG       FACTOR     E-FIRST     E-FINAL   NQNV  NLS  ENIC  NDV  MDV

         1  1.1318E+01  4.3372E+01  4.9578E+00  1.0000E-01  1.2893E+00  1.0000E+00 -1.5311E-03 -1.5311E-03    0    0          0    1
 *** USER INFORMATION MESSAGE 4550 (NCONVG)
     *** NEW STIFFNESS MATRIX IS REQUIRED ***
 ^^^     
 *** USER INFORMATION MESSAGE 22713 (SUBDMAP SEKDR)
     PARAMETER EXCLUDE IS NOT DEFINED DIFFERENTIAL STIFFNESS IS COMPUTED FOR ALL ELEMENTS.
 ^^^     
1                                                                           OCTOBER  22, 2024  MSC Nastran 12/14/21   PAGE    27
                                                                                                                                    
0                                                                                                                                   
0                             N O N - L I N E A R   I T E R A T I O N   M O D U L E   O U T P U T

     STIFFNESS UPDATE TIME          1.58 SECONDS                                                               SUBCASE        1
            ITERATION TIME          0.08 SECONDS                                                        LOAD FACTOR   1.0000000

                        - - - CONVERGENCE  FACTORS - - -                      - - - LINE SEARCH DATA - - -
0ITERATION      EUI         EPI         EWI      LAMBDA       DLMAG       FACTOR     E-FIRST     E-FINAL   NQNV  NLS  ENIC  NDV  MDV

         2  7.6996E-03  1.2934E-03  7.6429E-06  1.0000E-01  1.9172E-02  1.0000E+00 -1.8708E-03 -1.8708E-03    0    0          0    1
 *** USER INFORMATION MESSAGE 4550 (NCONVG)
     *** NEW STIFFNESS MATRIX IS REQUIRED ***
 ^^^     
 *** USER INFORMATION MESSAGE 22713 (SUBDMAP SEKDR)
     PARAMETER EXCLUDE IS NOT DEFINED DIFFERENTIAL STIFFNESS IS COMPUTED FOR ALL ELEMENTS.
 ^^^     
1                                                                           OCTOBER  22, 2024  MSC Nastran 12/14/21   PAGE    28
                                                                                                                                    
0                                                                                                                                   
0                             N O N - L I N E A R   I T E R A T I O N   M O D U L E   O U T P U T

     STIFFNESS UPDATE TIME          1.59 SECONDS                                                               SUBCASE        1
            ITERATION TIME          0.08 SECONDS                                                        LOAD FACTOR   1.0000000

                        - - - CONVERGENCE  FACTORS - - -                      - - - LINE SEARCH DATA - - -
0ITERATION      EUI         EPI         EWI      LAMBDA       DLMAG       FACTOR     E-FIRST     E-FINAL   NQNV  NLS  ENIC  NDV  MDV

         3  1.1858E-03  6.4408E-07  5.2031E-11  1.0000E-01  4.5286E-06  1.0000E+00  0.0000E+00  0.0000E+00    0    0          0    1
 *** USER INFORMATION MESSAGE 4550 (NCONVG)
     *** NEW STIFFNESS MATRIX IS REQUIRED ***
 ^^^     
 *** USER INFORMATION MESSAGE 22713 (SUBDMAP SEKDR)
     PARAMETER EXCLUDE IS NOT DEFINED DIFFERENTIAL STIFFNESS IS COMPUTED FOR ALL ELEMENTS.
 ^^^     
1                                                                           OCTOBER  22, 2024  MSC Nastran 12/14/21   PAGE    29
                                                                                                                                    
0                                                                                                                                   
0                             N O N - L I N E A R   I T E R A T I O N   M O D U L E   O U T P U T

     STIFFNESS UPDATE TIME          1.59 SECONDS                                                               SUBCASE        1
            ITERATION TIME          0.08 SECONDS                                                        LOAD FACTOR   1.0000000

                        - - - CONVERGENCE  FACTORS - - -                      - - - LINE SEARCH DATA - - -
0ITERATION      EUI         EPI         EWI      LAMBDA       DLMAG       FACTOR     E-FIRST     E-FINAL   NQNV  NLS  ENIC  NDV  MDV

         4  2.2837E-06  4.2723E-07  1.4690E-14  1.0000E-01  3.6035E-07  1.0000E+00  0.0000E+00  0.0000E+00    0    0          0    1
 *** USER INFORMATION MESSAGE 6186 (NCONVG)
     *** SOLUTION HAS CONVERGED ***
         SUBID    1     LOOPID    7     LOAD STEP    1.000     LOAD FACTOR 1.00000000

     *** NEW STIFFNESS MATRIX IS REQUIRED ***

 *** USER INFORMATION MESSAGE 9005 (SUBDMAP NLSTATIC)
     THE SOLUTION FOR LOOPID= 7 IS SAVED FOR RESTART
 ^^^     
 *** USER INFORMATION MESSAGE 22713 (SUBDMAP SEKDR)
     PARAMETER EXCLUDE IS NOT DEFINED DIFFERENTIAL STIFFNESS IS COMPUTED FOR ALL ELEMENTS.
 ^^^     
 *** USER INFORMATION MESSAGE 5010 (LNCILS)
     STURM SEQUENCE DATA FOR EIGENVALUE EXTRACTION.
     TRIAL EIGENVALUE = -3.947842D+65, CYCLES = 1.000000D+32 THE STURM COUNT = 0
 *** USER INFORMATION MESSAGE 5010 (LNCILS)
     STURM SEQUENCE DATA FOR EIGENVALUE EXTRACTION.
     TRIAL EIGENVALUE = 1.000000D+02, CYCLES = 1.591549D+00 THE STURM COUNT = 424
 *** USER INFORMATION MESSAGE 5010 (LNCILS)
     STURM SEQUENCE DATA FOR EIGENVALUE EXTRACTION.
     TRIAL EIGENVALUE = 9.938665D-03, CYCLES = 1.586661D-02 THE STURM COUNT = 0
 *** USER INFORMATION MESSAGE 5010 (LNCILS)
     STURM SEQUENCE DATA FOR EIGENVALUE EXTRACTION.
     TRIAL EIGENVALUE = 7.018509D+00, CYCLES = 4.216407D-01 THE STURM COUNT = 21
 ^^^     
 ^^^NLOOP = 7          
 ^^^KLLRH EIGENVALUE    1          =  2.065688E-02   
 ^^^KLLRH EIGENVALUE    2          =  2.044521E-01   
 ^^^KLLRH EIGENVALUE    3          =  2.138248E-01   
 ^^^KLLRH EIGENVALUE    4          =  7.166942E-01   
 ^^^KLLRH EIGENVALUE    5          =  2.131319E+00   
 ^^^KLLRH EIGENVALUE    6          =  2.925277E+00   
 ^^^KLLRH EIGENVALUE    7          =  3.118695E+00   
 ^^^KLLRH EIGENVALUE    8          =  3.625474E+00   
 ^^^KLLRH EIGENVALUE    9          =  4.298895E+00   
 ^^^KLLRH EIGENVALUE    10         =  4.349252E+00   
 ^^^KLLRH EIGENVALUE    11         =  4.405147E+00   
 ^^^KLLRH EIGENVALUE    12         =  5.008600E+00   
 ^^^KLLRH EIGENVALUE    13         =  5.410326E+00   
 ^^^KLLRH EIGENVALUE    14         =  5.684056E+00   
 ^^^KLLRH EIGENVALUE    15         =  6.029453E+00   
 ^^^KLLRH EIGENVALUE    16         =  6.282565E+00   
 ^^^KLLRH EIGENVALUE    17         =  6.349449E+00   
 ^^^KLLRH EIGENVALUE    18         =  6.564432E+00   
 ^^^KLLRH EIGENVALUE    19         =  6.734049E+00   
 ^^^KLLRH EIGENVALUE    20         =  7.006302E+00   
 ^^^     
 *** USER INFORMATION MESSAGE 9052 (SUBDMAP NLSTATIC)
     NONLINEAR STATIC ANALYSIS COMPLETED.
 ^^^     
 *** USER INFORMATION MESSAGE 4114 (OUTPX2)
     DATA BLOCK OESNLXR  WRITTEN ON FORTRAN UNIT    12 IN BINARY (LTLEND) FORMAT USING NDDL DESCRIPTION FOR OESNLXR, TRL =
                    101                 1                 3                 1                 0                 0                 0
     NAME OF DATA BLOCK WRITTEN ON FORTRAN UNIT IS OESNLXR 
        (MAXIMUM POSSIBLE FORTRAN RECORD SIZE =       65538 WORDS.)
     (MAXIMUM SIZE OF FORTRAN RECORDS WRITTEN =       65525 WORDS.)
           (NUMBER OF FORTRAN RECORDS WRITTEN =         150 RECORDS.)
           (TOTAL DATA WRITTEN FOR DATA BLOCK =     2621945 WORDS.)
 *** USER INFORMATION MESSAGE 4114 (OUTPX2)
     DATA BLOCK OUG1     WRITTEN ON FORTRAN UNIT    12 IN BINARY (LTLEND) FORMAT USING NDDL DESCRIPTION FOR OUG1, TRL =
                    101                 0            811664                 0                 0                 0                 2
     NAME OF DATA BLOCK WRITTEN ON FORTRAN UNIT IS OUG1    
        (MAXIMUM POSSIBLE FORTRAN RECORD SIZE =       65538 WORDS.)
     (MAXIMUM SIZE OF FORTRAN RECORDS WRITTEN =       65536 WORDS.)
           (NUMBER OF FORTRAN RECORDS WRITTEN =          94 RECORDS.)
           (TOTAL DATA WRITTEN FOR DATA BLOCK =      812781 WORDS.)
 *** USER INFORMATION MESSAGE 4114 (OUTPX2)
     DATA BLOCK OPG1     WRITTEN ON FORTRAN UNIT    12 IN BINARY (LTLEND) FORMAT USING NDDL DESCRIPTION FOR OPG, TRL =
                    101                 0            811664                 0                 0                 0                 2
     NAME OF DATA BLOCK WRITTEN ON FORTRAN UNIT IS OPG1    
        (MAXIMUM POSSIBLE FORTRAN RECORD SIZE =       65538 WORDS.)
     (MAXIMUM SIZE OF FORTRAN RECORDS WRITTEN =       65536 WORDS.)
           (NUMBER OF FORTRAN RECORDS WRITTEN =          94 RECORDS.)
           (TOTAL DATA WRITTEN FOR DATA BLOCK =      812781 WORDS.)
 *** USER INFORMATION MESSAGE 4114 (OUTPX2)
     DATA BLOCK SCRATCH  WRITTEN ON FORTRAN UNIT    12 IN BINARY (LTLEND) FORMAT USING NDDL DESCRIPTION FOR QUALINFO, TRL =
                    301                 1                 9                 0                 0                 0                 0
     NAME OF DATA BLOCK WRITTEN ON FORTRAN UNIT IS QUALINFO
        (MAXIMUM POSSIBLE FORTRAN RECORD SIZE =       65538 WORDS.)
     (MAXIMUM SIZE OF FORTRAN RECORDS WRITTEN =          65 WORDS.)
           (NUMBER OF FORTRAN RECORDS WRITTEN =          55 RECORDS.)
           (TOTAL DATA WRITTEN FOR DATA BLOCK =         374 WORDS.)
 *** USER INFORMATION MESSAGE 4110 (OUTPX2)
                                 END-OF-DATA SIMULATION ON FORTRAN UNIT    12
                                 (MAXIMUM SIZE OF FORTRAN RECORDS WRITTEN =      1 WORDS.)
                                       (NUMBER OF FORTRAN RECORDS WRITTEN =      1 RECORDS.)
                                       (TOTAL DATA WRITTEN FOR EOF MARKER =      1 WORDS.)
1                                                                           OCTOBER  22, 2024  MSC Nastran 12/14/21   PAGE    30
                                                                                                                                    
0                                                                                                                                   
 * * * *  D B D I C T   P R I N T  * * * *      SUBDMAP = PRTSUM  ,  DMAP STATEMENT NO.     74



0                                   * * * *  A N A L Y S I S  S U M M A R Y  T A B L E  * * * *
0 SEID  PEID PROJ VERS APRCH      SEMG SEMR SEKR SELG SELR MODES DYNRED SOLLIN SOLNL LOOPID DESIGN CYCLE SENSITIVITY
 -------------------------------------------------------------------------------------------------------------------
     0     0    1    1 '        '    T    F    F    T    F     F      F      F     F      0            0           F
     0     0    1    1 '        '    F    F    F    F    F     F      F      F     T      1            0           F
     0     0    1    1 '        '    F    F    F    F    F     F      F      F     T      2            0           F
     0     0    1    1 '        '    F    F    F    F    F     F      F      F     T      3            0           F
     0     0    1    1 '        '    F    F    F    F    F     F      F      F     T      4            0           F
     0     0    1    1 '        '    F    F    F    F    F     F      F      F     T      5            0           F
     0     0    1    1 '        '    F    F    F    F    F     F      F      F     T      6            0           F
     0     0    1    1 '        '    F    F    F    F    F     F      F      F     T      7            0           F
0SEID = SUPERELEMENT ID.
 PEID = PRIMARY SUPERELEMENT ID OF IMAGE SUPERELEMENT.
 PROJ = PROJECT ID NUMBER.
 VERS = VERSION ID.
 APRCH = BLANK FOR STRUCTURAL ANALYSIS.  HEAT FOR HEAT TRANSFER ANALYSIS.
 SEMG = STIFFNESS AND MASS MATRIX GENERATION STEP.
 SEMR = MASS MATRIX REDUCTION STEP (INCLUDES EIGENVALUE SOLUTION FOR MODES).
 SEKR = STIFFNESS MATRIX REDUCTION STEP.
 SELG = LOAD MATRIX GENERATION STEP.
 SELR = LOAD MATRIX REDUCTION STEP. 
 MODES = T (TRUE) IF NORMAL MODES OR BUCKLING MODES CALCULATED.
 DYNRED = T (TRUE) MEANS GENERALIZED DYNAMIC AND/OR COMPONENT MODE REDUCTION PERFORMED.
 SOLLIN = T (TRUE) IF LINEAR SOLUTION EXISTS IN DATABASE.
 LOOPID = THE LAST LOOPID VALUE USED IN THE NONLINEAR ANALYSIS.  USEFUL FOR RESTARTS.
 SOLNL = T (TRUE) IF NONLINEAR SOLUTION EXISTS IN DATABASE.
 DESIGN CYCLE = THE LAST DESIGN CYCLE (ONLY VALID IN OPTIMIZATION).
 SENSITIVITY = SENSITIVITY MATRIX GENERATION FLAG.
 
 No PARAM values were set in the Control File.
 
1                                        * * * END OF JOB * * *
 
 
 No Symbolic Replacement variables or values were specified.

