1
 
 
 
 
                      Warning: This computer program is protected by copyright law and international treaties.       
                  Unauthorized use, reproduction or distribution of this computer program, or any portion of it, may 
                                          result in severe civil and criminal penalties.                             
                         Copyright (C) 2021 MSC Software Corporation and its licensors. All rights reserved.         
 
 
                                              * * * * * * * * * * * * * * * * * * * *
                                              * * * * * * * * * * * * * * * * * * * *
                                              * *                                 * *
                                              * *           MSC Software          * *
                                              * *               CORP              * *
                                              * *                                 * *
                                              * *      M S C   N a s t r a n      * *
                                              * *                                 * *
                                              * *                                 * *
                                              * *                                 * *
                                              * *     Version 2021.4-CL855437     * *
                                              * *                                 * *
                                              * *                                 * *
                                              * *                                 * *
                                              * *          DEC 14, 2021           * *
                                              * *                                 * *
                                              * *              Intel              * *
                                              * * MODEL Intel(R) Core(TM) i7-8700 * *
                                              * * Windows 10 Enterprise 6.2 9200  * *
                                              * * Compiled for 8664 (SINGLE Mode) * *
                                              * *                                 * *
                                              * * * * * * * * * * * * * * * * * * * *
                                              * * * * * * * * * * * * * * * * * * * *
1                                                                           OCTOBER  19, 2023  MSC Nastran 12/14/21   PAGE     1
                                                                                                                                    
0        N A S T R A N    F I L E    A N D    S Y S T E M    P A R A M E T E R    E C H O                                           
0                                                                                                                                   
                                                                                                                                    
                                                                                                                                    
     $ SYSFIELD=SCR*(RAW=YES,BUFFIO=YES,WNUM=16,WSIZE=16MB) $(C:/PROGRAM FILES/MSC.SO
     $ SYSFIELD=DBALL(RAW=YES,BUFFIO=YES,WNUM=16,WSIZE=16MB) $(C:/PROGRAM FILES/MSC.S
     NASTRAN BUFFSIZE=32769 $(C:/PROGRAM FILES/MSC.SOFTWARE/MSC_NASTRAN/2021.4/CONF/N
     $PYNASTRAN: VERSION=MSC                                                         
     $PYNASTRAN: PUNCH=FALSE                                                         
     $PYNASTRAN: ENCODING=UTF-8                                                      
     $PYNASTRAN: NNODES=4515                                                         
     $PYNASTRAN: NELEMENTS=4680                                                      
     $EXECUTIVE CONTROL DECK                                                         
1                                                                           OCTOBER  19, 2023  MSC Nastran 12/14/21   PAGE     2
                                                                                                                                    
0        N A S T R A N    E X E C U T I V E    C O N T R O L    E C H O                                                             
0                                                                                                                                   
                                                                                                                                    
                                                                                                                                    
     SOL 106                                                                                 
     CEND                                                                                    
1                                                                           OCTOBER  19, 2023  MSC Nastran 12/14/21   PAGE     3
                                                                                                                                    
0                                                                                                                                   
0                                        C A S E    C O N T R O L    E C H O                                                        
                 COMMAND                                                                                                            
                 COUNT                                                                                                              
                  1      $CASE CONTROL DECK                                                                      
                  2      DISPLACEMENT(PLOT) = ALL                                                                
                  3      ECHO = NONE                                                                             
                  4      NLPARM = 1                                                                              
                  5      OLOAD(PLOT) = ALL                                                                       
                  6      SPC = 1                                                                                 
                  7      SUBCASE 1                                                                               
                  8          LOAD = 12                                                                           
                  9      BEGIN BULK                                                                              
1                                                                           OCTOBER  19, 2023  MSC Nastran 12/14/21   PAGE     4
                                                                                                                                    
0                                                                                                                                   
                                              I N P U T   B U L K   D A T A   E C H O                                               
                 ENTRY                                                                                                              
                 COUNT        .   1  ..   2  ..   3  ..   4  ..   5  ..   6  ..   7  ..   8  ..   9  ..  10  .                      

*** USER WARNING MESSAGE (fn: GETLIN)
    The ENDDATA statement is missing.
1                                                                           OCTOBER  19, 2023  MSC Nastran 12/14/21   PAGE     5
                                                                                                                                    
0                                                                                                                                   
                                        M O D E L   S U M M A R Y          BULK = 0
                                   ENTRY NAME        NUMBER OF ENTRIES
                                   ----------        -----------------
                                       CQUAD4                     4680
                                        FORCE                        1
                                         GRID                     4515
                                         LOAD                        1
                                         MAT1                        1
                                       NLPARM                        1
                                        NLPCI                        1
                                        PARAM                        2
                                       PSHELL                        1
                                         RBE3                        1
                                         SPC1                        1

 *** USER WARNING MESSAGE 316 (IXTSNLPM)
     ILLEGAL DATA ON BULK DATA ENTRY NLPARM        1: KSTEP = -1 is only allowed for SOL 400 and will be ignored.
    DEFAULT NONLINEAR TOLERANCES 
       NLPARM ID      1
       NINC          10
       EPSU          1.00000E-02 (not normally used)
       EPSP          1.00000E-02
       EPSW          1.00000E-02
      (VALUES YOU ENTER OVERIDE THE ABOVE DEFAULTS)

 ^^^     
 ^^^ >>> IFP OPERATIONS COMPLETE <<< 
 ^^^     
 *** USER INFORMATION MESSAGE 4109 (OUTPX2)
     THE LABEL IS XXXXXXXX FOR FORTRAN UNIT    12
     (MAXIMUM SIZE OF FORTRAN RECORDS WRITTEN =          7 WORDS.)
           (NUMBER OF FORTRAN RECORDS WRITTEN =         10 RECORDS.)
                (TOTAL DATA WRITTEN FOR LABEL =         21 WORDS.)
 *** USER INFORMATION MESSAGE 4114 (OUTPX2)
     DATA BLOCK GEOM1X   WRITTEN ON FORTRAN UNIT    12 IN BINARY (LTLEND) FORMAT USING NDDL DESCRIPTION FOR GEOM1, TRL =
                    101                 0                 0                 8                 0                 0                 0
     NAME OF DATA BLOCK WRITTEN ON FORTRAN UNIT IS GEOM1   
        (MAXIMUM POSSIBLE FORTRAN RECORD SIZE =       65538 WORDS.)
     (MAXIMUM SIZE OF FORTRAN RECORDS WRITTEN =       36123 WORDS.)
           (NUMBER OF FORTRAN RECORDS WRITTEN =          20 RECORDS.)
           (TOTAL DATA WRITTEN FOR DATA BLOCK =       36161 WORDS.)
 *** USER INFORMATION MESSAGE 4114 (OUTPX2)
     DATA BLOCK GEOM2X   WRITTEN ON FORTRAN UNIT    12 IN BINARY (LTLEND) FORMAT USING NDDL DESCRIPTION FOR GEOM2, TRL =
                    102                 0                 0                 0              8192                 0                 0
     NAME OF DATA BLOCK WRITTEN ON FORTRAN UNIT IS GEOM2   
        (MAXIMUM POSSIBLE FORTRAN RECORD SIZE =       65538 WORDS.)
     (MAXIMUM SIZE OF FORTRAN RECORDS WRITTEN =       65538 WORDS.)
           (NUMBER OF FORTRAN RECORDS WRITTEN =          22 RECORDS.)
           (TOTAL DATA WRITTEN FOR DATA BLOCK =       70242 WORDS.)
 *** USER INFORMATION MESSAGE 4114 (OUTPX2)
     DATA BLOCK GEOM3X   WRITTEN ON FORTRAN UNIT    12 IN BINARY (LTLEND) FORMAT USING NDDL DESCRIPTION FOR GEOM3, TRL =
                    103                 0                 0                64                 8                 0                 0
     NAME OF DATA BLOCK WRITTEN ON FORTRAN UNIT IS GEOM3   
        (MAXIMUM POSSIBLE FORTRAN RECORD SIZE =       65538 WORDS.)
     (MAXIMUM SIZE OF FORTRAN RECORDS WRITTEN =          10 WORDS.)
           (NUMBER OF FORTRAN RECORDS WRITTEN =          25 RECORDS.)
           (TOTAL DATA WRITTEN FOR DATA BLOCK =          61 WORDS.)
1                                                                           OCTOBER  19, 2023  MSC Nastran 12/14/21   PAGE     6
                                                                                                                                    
0                                                                                                                                   
0                                                                                                                                   
                                                                                                                                    
                                                                                                                                    
 *** USER INFORMATION MESSAGE 4114 (OUTPX2)
     DATA BLOCK GEOM4X   WRITTEN ON FORTRAN UNIT    12 IN BINARY (LTLEND) FORMAT USING NDDL DESCRIPTION FOR GEOM4, TRL =
                    104                 0                 0                 0                64               512                 0
     NAME OF DATA BLOCK WRITTEN ON FORTRAN UNIT IS GEOM4   
        (MAXIMUM POSSIBLE FORTRAN RECORD SIZE =       65538 WORDS.)
     (MAXIMUM SIZE OF FORTRAN RECORDS WRITTEN =         186 WORDS.)
           (NUMBER OF FORTRAN RECORDS WRITTEN =          25 RECORDS.)
           (TOTAL DATA WRITTEN FOR DATA BLOCK =         330 WORDS.)
 *** USER INFORMATION MESSAGE 4114 (OUTPX2)
     DATA BLOCK EPTX     WRITTEN ON FORTRAN UNIT    12 IN BINARY (LTLEND) FORMAT USING NDDL DESCRIPTION FOR EPT, TRL =
                    105                 0               512                 0                 0                 0                 0
     NAME OF DATA BLOCK WRITTEN ON FORTRAN UNIT IS EPT     
        (MAXIMUM POSSIBLE FORTRAN RECORD SIZE =       65538 WORDS.)
     (MAXIMUM SIZE OF FORTRAN RECORDS WRITTEN =          14 WORDS.)
           (NUMBER OF FORTRAN RECORDS WRITTEN =          20 RECORDS.)
           (TOTAL DATA WRITTEN FOR DATA BLOCK =          52 WORDS.)
 *** USER INFORMATION MESSAGE 4114 (OUTPX2)
     DATA BLOCK MPTS     WRITTEN ON FORTRAN UNIT    12 IN BINARY (LTLEND) FORMAT USING NDDL DESCRIPTION FOR MPT, TRL =
                    101             32768                 5                 0                 0                 0                 0
     NAME OF DATA BLOCK WRITTEN ON FORTRAN UNIT IS MPT     
        (MAXIMUM POSSIBLE FORTRAN RECORD SIZE =       65538 WORDS.)
     (MAXIMUM SIZE OF FORTRAN RECORDS WRITTEN =          23 WORDS.)
           (NUMBER OF FORTRAN RECORDS WRITTEN =          30 RECORDS.)
           (TOTAL DATA WRITTEN FOR DATA BLOCK =          95 WORDS.)
 *** USER INFORMATION MESSAGE 4114 (OUTPX2)
     DATA BLOCK CASESO   WRITTEN ON FORTRAN UNIT    12 IN BINARY (LTLEND) FORMAT USING NDDL DESCRIPTION FOR CASECC, TRL =
                    101                 1                 0              1000                 0                 0                 0
     NAME OF DATA BLOCK WRITTEN ON FORTRAN UNIT IS CASECC  
        (MAXIMUM POSSIBLE FORTRAN RECORD SIZE =       65538 WORDS.)
     (MAXIMUM SIZE OF FORTRAN RECORDS WRITTEN =        1000 WORDS.)
           (NUMBER OF FORTRAN RECORDS WRITTEN =          15 RECORDS.)
           (TOTAL DATA WRITTEN FOR DATA BLOCK =        1031 WORDS.)
1                                                                           OCTOBER  19, 2023  MSC Nastran 12/14/21   PAGE     7
                                                                                                                                    
0                                                                                                                                   
 *** USER INFORMATION MESSAGE 7310 (VECPRN)
     ORIGIN OF SUPERELEMENT OR MODULE BASIC COORDINATE SYSTEM WILL BE USED AS REFERENCE LOCATION.
     RESULTANTS ABOUT ORIGIN OF SUPERELEMENT OR MODULE BASIC COORDINATE SYSTEM IN SUPERELEMENT OR MODULE
     BASIC SYSTEM COORDINATES.
0                                                  OLOAD    RESULTANT       
  SUBCASE/    LOAD
  DAREA ID    TYPE       T1            T2            T3            R1            R2            R3
0        1     FX    0.000000E+00     ----          ----          ----       0.000000E+00  0.000000E+00                             
               FY       ----       0.000000E+00     ----       0.000000E+00     ----       0.000000E+00                             
               FZ       ----          ----       6.201953E+03  2.790879E+07 -3.100976E+06     ----                                  
               MX       ----          ----          ----       0.000000E+00     ----          ----                                  
               MY       ----          ----          ----          ----       0.000000E+00     ----                                  
               MZ       ----          ----          ----          ----          ----       0.000000E+00                             
             TOTALS  0.000000E+00  0.000000E+00  6.201953E+03  2.790879E+07 -3.100976E+06  0.000000E+00
1                                                                           OCTOBER  19, 2023  MSC Nastran 12/14/21   PAGE     8
                                                                                                                                    
0                                                                                                                                   
0                             N O N - L I N E A R   I T E R A T I O N   M O D U L E   O U T P U T

     STIFFNESS UPDATE TIME          0.44 SECONDS                                                               SUBCASE        1
            ITERATION TIME          0.03 SECONDS                                                        LOAD FACTOR   0.1000000

                        - - - CONVERGENCE  FACTORS - - -                      - - - LINE SEARCH DATA - - -
0ITERATION      EUI         EPI         EWI      LAMBDA       DLMAG       FACTOR     E-FIRST     E-FINAL   NQNV  NLS  ENIC  NDV  MDV

         1  9.9000E+01  3.8178E+00  3.8178E+00  1.0000E-01  2.2135E-01  1.0000E+00 -5.9459E-04 -5.9459E-04    0    0          0    1
 *** USER INFORMATION MESSAGE 4550 (NCONVG)
     *** NEW STIFFNESS MATRIX IS REQUIRED ***
 ^^^     
 *** USER INFORMATION MESSAGE 22713 (SUBDMAP SEKDR)
     PARAMETER EXCLUDE IS NOT DEFINED DIFFERENTIAL STIFFNESS IS COMPUTED FOR ALL ELEMENTS.
 ^^^     
1                                                                           OCTOBER  19, 2023  MSC Nastran 12/14/21   PAGE     9
                                                                                                                                    
0                                                                                                                                   
0                             N O N - L I N E A R   I T E R A T I O N   M O D U L E   O U T P U T

     STIFFNESS UPDATE TIME          0.62 SECONDS                                                               SUBCASE        1
            ITERATION TIME          0.02 SECONDS                                                        LOAD FACTOR   0.0999993

                        - - - CONVERGENCE  FACTORS - - -                      - - - LINE SEARCH DATA - - -
0ITERATION      EUI         EPI         EWI      LAMBDA       DLMAG       FACTOR     E-FIRST     E-FINAL   NQNV  NLS  ENIC  NDV  MDV

         2  6.6544E-02  9.1741E-06  7.3143E-09  1.0000E-01  1.3172E-05  1.0000E+00  6.4687E-06  6.4687E-06    0    0          0    1
 *** USER INFORMATION MESSAGE 6186 (NCONVG)
     *** SOLUTION HAS CONVERGED ***
         SUBID    1     LOOPID    1     LOAD STEP    0.100     LOAD FACTOR 0.09999932

     *** NEW STIFFNESS MATRIX IS REQUIRED ***

 *** USER INFORMATION MESSAGE 9005 (SUBDMAP NLSTATIC)
     THE SOLUTION FOR LOOPID= 1 IS SAVED FOR RESTART
 ^^^     
 *** USER INFORMATION MESSAGE 22713 (SUBDMAP SEKDR)
     PARAMETER EXCLUDE IS NOT DEFINED DIFFERENTIAL STIFFNESS IS COMPUTED FOR ALL ELEMENTS.
 ^^^     
1                                                                           OCTOBER  19, 2023  MSC Nastran 12/14/21   PAGE    10
                                                                                                                                    
0                                                                                                                                   
0                             N O N - L I N E A R   I T E R A T I O N   M O D U L E   O U T P U T

     STIFFNESS UPDATE TIME          0.52 SECONDS                                                               SUBCASE        1
            ITERATION TIME          0.03 SECONDS                                                        LOAD FACTOR   0.3449431

                        - - - CONVERGENCE  FACTORS - - -                      - - - LINE SEARCH DATA - - -
0ITERATION      EUI         EPI         EWI      LAMBDA       DLMAG       FACTOR     E-FIRST     E-FINAL   NQNV  NLS  ENIC  NDV  MDV

         1  7.0301E+01  2.2914E+01  1.6271E+01  1.0000E-01  1.3304E+00  1.0000E+00 -3.5011E-03 -3.5011E-03    0    0          0    1
 *** USER INFORMATION MESSAGE 4550 (NCONVG)
     *** NEW STIFFNESS MATRIX IS REQUIRED ***
 ^^^     
 *** USER INFORMATION MESSAGE 22713 (SUBDMAP SEKDR)
     PARAMETER EXCLUDE IS NOT DEFINED DIFFERENTIAL STIFFNESS IS COMPUTED FOR ALL ELEMENTS.
 ^^^     
1                                                                           OCTOBER  19, 2023  MSC Nastran 12/14/21   PAGE    11
                                                                                                                                    
0                                                                                                                                   
0                             N O N - L I N E A R   I T E R A T I O N   M O D U L E   O U T P U T

     STIFFNESS UPDATE TIME          0.55 SECONDS                                                               SUBCASE        1
            ITERATION TIME          0.03 SECONDS                                                        LOAD FACTOR   0.3449103

                        - - - CONVERGENCE  FACTORS - - -                      - - - LINE SEARCH DATA - - -
0ITERATION      EUI         EPI         EWI      LAMBDA       DLMAG       FACTOR     E-FIRST     E-FINAL   NQNV  NLS  ENIC  NDV  MDV

         2  1.2212E-01  5.4546E-04  8.7297E-07  1.0000E-01  1.3194E-03  1.0000E+00  8.0672E-05  8.0672E-05    0    0          0    1
 *** USER INFORMATION MESSAGE 6186 (NCONVG)
     *** SOLUTION HAS CONVERGED ***
         SUBID    1     LOOPID    2     LOAD STEP    0.345     LOAD FACTOR 0.34491034

     *** NEW STIFFNESS MATRIX IS REQUIRED ***

 *** USER INFORMATION MESSAGE 9005 (SUBDMAP NLSTATIC)
     THE SOLUTION FOR LOOPID= 2 IS SAVED FOR RESTART
 ^^^     
 *** USER INFORMATION MESSAGE 22713 (SUBDMAP SEKDR)
     PARAMETER EXCLUDE IS NOT DEFINED DIFFERENTIAL STIFFNESS IS COMPUTED FOR ALL ELEMENTS.
 ^^^     
1                                                                           OCTOBER  19, 2023  MSC Nastran 12/14/21   PAGE    12
                                                                                                                                    
0                                                                                                                                   
0                             N O N - L I N E A R   I T E R A T I O N   M O D U L E   O U T P U T

     STIFFNESS UPDATE TIME          0.50 SECONDS                                                               SUBCASE        1
            ITERATION TIME          0.03 SECONDS                                                        LOAD FACTOR   0.9446146

                        - - - CONVERGENCE  FACTORS - - -                      - - - LINE SEARCH DATA - - -
0ITERATION      EUI         EPI         EWI      LAMBDA       DLMAG       FACTOR     E-FIRST     E-FINAL   NQNV  NLS  ENIC  NDV  MDV

         1  6.2863E+01  1.3773E+02  8.7457E+01  1.0000E-01  8.2302E+00  1.0000E+00 -1.9788E-02 -1.9788E-02    0    0          0    1
 *** USER INFORMATION MESSAGE 4550 (NCONVG)
     *** NEW STIFFNESS MATRIX IS REQUIRED ***
 ^^^     
 *** USER INFORMATION MESSAGE 22713 (SUBDMAP SEKDR)
     PARAMETER EXCLUDE IS NOT DEFINED DIFFERENTIAL STIFFNESS IS COMPUTED FOR ALL ELEMENTS.
 ^^^     
 *** USER WARNING MESSAGE 4698 (DCMPD)
     STATISTICS FOR DECOMPOSITION OF MATRIX KLLRH.
     THE FOLLOWING DEGREES OF FREEDOM HAVE FACTOR DIAGONAL RATIOS GREATER THAN
     1.000000E+07 OR HAVE NEGATIVE TERMS ON THE FACTOR DIAGONAL.
     USER INFORMATION:
     THIS MESSAGE MAY BE IGNORED IF NO GRID POINT IDS OR HIGH RATIO MESSAGES APPEAR IN THE TABLE ON THE NEXT PAGE.
1                                                                           OCTOBER  19, 2023  MSC Nastran 12/14/21   PAGE    13
                                                                                                                                    
0                                                                                                                                   
0                                                                                                                                   
         GRID POINT ID       DEGREE OF FREEDOM   MATRIX/FACTOR DIAGONAL RATIO        MATRIX DIAGONAL                                
                                                                                                                                    
              89                    T3                  -4.75115E+02                   3.11493E+04
             489                    T3                  -7.61425E-01                   3.11693E+04
             514                    R1                  -2.54792E+00                   1.11981E+07
             954                    R1                  -1.18365E+01                   1.11981E+07
            1436                    R2                  -1.18747E+01                   1.19201E+07
1                                                                           OCTOBER  19, 2023  MSC Nastran 12/14/21   PAGE    14
                                                                                                                                    
0                                                                                                                                   
0                             N O N - L I N E A R   I T E R A T I O N   M O D U L E   O U T P U T

     STIFFNESS UPDATE TIME          0.48 SECONDS                                                               SUBCASE        1
            ITERATION TIME          0.03 SECONDS                                                        LOAD FACTOR   0.9466420

                        - - - CONVERGENCE  FACTORS - - -                      - - - LINE SEARCH DATA - - -
0ITERATION      EUI         EPI         EWI      LAMBDA       DLMAG       FACTOR     E-FIRST     E-FINAL   NQNV  NLS  ENIC  NDV  MDV

         2  5.4478E-01  3.2220E+00  1.9625E-02  1.0000E-01  2.4836E+00  1.0000E+00 -3.5440E-02 -3.5440E-02    0    0          0    1
 *** USER INFORMATION MESSAGE 4550 (NCONVG)
     *** NEW STIFFNESS MATRIX IS REQUIRED ***
 ^^^     
 *** USER INFORMATION MESSAGE 22713 (SUBDMAP SEKDR)
     PARAMETER EXCLUDE IS NOT DEFINED DIFFERENTIAL STIFFNESS IS COMPUTED FOR ALL ELEMENTS.
 ^^^     
 *** USER WARNING MESSAGE 4698 (DCMPD)
     STATISTICS FOR DECOMPOSITION OF MATRIX KLLRH.
     THE FOLLOWING DEGREES OF FREEDOM HAVE FACTOR DIAGONAL RATIOS GREATER THAN
     1.000000E+07 OR HAVE NEGATIVE TERMS ON THE FACTOR DIAGONAL.
     USER INFORMATION:
     THIS MESSAGE MAY BE IGNORED IF NO GRID POINT IDS OR HIGH RATIO MESSAGES APPEAR IN THE TABLE ON THE NEXT PAGE.
1                                                                           OCTOBER  19, 2023  MSC Nastran 12/14/21   PAGE    15
                                                                                                                                    
0                                                                                                                                   
0                                                                                                                                   
         GRID POINT ID       DEGREE OF FREEDOM   MATRIX/FACTOR DIAGONAL RATIO        MATRIX DIAGONAL                                
                                                                                                                                    
              89                    T3                  -4.87113E+02                   3.11573E+04
             489                    T3                  -5.89334E+00                   3.11720E+04
             514                    R1                  -4.24759E+00                   1.11981E+07
             954                    R1                  -1.88162E+01                   1.11981E+07
            1436                    T3                  -2.24771E+03                   3.12380E+04
1                                                                           OCTOBER  19, 2023  MSC Nastran 12/14/21   PAGE    16
                                                                                                                                    
0                                                                                                                                   
0                             N O N - L I N E A R   I T E R A T I O N   M O D U L E   O U T P U T

     STIFFNESS UPDATE TIME          0.53 SECONDS                                                               SUBCASE        1
            ITERATION TIME          0.03 SECONDS                                                        LOAD FACTOR   0.9417059

                        - - - CONVERGENCE  FACTORS - - -                      - - - LINE SEARCH DATA - - -
0ITERATION      EUI         EPI         EWI      LAMBDA       DLMAG       FACTOR     E-FIRST     E-FINAL   NQNV  NLS  ENIC  NDV  MDV

         3  1.7630E-01  1.7292E-01  6.1279E-04  1.0000E-01  1.0239E-01  1.0000E+00  2.3965E-02  2.3965E-02    0    0          0    1
 *** USER INFORMATION MESSAGE 4550 (NCONVG)
     *** NEW STIFFNESS MATRIX IS REQUIRED ***
 ^^^     
 *** USER INFORMATION MESSAGE 22713 (SUBDMAP SEKDR)
     PARAMETER EXCLUDE IS NOT DEFINED DIFFERENTIAL STIFFNESS IS COMPUTED FOR ALL ELEMENTS.
 ^^^     
 *** USER WARNING MESSAGE 4698 (DCMPD)
     STATISTICS FOR DECOMPOSITION OF MATRIX KLLRH.
     THE FOLLOWING DEGREES OF FREEDOM HAVE FACTOR DIAGONAL RATIOS GREATER THAN
     1.000000E+07 OR HAVE NEGATIVE TERMS ON THE FACTOR DIAGONAL.
     USER INFORMATION:
     THIS MESSAGE MAY BE IGNORED IF NO GRID POINT IDS OR HIGH RATIO MESSAGES APPEAR IN THE TABLE ON THE NEXT PAGE.
1                                                                           OCTOBER  19, 2023  MSC Nastran 12/14/21   PAGE    17
                                                                                                                                    
0                                                                                                                                   
0                                                                                                                                   
         GRID POINT ID       DEGREE OF FREEDOM   MATRIX/FACTOR DIAGONAL RATIO        MATRIX DIAGONAL                                
                                                                                                                                    
              89                    T3                  -4.52304E+02                   3.11563E+04
             196                    R1                  -1.91309E+01                   1.67971E+07
             514                    R1                  -2.78176E+00                   1.11981E+07
             954                    R1                  -1.09339E+01                   1.11981E+07
            1436                    R1                  -7.60912E+00                   1.11981E+07
1                                                                           OCTOBER  19, 2023  MSC Nastran 12/14/21   PAGE    18
                                                                                                                                    
0                                                                                                                                   
0                             N O N - L I N E A R   I T E R A T I O N   M O D U L E   O U T P U T

     STIFFNESS UPDATE TIME          0.52 SECONDS                                                               SUBCASE        1
            ITERATION TIME          0.03 SECONDS                                                        LOAD FACTOR   0.9413485

                        - - - CONVERGENCE  FACTORS - - -                      - - - LINE SEARCH DATA - - -
0ITERATION      EUI         EPI         EWI      LAMBDA       DLMAG       FACTOR     E-FIRST     E-FINAL   NQNV  NLS  ENIC  NDV  MDV

         4  2.5956E-02  7.5222E-03  3.6459E-06  1.0000E-01  5.9208E-03  1.0000E+00 -1.8909E-03 -1.8909E-03    0    0          0    1
 *** USER INFORMATION MESSAGE 6186 (NCONVG)
     *** SOLUTION HAS CONVERGED ***
         SUBID    1     LOOPID    3     LOAD STEP    0.941     LOAD FACTOR 0.94134847

     *** NEW STIFFNESS MATRIX IS REQUIRED ***

 *** USER INFORMATION MESSAGE 9005 (SUBDMAP NLSTATIC)
     THE SOLUTION FOR LOOPID= 3 IS SAVED FOR RESTART
 ^^^     
 *** USER INFORMATION MESSAGE 22713 (SUBDMAP SEKDR)
     PARAMETER EXCLUDE IS NOT DEFINED DIFFERENTIAL STIFFNESS IS COMPUTED FOR ALL ELEMENTS.
 ^^^     
 *** USER WARNING MESSAGE 4698 (DCMPD)
     STATISTICS FOR DECOMPOSITION OF MATRIX KLLRH.
     THE FOLLOWING DEGREES OF FREEDOM HAVE FACTOR DIAGONAL RATIOS GREATER THAN
     1.000000E+07 OR HAVE NEGATIVE TERMS ON THE FACTOR DIAGONAL.
     USER INFORMATION:
     THIS MESSAGE MAY BE IGNORED IF NO GRID POINT IDS OR HIGH RATIO MESSAGES APPEAR IN THE TABLE ON THE NEXT PAGE.
1                                                                           OCTOBER  19, 2023  MSC Nastran 12/14/21   PAGE    19
                                                                                                                                    
0                                                                                                                                   
0                                                                                                                                   
         GRID POINT ID       DEGREE OF FREEDOM   MATRIX/FACTOR DIAGONAL RATIO        MATRIX DIAGONAL                                
                                                                                                                                    
              89                    T3                  -4.53059E+02                   3.11563E+04
             196                    R1                  -2.53062E+01                   1.67971E+07
             514                    R1                  -2.80664E+00                   1.11981E+07
             954                    R1                  -1.08015E+01                   1.11981E+07
            1436                    R1                  -1.11906E+01                   1.11981E+07
1                                                                           OCTOBER  19, 2023  MSC Nastran 12/14/21   PAGE    20
                                                                                                                                    
0                                                                                                                                   
0                             N O N - L I N E A R   I T E R A T I O N   M O D U L E   O U T P U T

     STIFFNESS UPDATE TIME          0.52 SECONDS                                                               SUBCASE        1
            ITERATION TIME          0.03 SECONDS                                                        LOAD FACTOR   1.0000000

                        - - - CONVERGENCE  FACTORS - - -                      - - - LINE SEARCH DATA - - -
0ITERATION      EUI         EPI         EWI      LAMBDA       DLMAG       FACTOR     E-FIRST     E-FINAL   NQNV  NLS  ENIC  NDV  MDV

         1  6.1114E+00  2.9812E+00  1.8307E-01  1.0000E-01  9.6555E-01  1.0000E+00  3.0531E-02  3.0531E-02    0    0          0    1
 *** USER INFORMATION MESSAGE 4550 (NCONVG)
     *** NEW STIFFNESS MATRIX IS REQUIRED ***
 ^^^     
 *** USER INFORMATION MESSAGE 22713 (SUBDMAP SEKDR)
     PARAMETER EXCLUDE IS NOT DEFINED DIFFERENTIAL STIFFNESS IS COMPUTED FOR ALL ELEMENTS.
 ^^^     
 *** USER WARNING MESSAGE 4698 (DCMPD)
     STATISTICS FOR DECOMPOSITION OF MATRIX KLLRH.
     THE FOLLOWING DEGREES OF FREEDOM HAVE FACTOR DIAGONAL RATIOS GREATER THAN
     1.000000E+07 OR HAVE NEGATIVE TERMS ON THE FACTOR DIAGONAL.
     USER INFORMATION:
     THIS MESSAGE MAY BE IGNORED IF NO GRID POINT IDS OR HIGH RATIO MESSAGES APPEAR IN THE TABLE ON THE NEXT PAGE.
1                                                                           OCTOBER  19, 2023  MSC Nastran 12/14/21   PAGE    21
                                                                                                                                    
0                                                                                                                                   
0                                                                                                                                   
         GRID POINT ID       DEGREE OF FREEDOM   MATRIX/FACTOR DIAGONAL RATIO        MATRIX DIAGONAL                                
                                                                                                                                    
              89                    T3                  -2.97546E+02                   3.11498E+04
             176                    R1                  -2.09108E+00                   1.11981E+07
             533                    R1                  -1.13409E+02                   1.11981E+07
             954                    R1                  -4.95708E-01                   1.11981E+07
            1436                    T3                  -4.96890E+02                   3.12358E+04
1                                                                           OCTOBER  19, 2023  MSC Nastran 12/14/21   PAGE    22
                                                                                                                                    
0                                                                                                                                   
0                             N O N - L I N E A R   I T E R A T I O N   M O D U L E   O U T P U T

     STIFFNESS UPDATE TIME          0.50 SECONDS                                                               SUBCASE        1
            ITERATION TIME          0.03 SECONDS                                                        LOAD FACTOR   1.0000000

                        - - - CONVERGENCE  FACTORS - - -                      - - - LINE SEARCH DATA - - -
0ITERATION      EUI         EPI         EWI      LAMBDA       DLMAG       FACTOR     E-FIRST     E-FINAL   NQNV  NLS  ENIC  NDV  MDV

         2  3.7647E-01  1.3862E-01  6.5521E-04  1.0000E-01  1.6020E-01  1.0000E+00 -1.0982E-02 -1.0982E-02    0    0          0    1
 *** USER INFORMATION MESSAGE 4550 (NCONVG)
     *** NEW STIFFNESS MATRIX IS REQUIRED ***
 ^^^     
 *** USER INFORMATION MESSAGE 22713 (SUBDMAP SEKDR)
     PARAMETER EXCLUDE IS NOT DEFINED DIFFERENTIAL STIFFNESS IS COMPUTED FOR ALL ELEMENTS.
 ^^^     
 *** USER WARNING MESSAGE 4698 (DCMPD)
     STATISTICS FOR DECOMPOSITION OF MATRIX KLLRH.
     THE FOLLOWING DEGREES OF FREEDOM HAVE FACTOR DIAGONAL RATIOS GREATER THAN
     1.000000E+07 OR HAVE NEGATIVE TERMS ON THE FACTOR DIAGONAL.
     USER INFORMATION:
     THIS MESSAGE MAY BE IGNORED IF NO GRID POINT IDS OR HIGH RATIO MESSAGES APPEAR IN THE TABLE ON THE NEXT PAGE.
1                                                                           OCTOBER  19, 2023  MSC Nastran 12/14/21   PAGE    23
                                                                                                                                    
0                                                                                                                                   
0                                                                                                                                   
         GRID POINT ID       DEGREE OF FREEDOM   MATRIX/FACTOR DIAGONAL RATIO        MATRIX DIAGONAL                                
                                                                                                                                    
              89                    T3                  -3.02721E+02                   3.11533E+04
             176                    R1                  -3.20231E+00                   1.11981E+07
             533                    R1                  -1.90911E+03                   1.11981E+07
             954                    R1                  -1.49165E+00                   1.11981E+07
            1436                    T3                  -3.82993E+02                   3.12416E+04
1                                                                           OCTOBER  19, 2023  MSC Nastran 12/14/21   PAGE    24
                                                                                                                                    
0                                                                                                                                   
0                             N O N - L I N E A R   I T E R A T I O N   M O D U L E   O U T P U T

     STIFFNESS UPDATE TIME          0.48 SECONDS                                                               SUBCASE        1
            ITERATION TIME          0.03 SECONDS                                                        LOAD FACTOR   1.0000000

                        - - - CONVERGENCE  FACTORS - - -                      - - - LINE SEARCH DATA - - -
0ITERATION      EUI         EPI         EWI      LAMBDA       DLMAG       FACTOR     E-FIRST     E-FINAL   NQNV  NLS  ENIC  NDV  MDV

         3  3.2087E-02  2.0401E-04  8.6725E-08  1.0000E-01  2.4515E-04  1.0000E+00  1.8269E-03  1.8269E-03    0    0          0    1
 *** USER INFORMATION MESSAGE 6186 (NCONVG)
     *** SOLUTION HAS CONVERGED ***
         SUBID    1     LOOPID    4     LOAD STEP    1.000     LOAD FACTOR 1.00000000

     *** NEW STIFFNESS MATRIX IS REQUIRED ***

 *** USER INFORMATION MESSAGE 9005 (SUBDMAP NLSTATIC)
     THE SOLUTION FOR LOOPID= 4 IS SAVED FOR RESTART
 ^^^     
 *** USER INFORMATION MESSAGE 9052 (SUBDMAP NLSTATIC)
     NONLINEAR STATIC ANALYSIS COMPLETED.
 ^^^     
 *** USER INFORMATION MESSAGE 4114 (OUTPX2)
     DATA BLOCK OUG1     WRITTEN ON FORTRAN UNIT    12 IN BINARY (LTLEND) FORMAT USING NDDL DESCRIPTION FOR OUG1, TRL =
                    101                 0            144480                 0                 0                 0                 2
     NAME OF DATA BLOCK WRITTEN ON FORTRAN UNIT IS OUG1    
        (MAXIMUM POSSIBLE FORTRAN RECORD SIZE =       65538 WORDS.)
     (MAXIMUM SIZE OF FORTRAN RECORDS WRITTEN =       36120 WORDS.)
           (NUMBER OF FORTRAN RECORDS WRITTEN =          50 RECORDS.)
           (TOTAL DATA WRITTEN FOR DATA BLOCK =      145128 WORDS.)
 *** USER INFORMATION MESSAGE 4114 (OUTPX2)
     DATA BLOCK OPG1     WRITTEN ON FORTRAN UNIT    12 IN BINARY (LTLEND) FORMAT USING NDDL DESCRIPTION FOR OPG, TRL =
                    101                 0            144480                 0                 0                 0                 2
     NAME OF DATA BLOCK WRITTEN ON FORTRAN UNIT IS OPG1    
        (MAXIMUM POSSIBLE FORTRAN RECORD SIZE =       65538 WORDS.)
     (MAXIMUM SIZE OF FORTRAN RECORDS WRITTEN =       36120 WORDS.)
           (NUMBER OF FORTRAN RECORDS WRITTEN =          50 RECORDS.)
           (TOTAL DATA WRITTEN FOR DATA BLOCK =      145128 WORDS.)
 *** USER INFORMATION MESSAGE 4114 (OUTPX2)
     DATA BLOCK SCRATCH  WRITTEN ON FORTRAN UNIT    12 IN BINARY (LTLEND) FORMAT USING NDDL DESCRIPTION FOR QUALINFO, TRL =
                    301                 1                 7                 0                 0                 0                 0
     NAME OF DATA BLOCK WRITTEN ON FORTRAN UNIT IS QUALINFO
        (MAXIMUM POSSIBLE FORTRAN RECORD SIZE =       65538 WORDS.)
     (MAXIMUM SIZE OF FORTRAN RECORDS WRITTEN =          65 WORDS.)
           (NUMBER OF FORTRAN RECORDS WRITTEN =          45 RECORDS.)
           (TOTAL DATA WRITTEN FOR DATA BLOCK =         279 WORDS.)
 *** USER INFORMATION MESSAGE 4110 (OUTPX2)
                                 END-OF-DATA SIMULATION ON FORTRAN UNIT    12
                                 (MAXIMUM SIZE OF FORTRAN RECORDS WRITTEN =      1 WORDS.)
                                       (NUMBER OF FORTRAN RECORDS WRITTEN =      1 RECORDS.)
                                       (TOTAL DATA WRITTEN FOR EOF MARKER =      1 WORDS.)
1                                                                           OCTOBER  19, 2023  MSC Nastran 12/14/21   PAGE    25
                                                                                                                                    
0                                                                                                                                   
 * * * *  D B D I C T   P R I N T  * * * *      SUBDMAP = PRTSUM  ,  DMAP STATEMENT NO.     74



0                                   * * * *  A N A L Y S I S  S U M M A R Y  T A B L E  * * * *
0 SEID  PEID PROJ VERS APRCH      SEMG SEMR SEKR SELG SELR MODES DYNRED SOLLIN SOLNL LOOPID DESIGN CYCLE SENSITIVITY
 -------------------------------------------------------------------------------------------------------------------
     0     0    1    1 '        '    T    F    F    T    F     F      F      F     F      0            0           F
     0     0    1    1 '        '    F    F    F    F    F     F      F      F     T      1            0           F
     0     0    1    1 '        '    F    F    F    F    F     F      F      F     T      2            0           F
     0     0    1    1 '        '    F    F    F    F    F     F      F      F     T      3            0           F
     0     0    1    1 '        '    F    F    F    F    F     F      F      F     T      4            0           F
0SEID = SUPERELEMENT ID.
 PEID = PRIMARY SUPERELEMENT ID OF IMAGE SUPERELEMENT.
 PROJ = PROJECT ID NUMBER.
 VERS = VERSION ID.
 APRCH = BLANK FOR STRUCTURAL ANALYSIS.  HEAT FOR HEAT TRANSFER ANALYSIS.
 SEMG = STIFFNESS AND MASS MATRIX GENERATION STEP.
 SEMR = MASS MATRIX REDUCTION STEP (INCLUDES EIGENVALUE SOLUTION FOR MODES).
 SEKR = STIFFNESS MATRIX REDUCTION STEP.
 SELG = LOAD MATRIX GENERATION STEP.
 SELR = LOAD MATRIX REDUCTION STEP. 
 MODES = T (TRUE) IF NORMAL MODES OR BUCKLING MODES CALCULATED.
 DYNRED = T (TRUE) MEANS GENERALIZED DYNAMIC AND/OR COMPONENT MODE REDUCTION PERFORMED.
 SOLLIN = T (TRUE) IF LINEAR SOLUTION EXISTS IN DATABASE.
 LOOPID = THE LAST LOOPID VALUE USED IN THE NONLINEAR ANALYSIS.  USEFUL FOR RESTARTS.
 SOLNL = T (TRUE) IF NONLINEAR SOLUTION EXISTS IN DATABASE.
 DESIGN CYCLE = THE LAST DESIGN CYCLE (ONLY VALID IN OPTIMIZATION).
 SENSITIVITY = SENSITIVITY MATRIX GENERATION FLAG.
 
 No PARAM values were set in the Control File.
 
1                                        * * * END OF JOB * * *
 
 
 No Symbolic Replacement variables or values were specified.

