1
 
 
 
 
                      Warning: This computer program is protected by copyright law and international treaties.       
                  Unauthorized use, reproduction or distribution of this computer program, or any portion of it, may 
                                          result in severe civil and criminal penalties.                             
                         Copyright (C) 2021 MSC Software Corporation and its licensors. All rights reserved.         
 
 
                                              * * * * * * * * * * * * * * * * * * * *
                                              * * * * * * * * * * * * * * * * * * * *
                                              * *                                 * *
                                              * *           MSC Software          * *
                                              * *               CORP              * *
                                              * *                                 * *
                                              * *      M S C   N a s t r a n      * *
                                              * *                                 * *
                                              * *                                 * *
                                              * *                                 * *
                                              * *     Version 2021.4-CL855437     * *
                                              * *                                 * *
                                              * *                                 * *
                                              * *                                 * *
                                              * *          DEC 14, 2021           * *
                                              * *                                 * *
                                              * *              Intel              * *
                                              * * MODEL Intel(R) Core(TM) i7-8700 * *
                                              * * Windows 10 Enterprise 6.2 9200  * *
                                              * * Compiled for 8664 (SINGLE Mode) * *
                                              * *                                 * *
                                              * * * * * * * * * * * * * * * * * * * *
                                              * * * * * * * * * * * * * * * * * * * *
1                                                                           OCTOBER  19, 2023  MSC Nastran 12/14/21   PAGE     1
                                                                                                                                    
0        N A S T R A N    F I L E    A N D    S Y S T E M    P A R A M E T E R    E C H O                                           
0                                                                                                                                   
                                                                                                                                    
                                                                                                                                    
     $ SYSFIELD=SCR*(RAW=YES,BUFFIO=YES,WNUM=16,WSIZE=16MB) $(C:/PROGRAM FILES/MSC.SO
     $ SYSFIELD=DBALL(RAW=YES,BUFFIO=YES,WNUM=16,WSIZE=16MB) $(C:/PROGRAM FILES/MSC.S
     NASTRAN BUFFSIZE=32769 $(C:/PROGRAM FILES/MSC.SOFTWARE/MSC_NASTRAN/2021.4/CONF/N
     $PYNASTRAN: VERSION=MSC                                                         
     $PYNASTRAN: PUNCH=FALSE                                                         
     $PYNASTRAN: ENCODING=UTF-8                                                      
     $PYNASTRAN: NNODES=4515                                                         
     $PYNASTRAN: NELEMENTS=4680                                                      
     $EXECUTIVE CONTROL DECK                                                         
1                                                                           OCTOBER  19, 2023  MSC Nastran 12/14/21   PAGE     2
                                                                                                                                    
0        N A S T R A N    E X E C U T I V E    C O N T R O L    E C H O                                                             
0                                                                                                                                   
                                                                                                                                    
                                                                                                                                    
     SOL 106                                                                                 
     CEND                                                                                    
1                                                                           OCTOBER  19, 2023  MSC Nastran 12/14/21   PAGE     3
                                                                                                                                    
0                                                                                                                                   
0                                        C A S E    C O N T R O L    E C H O                                                        
                 COMMAND                                                                                                            
                 COUNT                                                                                                              
                  1      $CASE CONTROL DECK                                                                      
                  2      DISPLACEMENT(PLOT) = ALL                                                                
                  3      ECHO = NONE                                                                             
                  4      NLPARM = 1                                                                              
                  5      OLOAD(PLOT) = ALL                                                                       
                  6      SPC = 1                                                                                 
                  7      SUBCASE 1                                                                               
                  8          LOAD = 12                                                                           
                  9      BEGIN BULK                                                                              
1                                                                           OCTOBER  19, 2023  MSC Nastran 12/14/21   PAGE     4
                                                                                                                                    
0                                                                                                                                   
                                              I N P U T   B U L K   D A T A   E C H O                                               
                 ENTRY                                                                                                              
                 COUNT        .   1  ..   2  ..   3  ..   4  ..   5  ..   6  ..   7  ..   8  ..   9  ..  10  .                      

*** USER WARNING MESSAGE (fn: GETLIN)
    The ENDDATA statement is missing.
1                                                                           OCTOBER  19, 2023  MSC Nastran 12/14/21   PAGE     5
                                                                                                                                    
0                                                                                                                                   
                                        M O D E L   S U M M A R Y          BULK = 0
                                   ENTRY NAME        NUMBER OF ENTRIES
                                   ----------        -----------------
                                       CQUAD4                     4680
                                        FORCE                        1
                                         GRID                     4515
                                         LOAD                        1
                                         MAT1                        1
                                       NLPARM                        1
                                        NLPCI                        1
                                        PARAM                        2
                                       PSHELL                        1
                                         RBE3                        1
                                         SPC1                        1

 *** USER WARNING MESSAGE 316 (IXTSNLPM)
     ILLEGAL DATA ON BULK DATA ENTRY NLPARM        1: KSTEP = -1 is only allowed for SOL 400 and will be ignored.
    DEFAULT NONLINEAR TOLERANCES 
       NLPARM ID      1
       NINC         100
       EPSU          1.00000E-02 (not normally used)
       EPSP          1.00000E-02
       EPSW          1.00000E-02
      (VALUES YOU ENTER OVERIDE THE ABOVE DEFAULTS)

 ^^^     
 ^^^ >>> IFP OPERATIONS COMPLETE <<< 
 ^^^     
 *** USER INFORMATION MESSAGE 4109 (OUTPX2)
     THE LABEL IS XXXXXXXX FOR FORTRAN UNIT    12
     (MAXIMUM SIZE OF FORTRAN RECORDS WRITTEN =          7 WORDS.)
           (NUMBER OF FORTRAN RECORDS WRITTEN =         10 RECORDS.)
                (TOTAL DATA WRITTEN FOR LABEL =         21 WORDS.)
 *** USER INFORMATION MESSAGE 4114 (OUTPX2)
     DATA BLOCK GEOM1X   WRITTEN ON FORTRAN UNIT    12 IN BINARY (LTLEND) FORMAT USING NDDL DESCRIPTION FOR GEOM1, TRL =
                    101                 0                 0                 8                 0                 0                 0
     NAME OF DATA BLOCK WRITTEN ON FORTRAN UNIT IS GEOM1   
        (MAXIMUM POSSIBLE FORTRAN RECORD SIZE =       65538 WORDS.)
     (MAXIMUM SIZE OF FORTRAN RECORDS WRITTEN =       36123 WORDS.)
           (NUMBER OF FORTRAN RECORDS WRITTEN =          20 RECORDS.)
           (TOTAL DATA WRITTEN FOR DATA BLOCK =       36161 WORDS.)
 *** USER INFORMATION MESSAGE 4114 (OUTPX2)
     DATA BLOCK GEOM2X   WRITTEN ON FORTRAN UNIT    12 IN BINARY (LTLEND) FORMAT USING NDDL DESCRIPTION FOR GEOM2, TRL =
                    102                 0                 0                 0              8192                 0                 0
     NAME OF DATA BLOCK WRITTEN ON FORTRAN UNIT IS GEOM2   
        (MAXIMUM POSSIBLE FORTRAN RECORD SIZE =       65538 WORDS.)
     (MAXIMUM SIZE OF FORTRAN RECORDS WRITTEN =       65538 WORDS.)
           (NUMBER OF FORTRAN RECORDS WRITTEN =          22 RECORDS.)
           (TOTAL DATA WRITTEN FOR DATA BLOCK =       70242 WORDS.)
 *** USER INFORMATION MESSAGE 4114 (OUTPX2)
     DATA BLOCK GEOM3X   WRITTEN ON FORTRAN UNIT    12 IN BINARY (LTLEND) FORMAT USING NDDL DESCRIPTION FOR GEOM3, TRL =
                    103                 0                 0                64                 8                 0                 0
     NAME OF DATA BLOCK WRITTEN ON FORTRAN UNIT IS GEOM3   
        (MAXIMUM POSSIBLE FORTRAN RECORD SIZE =       65538 WORDS.)
     (MAXIMUM SIZE OF FORTRAN RECORDS WRITTEN =          10 WORDS.)
           (NUMBER OF FORTRAN RECORDS WRITTEN =          25 RECORDS.)
           (TOTAL DATA WRITTEN FOR DATA BLOCK =          61 WORDS.)
1                                                                           OCTOBER  19, 2023  MSC Nastran 12/14/21   PAGE     6
                                                                                                                                    
0                                                                                                                                   
0                                                                                                                                   
                                                                                                                                    
                                                                                                                                    
 *** USER INFORMATION MESSAGE 4114 (OUTPX2)
     DATA BLOCK GEOM4X   WRITTEN ON FORTRAN UNIT    12 IN BINARY (LTLEND) FORMAT USING NDDL DESCRIPTION FOR GEOM4, TRL =
                    104                 0                 0                 0                64               512                 0
     NAME OF DATA BLOCK WRITTEN ON FORTRAN UNIT IS GEOM4   
        (MAXIMUM POSSIBLE FORTRAN RECORD SIZE =       65538 WORDS.)
     (MAXIMUM SIZE OF FORTRAN RECORDS WRITTEN =         186 WORDS.)
           (NUMBER OF FORTRAN RECORDS WRITTEN =          25 RECORDS.)
           (TOTAL DATA WRITTEN FOR DATA BLOCK =         330 WORDS.)
 *** USER INFORMATION MESSAGE 4114 (OUTPX2)
     DATA BLOCK EPTX     WRITTEN ON FORTRAN UNIT    12 IN BINARY (LTLEND) FORMAT USING NDDL DESCRIPTION FOR EPT, TRL =
                    105                 0               512                 0                 0                 0                 0
     NAME OF DATA BLOCK WRITTEN ON FORTRAN UNIT IS EPT     
        (MAXIMUM POSSIBLE FORTRAN RECORD SIZE =       65538 WORDS.)
     (MAXIMUM SIZE OF FORTRAN RECORDS WRITTEN =          14 WORDS.)
           (NUMBER OF FORTRAN RECORDS WRITTEN =          20 RECORDS.)
           (TOTAL DATA WRITTEN FOR DATA BLOCK =          52 WORDS.)
 *** USER INFORMATION MESSAGE 4114 (OUTPX2)
     DATA BLOCK MPTS     WRITTEN ON FORTRAN UNIT    12 IN BINARY (LTLEND) FORMAT USING NDDL DESCRIPTION FOR MPT, TRL =
                    101             32768                 5                 0                 0                 0                 0
     NAME OF DATA BLOCK WRITTEN ON FORTRAN UNIT IS MPT     
        (MAXIMUM POSSIBLE FORTRAN RECORD SIZE =       65538 WORDS.)
     (MAXIMUM SIZE OF FORTRAN RECORDS WRITTEN =          23 WORDS.)
           (NUMBER OF FORTRAN RECORDS WRITTEN =          30 RECORDS.)
           (TOTAL DATA WRITTEN FOR DATA BLOCK =          95 WORDS.)
 *** USER INFORMATION MESSAGE 4114 (OUTPX2)
     DATA BLOCK CASESO   WRITTEN ON FORTRAN UNIT    12 IN BINARY (LTLEND) FORMAT USING NDDL DESCRIPTION FOR CASECC, TRL =
                    101                 1                 0              1000                 0                 0                 0
     NAME OF DATA BLOCK WRITTEN ON FORTRAN UNIT IS CASECC  
        (MAXIMUM POSSIBLE FORTRAN RECORD SIZE =       65538 WORDS.)
     (MAXIMUM SIZE OF FORTRAN RECORDS WRITTEN =        1000 WORDS.)
           (NUMBER OF FORTRAN RECORDS WRITTEN =          15 RECORDS.)
           (TOTAL DATA WRITTEN FOR DATA BLOCK =        1031 WORDS.)
1                                                                           OCTOBER  19, 2023  MSC Nastran 12/14/21   PAGE     7
                                                                                                                                    
0                                                                                                                                   
 *** USER INFORMATION MESSAGE 7310 (VECPRN)
     ORIGIN OF SUPERELEMENT OR MODULE BASIC COORDINATE SYSTEM WILL BE USED AS REFERENCE LOCATION.
     RESULTANTS ABOUT ORIGIN OF SUPERELEMENT OR MODULE BASIC COORDINATE SYSTEM IN SUPERELEMENT OR MODULE
     BASIC SYSTEM COORDINATES.
0                                                  OLOAD    RESULTANT       
  SUBCASE/    LOAD
  DAREA ID    TYPE       T1            T2            T3            R1            R2            R3
0        1     FX    0.000000E+00     ----          ----          ----       0.000000E+00  0.000000E+00                             
               FY       ----       0.000000E+00     ----       0.000000E+00     ----       0.000000E+00                             
               FZ       ----          ----       6.201953E+03  2.790879E+07 -3.100976E+06     ----                                  
               MX       ----          ----          ----       0.000000E+00     ----          ----                                  
               MY       ----          ----          ----          ----       0.000000E+00     ----                                  
               MZ       ----          ----          ----          ----          ----       0.000000E+00                             
             TOTALS  0.000000E+00  0.000000E+00  6.201953E+03  2.790879E+07 -3.100976E+06  0.000000E+00
1                                                                           OCTOBER  19, 2023  MSC Nastran 12/14/21   PAGE     8
                                                                                                                                    
0                                                                                                                                   
0                             N O N - L I N E A R   I T E R A T I O N   M O D U L E   O U T P U T

     STIFFNESS UPDATE TIME          0.45 SECONDS                                                               SUBCASE        1
            ITERATION TIME          0.03 SECONDS                                                        LOAD FACTOR   0.0100000

                        - - - CONVERGENCE  FACTORS - - -                      - - - LINE SEARCH DATA - - -
0ITERATION      EUI         EPI         EWI      LAMBDA       DLMAG       FACTOR     E-FIRST     E-FINAL   NQNV  NLS  ENIC  NDV  MDV

         1  9.9000E+01  3.8177E-01  3.8177E-01  1.0000E-01  2.2134E-03  1.0000E+00 -5.9459E-06 -5.9459E-06    0    0          0    1
 *** USER INFORMATION MESSAGE 4550 (NCONVG)
     *** NEW STIFFNESS MATRIX IS REQUIRED ***
 ^^^     
 *** USER INFORMATION MESSAGE 22713 (SUBDMAP SEKDR)
     PARAMETER EXCLUDE IS NOT DEFINED DIFFERENTIAL STIFFNESS IS COMPUTED FOR ALL ELEMENTS.
 ^^^     
1                                                                           OCTOBER  19, 2023  MSC Nastran 12/14/21   PAGE     9
                                                                                                                                    
0                                                                                                                                   
0                             N O N - L I N E A R   I T E R A T I O N   M O D U L E   O U T P U T

     STIFFNESS UPDATE TIME          0.56 SECONDS                                                               SUBCASE        1
            ITERATION TIME          0.02 SECONDS                                                        LOAD FACTOR   0.0100000

                        - - - CONVERGENCE  FACTORS - - -                      - - - LINE SEARCH DATA - - -
0ITERATION      EUI         EPI         EWI      LAMBDA       DLMAG       FACTOR     E-FIRST     E-FINAL   NQNV  NLS  ENIC  NDV  MDV

         2  6.6396E-03  2.4377E-07  1.0751E-10  1.0000E-01  1.9781E-08  1.0000E+00  6.8627E-08  6.8627E-08    0    0          0    1
 *** USER INFORMATION MESSAGE 6186 (NCONVG)
     *** SOLUTION HAS CONVERGED ***
         SUBID    1     LOOPID    1     LOAD STEP    0.010     LOAD FACTOR 0.01000000

     *** NEW STIFFNESS MATRIX IS REQUIRED ***

 *** USER INFORMATION MESSAGE 9005 (SUBDMAP NLSTATIC)
     THE SOLUTION FOR LOOPID= 1 IS SAVED FOR RESTART
 ^^^     
 *** USER INFORMATION MESSAGE 22713 (SUBDMAP SEKDR)
     PARAMETER EXCLUDE IS NOT DEFINED DIFFERENTIAL STIFFNESS IS COMPUTED FOR ALL ELEMENTS.
 ^^^     
1                                                                           OCTOBER  19, 2023  MSC Nastran 12/14/21   PAGE    10
                                                                                                                                    
0                                                                                                                                   
0                             N O N - L I N E A R   I T E R A T I O N   M O D U L E   O U T P U T

     STIFFNESS UPDATE TIME          0.66 SECONDS                                                               SUBCASE        1
            ITERATION TIME          0.03 SECONDS                                                        LOAD FACTOR   0.0416228

                        - - - CONVERGENCE  FACTORS - - -                      - - - LINE SEARCH DATA - - -
0ITERATION      EUI         EPI         EWI      LAMBDA       DLMAG       FACTOR     E-FIRST     E-FINAL   NQNV  NLS  ENIC  NDV  MDV

         1  7.5215E+01  3.8178E+00  2.9005E+00  1.0000E-01  2.2134E-02  1.0000E+00 -5.8662E-05 -5.8662E-05    0    0          0    1
 *** USER INFORMATION MESSAGE 4550 (NCONVG)
     *** NEW STIFFNESS MATRIX IS REQUIRED ***
 ^^^     
 *** USER INFORMATION MESSAGE 22713 (SUBDMAP SEKDR)
     PARAMETER EXCLUDE IS NOT DEFINED DIFFERENTIAL STIFFNESS IS COMPUTED FOR ALL ELEMENTS.
 ^^^     
1                                                                           OCTOBER  19, 2023  MSC Nastran 12/14/21   PAGE    11
                                                                                                                                    
0                                                                                                                                   
0                             N O N - L I N E A R   I T E R A T I O N   M O D U L E   O U T P U T

     STIFFNESS UPDATE TIME          0.75 SECONDS                                                               SUBCASE        1
            ITERATION TIME          0.05 SECONDS                                                        LOAD FACTOR   0.0416227

                        - - - CONVERGENCE  FACTORS - - -                      - - - LINE SEARCH DATA - - -
0ITERATION      EUI         EPI         EWI      LAMBDA       DLMAG       FACTOR     E-FIRST     E-FINAL   NQNV  NLS  ENIC  NDV  MDV

         2  1.5964E-02  1.0751E-06  3.8887E-10  1.0000E-01  1.8294E-07  1.0000E+00  6.3341E-07  6.3341E-07    0    0          0    1
 *** USER INFORMATION MESSAGE 4550 (NCONVG)
     *** NEW STIFFNESS MATRIX IS REQUIRED ***
 ^^^     
 *** USER INFORMATION MESSAGE 22713 (SUBDMAP SEKDR)
     PARAMETER EXCLUDE IS NOT DEFINED DIFFERENTIAL STIFFNESS IS COMPUTED FOR ALL ELEMENTS.
 ^^^     
1                                                                           OCTOBER  19, 2023  MSC Nastran 12/14/21   PAGE    12
                                                                                                                                    
0                                                                                                                                   
0                             N O N - L I N E A R   I T E R A T I O N   M O D U L E   O U T P U T

     STIFFNESS UPDATE TIME          0.58 SECONDS                                                               SUBCASE        1
            ITERATION TIME          0.03 SECONDS                                                        LOAD FACTOR   0.0416227

                        - - - CONVERGENCE  FACTORS - - -                      - - - LINE SEARCH DATA - - -
0ITERATION      EUI         EPI         EWI      LAMBDA       DLMAG       FACTOR     E-FIRST     E-FINAL   NQNV  NLS  ENIC  NDV  MDV

         3  1.7487E-07  2.4214E-07  8.0334E-16  1.0000E-01  1.8473E-08  1.0000E+00  0.0000E+00  0.0000E+00    0    0          0    1
 *** USER INFORMATION MESSAGE 6186 (NCONVG)
     *** SOLUTION HAS CONVERGED ***
         SUBID    1     LOOPID    2     LOAD STEP    0.042     LOAD FACTOR 0.04162273

     *** NEW STIFFNESS MATRIX IS REQUIRED ***

 *** USER INFORMATION MESSAGE 9005 (SUBDMAP NLSTATIC)
     THE SOLUTION FOR LOOPID= 2 IS SAVED FOR RESTART
 ^^^     
 *** USER INFORMATION MESSAGE 22713 (SUBDMAP SEKDR)
     PARAMETER EXCLUDE IS NOT DEFINED DIFFERENTIAL STIFFNESS IS COMPUTED FOR ALL ELEMENTS.
 ^^^     
1                                                                           OCTOBER  19, 2023  MSC Nastran 12/14/21   PAGE    13
                                                                                                                                    
0                                                                                                                                   
0                             N O N - L I N E A R   I T E R A T I O N   M O D U L E   O U T P U T

     STIFFNESS UPDATE TIME          0.53 SECONDS                                                               SUBCASE        1
            ITERATION TIME          0.03 SECONDS                                                        LOAD FACTOR   0.1232721

                        - - - CONVERGENCE  FACTORS - - -                      - - - LINE SEARCH DATA - - -
0ITERATION      EUI         EPI         EWI      LAMBDA       DLMAG       FACTOR     E-FIRST     E-FINAL   NQNV  NLS  ENIC  NDV  MDV

         1  6.5573E+01  2.5454E+01  1.6859E+01  1.0000E-01  1.4760E-01  1.0000E+00 -3.8772E-04 -3.8772E-04    0    0          0    1
 *** USER INFORMATION MESSAGE 4550 (NCONVG)
     *** NEW STIFFNESS MATRIX IS REQUIRED ***
 ^^^     
 *** USER INFORMATION MESSAGE 22713 (SUBDMAP SEKDR)
     PARAMETER EXCLUDE IS NOT DEFINED DIFFERENTIAL STIFFNESS IS COMPUTED FOR ALL ELEMENTS.
 ^^^     
1                                                                           OCTOBER  19, 2023  MSC Nastran 12/14/21   PAGE    14
                                                                                                                                    
0                                                                                                                                   
0                             N O N - L I N E A R   I T E R A T I O N   M O D U L E   O U T P U T

     STIFFNESS UPDATE TIME          0.48 SECONDS                                                               SUBCASE        1
            ITERATION TIME          0.03 SECONDS                                                        LOAD FACTOR   0.1232711

                        - - - CONVERGENCE  FACTORS - - -                      - - - LINE SEARCH DATA - - -
0ITERATION      EUI         EPI         EWI      LAMBDA       DLMAG       FACTOR     E-FIRST     E-FINAL   NQNV  NLS  ENIC  NDV  MDV

         2  3.6151E-02  4.2658E-05  1.8968E-08  1.0000E-01  7.0068E-06  1.0000E+00  4.6838E-06  4.6838E-06    0    0          0    1
 *** USER INFORMATION MESSAGE 4550 (NCONVG)
     *** NEW STIFFNESS MATRIX IS REQUIRED ***
 ^^^     
 *** USER INFORMATION MESSAGE 22713 (SUBDMAP SEKDR)
     PARAMETER EXCLUDE IS NOT DEFINED DIFFERENTIAL STIFFNESS IS COMPUTED FOR ALL ELEMENTS.
 ^^^     
1                                                                           OCTOBER  19, 2023  MSC Nastran 12/14/21   PAGE    15
                                                                                                                                    
0                                                                                                                                   
0                             N O N - L I N E A R   I T E R A T I O N   M O D U L E   O U T P U T

     STIFFNESS UPDATE TIME          0.50 SECONDS                                                               SUBCASE        1
            ITERATION TIME          0.03 SECONDS                                                        LOAD FACTOR   0.1232711

                        - - - CONVERGENCE  FACTORS - - -                      - - - LINE SEARCH DATA - - -
0ITERATION      EUI         EPI         EWI      LAMBDA       DLMAG       FACTOR     E-FIRST     E-FINAL   NQNV  NLS  ENIC  NDV  MDV

         3  3.1475E-06  2.3172E-07  1.3801E-14  1.0000E-01  1.8040E-08  1.0000E+00  0.0000E+00  0.0000E+00    0    0          0    1
 *** USER INFORMATION MESSAGE 6186 (NCONVG)
     *** SOLUTION HAS CONVERGED ***
         SUBID    1     LOOPID    3     LOAD STEP    0.123     LOAD FACTOR 0.12327113

     *** NEW STIFFNESS MATRIX IS REQUIRED ***

 *** USER INFORMATION MESSAGE 9005 (SUBDMAP NLSTATIC)
     THE SOLUTION FOR LOOPID= 3 IS SAVED FOR RESTART
 ^^^     
 *** USER INFORMATION MESSAGE 22713 (SUBDMAP SEKDR)
     PARAMETER EXCLUDE IS NOT DEFINED DIFFERENTIAL STIFFNESS IS COMPUTED FOR ALL ELEMENTS.
 ^^^     
1                                                                           OCTOBER  19, 2023  MSC Nastran 12/14/21   PAGE    16
                                                                                                                                    
0                                                                                                                                   
0                             N O N - L I N E A R   I T E R A T I O N   M O D U L E   O U T P U T

     STIFFNESS UPDATE TIME          0.53 SECONDS                                                               SUBCASE        1
            ITERATION TIME          0.03 SECONDS                                                        LOAD FACTOR   0.3232646

                        - - - CONVERGENCE  FACTORS - - -                      - - - LINE SEARCH DATA - - -
0ITERATION      EUI         EPI         EWI      LAMBDA       DLMAG       FACTOR     E-FIRST     E-FINAL   NQNV  NLS  ENIC  NDV  MDV

         1  6.1249E+01  1.5277E+02  9.4513E+01  1.0000E-01  8.8771E-01  1.0000E+00 -2.3085E-03 -2.3085E-03    0    0          0    1
 *** USER INFORMATION MESSAGE 4550 (NCONVG)
     *** NEW STIFFNESS MATRIX IS REQUIRED ***
 ^^^     
 *** USER INFORMATION MESSAGE 22713 (SUBDMAP SEKDR)
     PARAMETER EXCLUDE IS NOT DEFINED DIFFERENTIAL STIFFNESS IS COMPUTED FOR ALL ELEMENTS.
 ^^^     
1                                                                           OCTOBER  19, 2023  MSC Nastran 12/14/21   PAGE    17
                                                                                                                                    
0                                                                                                                                   
0                             N O N - L I N E A R   I T E R A T I O N   M O D U L E   O U T P U T

     STIFFNESS UPDATE TIME          0.52 SECONDS                                                               SUBCASE        1
            ITERATION TIME          0.02 SECONDS                                                        LOAD FACTOR   0.3232415

                        - - - CONVERGENCE  FACTORS - - -                      - - - LINE SEARCH DATA - - -
0ITERATION      EUI         EPI         EWI      LAMBDA       DLMAG       FACTOR     E-FIRST     E-FINAL   NQNV  NLS  ENIC  NDV  MDV

         2  8.7085E-02  2.4871E-03  2.8730E-06  1.0000E-01  6.1225E-04  1.0000E+00  5.6231E-05  5.6231E-05    0    0          0    1
 *** USER INFORMATION MESSAGE 4550 (NCONVG)
     *** NEW STIFFNESS MATRIX IS REQUIRED ***
 ^^^     
 *** USER INFORMATION MESSAGE 22713 (SUBDMAP SEKDR)
     PARAMETER EXCLUDE IS NOT DEFINED DIFFERENTIAL STIFFNESS IS COMPUTED FOR ALL ELEMENTS.
 ^^^     
1                                                                           OCTOBER  19, 2023  MSC Nastran 12/14/21   PAGE    18
                                                                                                                                    
0                                                                                                                                   
0                             N O N - L I N E A R   I T E R A T I O N   M O D U L E   O U T P U T

     STIFFNESS UPDATE TIME          0.56 SECONDS                                                               SUBCASE        1
            ITERATION TIME          0.03 SECONDS                                                        LOAD FACTOR   0.3232400

                        - - - CONVERGENCE  FACTORS - - -                      - - - LINE SEARCH DATA - - -
0ITERATION      EUI         EPI         EWI      LAMBDA       DLMAG       FACTOR     E-FIRST     E-FINAL   NQNV  NLS  ENIC  NDV  MDV

         3  1.0915E-04  2.6025E-07  6.9032E-13  1.0000E-01  6.5991E-08  1.0000E+00  0.0000E+00  0.0000E+00    0    0          0    1
 *** USER INFORMATION MESSAGE 6186 (NCONVG)
     *** SOLUTION HAS CONVERGED ***
         SUBID    1     LOOPID    4     LOAD STEP    0.323     LOAD FACTOR 0.32323996

     *** NEW STIFFNESS MATRIX IS REQUIRED ***

 *** USER INFORMATION MESSAGE 9005 (SUBDMAP NLSTATIC)
     THE SOLUTION FOR LOOPID= 4 IS SAVED FOR RESTART
 ^^^     
 *** USER INFORMATION MESSAGE 22713 (SUBDMAP SEKDR)
     PARAMETER EXCLUDE IS NOT DEFINED DIFFERENTIAL STIFFNESS IS COMPUTED FOR ALL ELEMENTS.
 ^^^     
1                                                                           OCTOBER  19, 2023  MSC Nastran 12/14/21   PAGE    19
                                                                                                                                    
0                                                                                                                                   
0                             N O N - L I N E A R   I T E R A T I O N   M O D U L E   O U T P U T

     STIFFNESS UPDATE TIME          0.52 SECONDS                                                               SUBCASE        1
            ITERATION TIME          0.03 SECONDS                                                        LOAD FACTOR   0.5231621

                        - - - CONVERGENCE  FACTORS - - -                      - - - LINE SEARCH DATA - - -
0ITERATION      EUI         EPI         EWI      LAMBDA       DLMAG       FACTOR     E-FIRST     E-FINAL   NQNV  NLS  ENIC  NDV  MDV

         1  3.7841E+01  1.5295E+02  5.8460E+01  1.0000E-01  9.0877E-01  1.0000E+00 -1.9433E-03 -1.9433E-03    0    0          0    1
 *** USER INFORMATION MESSAGE 4550 (NCONVG)
     *** NEW STIFFNESS MATRIX IS REQUIRED ***
 ^^^     
 *** USER INFORMATION MESSAGE 22713 (SUBDMAP SEKDR)
     PARAMETER EXCLUDE IS NOT DEFINED DIFFERENTIAL STIFFNESS IS COMPUTED FOR ALL ELEMENTS.
 ^^^     
 *** USER WARNING MESSAGE 4698 (DCMPD)
     STATISTICS FOR DECOMPOSITION OF MATRIX KLLRH.
     THE FOLLOWING DEGREES OF FREEDOM HAVE FACTOR DIAGONAL RATIOS GREATER THAN
     1.000000E+07 OR HAVE NEGATIVE TERMS ON THE FACTOR DIAGONAL.
     USER INFORMATION:
     THIS MESSAGE MAY BE IGNORED IF NO GRID POINT IDS OR HIGH RATIO MESSAGES APPEAR IN THE TABLE ON THE NEXT PAGE.
1                                                                           OCTOBER  19, 2023  MSC Nastran 12/14/21   PAGE    20
                                                                                                                                    
0                                                                                                                                   
0                                                                                                                                   
         GRID POINT ID       DEGREE OF FREEDOM   MATRIX/FACTOR DIAGONAL RATIO        MATRIX DIAGONAL                                
                                                                                                                                    
             973                    R1                  -1.29614E+00                   1.11981E+07
1                                                                           OCTOBER  19, 2023  MSC Nastran 12/14/21   PAGE    21
                                                                                                                                    
0                                                                                                                                   
0                             N O N - L I N E A R   I T E R A T I O N   M O D U L E   O U T P U T

     STIFFNESS UPDATE TIME          0.50 SECONDS                                                               SUBCASE        1
            ITERATION TIME          0.02 SECONDS                                                        LOAD FACTOR   0.5229564

                        - - - CONVERGENCE  FACTORS - - -                      - - - LINE SEARCH DATA - - -
0ITERATION      EUI         EPI         EWI      LAMBDA       DLMAG       FACTOR     E-FIRST     E-FINAL   NQNV  NLS  ENIC  NDV  MDV

         2  1.0841E-01  2.0467E-01  3.2279E-04  1.0000E-01  4.1110E-02  1.0000E+00 -3.4990E-03 -3.4990E-03    0    0          0    1
 *** USER INFORMATION MESSAGE 4550 (NCONVG)
     *** NEW STIFFNESS MATRIX IS REQUIRED ***
 ^^^     
 *** USER INFORMATION MESSAGE 22713 (SUBDMAP SEKDR)
     PARAMETER EXCLUDE IS NOT DEFINED DIFFERENTIAL STIFFNESS IS COMPUTED FOR ALL ELEMENTS.
 ^^^     
 *** USER WARNING MESSAGE 4698 (DCMPD)
     STATISTICS FOR DECOMPOSITION OF MATRIX KLLRH.
     THE FOLLOWING DEGREES OF FREEDOM HAVE FACTOR DIAGONAL RATIOS GREATER THAN
     1.000000E+07 OR HAVE NEGATIVE TERMS ON THE FACTOR DIAGONAL.
     USER INFORMATION:
     THIS MESSAGE MAY BE IGNORED IF NO GRID POINT IDS OR HIGH RATIO MESSAGES APPEAR IN THE TABLE ON THE NEXT PAGE.
1                                                                           OCTOBER  19, 2023  MSC Nastran 12/14/21   PAGE    22
                                                                                                                                    
0                                                                                                                                   
0                                                                                                                                   
         GRID POINT ID       DEGREE OF FREEDOM   MATRIX/FACTOR DIAGONAL RATIO        MATRIX DIAGONAL                                
                                                                                                                                    
             935                    T3                  -2.39549E-01                   3.12355E+04
1                                                                           OCTOBER  19, 2023  MSC Nastran 12/14/21   PAGE    23
                                                                                                                                    
0                                                                                                                                   
0                             N O N - L I N E A R   I T E R A T I O N   M O D U L E   O U T P U T

     STIFFNESS UPDATE TIME          0.53 SECONDS                                                               SUBCASE        1
            ITERATION TIME          0.03 SECONDS                                                        LOAD FACTOR   0.5228437

                        - - - CONVERGENCE  FACTORS - - -                      - - - LINE SEARCH DATA - - -
0ITERATION      EUI         EPI         EWI      LAMBDA       DLMAG       FACTOR     E-FIRST     E-FINAL   NQNV  NLS  ENIC  NDV  MDV

         3  3.6267E-03  2.0140E-05  8.2009E-09  1.0000E-01  6.9204E-06  1.0000E+00  1.2919E-04  1.2919E-04    0    0          0    1
 *** USER INFORMATION MESSAGE 6186 (NCONVG)
     *** SOLUTION HAS CONVERGED ***
         SUBID    1     LOOPID    5     LOAD STEP    0.523     LOAD FACTOR 0.52284369

     *** NEW STIFFNESS MATRIX IS REQUIRED ***

 *** USER INFORMATION MESSAGE 9005 (SUBDMAP NLSTATIC)
     THE SOLUTION FOR LOOPID= 5 IS SAVED FOR RESTART
 ^^^     
 *** USER INFORMATION MESSAGE 22713 (SUBDMAP SEKDR)
     PARAMETER EXCLUDE IS NOT DEFINED DIFFERENTIAL STIFFNESS IS COMPUTED FOR ALL ELEMENTS.
 ^^^     
 *** USER WARNING MESSAGE 4698 (DCMPD)
     STATISTICS FOR DECOMPOSITION OF MATRIX KLLRH.
     THE FOLLOWING DEGREES OF FREEDOM HAVE FACTOR DIAGONAL RATIOS GREATER THAN
     1.000000E+07 OR HAVE NEGATIVE TERMS ON THE FACTOR DIAGONAL.
     USER INFORMATION:
     THIS MESSAGE MAY BE IGNORED IF NO GRID POINT IDS OR HIGH RATIO MESSAGES APPEAR IN THE TABLE ON THE NEXT PAGE.
1                                                                           OCTOBER  19, 2023  MSC Nastran 12/14/21   PAGE    24
                                                                                                                                    
0                                                                                                                                   
0                                                                                                                                   
         GRID POINT ID       DEGREE OF FREEDOM   MATRIX/FACTOR DIAGONAL RATIO        MATRIX DIAGONAL                                
                                                                                                                                    
             954                    R1                  -1.05016E+01                   1.11981E+07
1                                                                           OCTOBER  19, 2023  MSC Nastran 12/14/21   PAGE    25
                                                                                                                                    
0                                                                                                                                   
0                             N O N - L I N E A R   I T E R A T I O N   M O D U L E   O U T P U T

     STIFFNESS UPDATE TIME          0.59 SECONDS                                                               SUBCASE        1
            ITERATION TIME          0.02 SECONDS                                                        LOAD FACTOR   0.7219515

                        - - - CONVERGENCE  FACTORS - - -                      - - - LINE SEARCH DATA - - -
0ITERATION      EUI         EPI         EWI      LAMBDA       DLMAG       FACTOR     E-FIRST     E-FINAL   NQNV  NLS  ENIC  NDV  MDV

         1  2.7487E+01  1.5660E+02  4.3404E+01  1.0000E-01  2.4301E+00  1.0000E+00  4.7073E-02  4.7073E-02    0    0          0    1
 *** USER INFORMATION MESSAGE 4550 (NCONVG)
     *** NEW STIFFNESS MATRIX IS REQUIRED ***
 ^^^     
 *** USER INFORMATION MESSAGE 22713 (SUBDMAP SEKDR)
     PARAMETER EXCLUDE IS NOT DEFINED DIFFERENTIAL STIFFNESS IS COMPUTED FOR ALL ELEMENTS.
 ^^^     
 *** USER WARNING MESSAGE 4698 (DCMPD)
     STATISTICS FOR DECOMPOSITION OF MATRIX KLLRH.
     THE FOLLOWING DEGREES OF FREEDOM HAVE FACTOR DIAGONAL RATIOS GREATER THAN
     1.000000E+07 OR HAVE NEGATIVE TERMS ON THE FACTOR DIAGONAL.
     USER INFORMATION:
     THIS MESSAGE MAY BE IGNORED IF NO GRID POINT IDS OR HIGH RATIO MESSAGES APPEAR IN THE TABLE ON THE NEXT PAGE.
1                                                                           OCTOBER  19, 2023  MSC Nastran 12/14/21   PAGE    26
                                                                                                                                    
0                                                                                                                                   
0                                                                                                                                   
         GRID POINT ID       DEGREE OF FREEDOM   MATRIX/FACTOR DIAGONAL RATIO        MATRIX DIAGONAL                                
                                                                                                                                    
             495                    T3                  -9.79204E+01                   3.12166E+04
             935                    R1                  -1.06109E+02                   1.11981E+07
1                                                                           OCTOBER  19, 2023  MSC Nastran 12/14/21   PAGE    27
                                                                                                                                    
0                                                                                                                                   
0                             N O N - L I N E A R   I T E R A T I O N   M O D U L E   O U T P U T

     STIFFNESS UPDATE TIME          0.53 SECONDS                                                               SUBCASE        1
            ITERATION TIME          0.03 SECONDS                                                        LOAD FACTOR   0.6858031

                        - - - CONVERGENCE  FACTORS - - -                      - - - LINE SEARCH DATA - - -
0ITERATION      EUI         EPI         EWI      LAMBDA       DLMAG       FACTOR     E-FIRST     E-FINAL   NQNV  NLS  ENIC  NDV  MDV

         2  2.6301E+00  2.8511E+02  3.9163E+01  1.0000E-01  3.4996E+01  1.0000E+00 -5.1069E+01 -5.1069E+01    0    0          1    1
 *** USER INFORMATION MESSAGE 4550 (NCONVG)
     *** NEW STIFFNESS MATRIX IS REQUIRED ***
 ^^^     
 *** USER INFORMATION MESSAGE 22713 (SUBDMAP SEKDR)
     PARAMETER EXCLUDE IS NOT DEFINED DIFFERENTIAL STIFFNESS IS COMPUTED FOR ALL ELEMENTS.
 ^^^     
1                                                                           OCTOBER  19, 2023  MSC Nastran 12/14/21   PAGE    28
                                                                                                                                    
0                                                                                                                                   
0                             N O N - L I N E A R   I T E R A T I O N   M O D U L E   O U T P U T

     STIFFNESS UPDATE TIME          0.53 SECONDS                                                               SUBCASE        1
            ITERATION TIME          0.03 SECONDS                                                        LOAD FACTOR   0.6522197

                        - - - CONVERGENCE  FACTORS - - -                      - - - LINE SEARCH DATA - - -
0ITERATION      EUI         EPI         EWI      LAMBDA       DLMAG       FACTOR     E-FIRST     E-FINAL   NQNV  NLS  ENIC  NDV  MDV

         3  1.1673E+00  2.4305E+01  1.9543E+00  1.0000E-01  2.3485E+00  1.0000E+00  1.4911E-01  1.4911E-01    0    0          0    1
 *** USER INFORMATION MESSAGE 4550 (NCONVG)
     *** NEW STIFFNESS MATRIX IS REQUIRED ***
 ^^^     
 *** USER INFORMATION MESSAGE 22713 (SUBDMAP SEKDR)
     PARAMETER EXCLUDE IS NOT DEFINED DIFFERENTIAL STIFFNESS IS COMPUTED FOR ALL ELEMENTS.
 ^^^     
1                                                                           OCTOBER  19, 2023  MSC Nastran 12/14/21   PAGE    29
                                                                                                                                    
0                                                                                                                                   
0                             N O N - L I N E A R   I T E R A T I O N   M O D U L E   O U T P U T

     STIFFNESS UPDATE TIME          0.56 SECONDS                                                               SUBCASE        1
            ITERATION TIME          0.03 SECONDS                                                        LOAD FACTOR   0.6856982

                        - - - CONVERGENCE  FACTORS - - -                      - - - LINE SEARCH DATA - - -
0ITERATION      EUI         EPI         EWI      LAMBDA       DLMAG       FACTOR     E-FIRST     E-FINAL   NQNV  NLS  ENIC  NDV  MDV

         4  9.8090E-01  2.1162E+01  1.1729E+00  1.0000E-01  2.7795E+00  1.0000E+00  2.5205E-01  2.5205E-01    0    0          0    1
 *** USER INFORMATION MESSAGE 4550 (NCONVG)
     *** NEW STIFFNESS MATRIX IS REQUIRED ***
 ^^^     
 *** USER INFORMATION MESSAGE 22713 (SUBDMAP SEKDR)
     PARAMETER EXCLUDE IS NOT DEFINED DIFFERENTIAL STIFFNESS IS COMPUTED FOR ALL ELEMENTS.
 ^^^     
 *** USER WARNING MESSAGE 4698 (DCMPD)
     STATISTICS FOR DECOMPOSITION OF MATRIX KLLRH.
     THE FOLLOWING DEGREES OF FREEDOM HAVE FACTOR DIAGONAL RATIOS GREATER THAN
     1.000000E+07 OR HAVE NEGATIVE TERMS ON THE FACTOR DIAGONAL.
     USER INFORMATION:
     THIS MESSAGE MAY BE IGNORED IF NO GRID POINT IDS OR HIGH RATIO MESSAGES APPEAR IN THE TABLE ON THE NEXT PAGE.
1                                                                           OCTOBER  19, 2023  MSC Nastran 12/14/21   PAGE    30
                                                                                                                                    
0                                                                                                                                   
0                                                                                                                                   
         GRID POINT ID       DEGREE OF FREEDOM   MATRIX/FACTOR DIAGONAL RATIO        MATRIX DIAGONAL                                
                                                                                                                                    
             935                    R1                  -1.02577E+00                   1.11981E+07
1                                                                           OCTOBER  19, 2023  MSC Nastran 12/14/21   PAGE    31
                                                                                                                                    
0                                                                                                                                   
0                             N O N - L I N E A R   I T E R A T I O N   M O D U L E   O U T P U T

     STIFFNESS UPDATE TIME          0.58 SECONDS                                                               SUBCASE        1
            ITERATION TIME          0.03 SECONDS                                                        LOAD FACTOR   0.6954463

                        - - - CONVERGENCE  FACTORS - - -                      - - - LINE SEARCH DATA - - -
0ITERATION      EUI         EPI         EWI      LAMBDA       DLMAG       FACTOR     E-FIRST     E-FINAL   NQNV  NLS  ENIC  NDV  MDV

         5  7.6765E-01  5.4430E+01  1.6703E+00  1.0000E-01  5.0799E+00  1.0000E+00 -2.9682E+00 -2.9682E+00    0    0          1    1
 *** USER INFORMATION MESSAGE 4550 (NCONVG)
     *** NEW STIFFNESS MATRIX IS REQUIRED ***
 ^^^     
 *** USER INFORMATION MESSAGE 22713 (SUBDMAP SEKDR)
     PARAMETER EXCLUDE IS NOT DEFINED DIFFERENTIAL STIFFNESS IS COMPUTED FOR ALL ELEMENTS.
 ^^^     
 *** USER WARNING MESSAGE 4698 (DCMPD)
     STATISTICS FOR DECOMPOSITION OF MATRIX KLLRH.
     THE FOLLOWING DEGREES OF FREEDOM HAVE FACTOR DIAGONAL RATIOS GREATER THAN
     1.000000E+07 OR HAVE NEGATIVE TERMS ON THE FACTOR DIAGONAL.
     USER INFORMATION:
     THIS MESSAGE MAY BE IGNORED IF NO GRID POINT IDS OR HIGH RATIO MESSAGES APPEAR IN THE TABLE ON THE NEXT PAGE.
1                                                                           OCTOBER  19, 2023  MSC Nastran 12/14/21   PAGE    32
                                                                                                                                    
0                                                                                                                                   
0                                                                                                                                   
         GRID POINT ID       DEGREE OF FREEDOM   MATRIX/FACTOR DIAGONAL RATIO        MATRIX DIAGONAL                                
                                                                                                                                    
             621                    R1                  -2.85210E+00                   1.11979E+07
1                                                                           OCTOBER  19, 2023  MSC Nastran 12/14/21   PAGE    33
                                                                                                                                    
0                                                                                                                                   
0                             N O N - L I N E A R   I T E R A T I O N   M O D U L E   O U T P U T

     STIFFNESS UPDATE TIME          0.47 SECONDS                                                               SUBCASE        1
            ITERATION TIME          0.03 SECONDS                                                        LOAD FACTOR   0.6879935

                        - - - CONVERGENCE  FACTORS - - -                      - - - LINE SEARCH DATA - - -
0ITERATION      EUI         EPI         EWI      LAMBDA       DLMAG       FACTOR     E-FIRST     E-FINAL   NQNV  NLS  ENIC  NDV  MDV

         6  5.5726E-01  2.8496E+01  4.2939E-01  1.0000E-01  1.9262E+00  1.0000E+00  1.5779E-02  1.5779E-02    0    0          0    1
 *** USER INFORMATION MESSAGE 4550 (NCONVG)
     *** NEW STIFFNESS MATRIX IS REQUIRED ***
 ^^^     
 *** USER INFORMATION MESSAGE 22713 (SUBDMAP SEKDR)
     PARAMETER EXCLUDE IS NOT DEFINED DIFFERENTIAL STIFFNESS IS COMPUTED FOR ALL ELEMENTS.
 ^^^     
 *** USER WARNING MESSAGE 4698 (DCMPD)
     STATISTICS FOR DECOMPOSITION OF MATRIX KLLRH.
     THE FOLLOWING DEGREES OF FREEDOM HAVE FACTOR DIAGONAL RATIOS GREATER THAN
     1.000000E+07 OR HAVE NEGATIVE TERMS ON THE FACTOR DIAGONAL.
     USER INFORMATION:
     THIS MESSAGE MAY BE IGNORED IF NO GRID POINT IDS OR HIGH RATIO MESSAGES APPEAR IN THE TABLE ON THE NEXT PAGE.
1                                                                           OCTOBER  19, 2023  MSC Nastran 12/14/21   PAGE    34
                                                                                                                                    
0                                                                                                                                   
0                                                                                                                                   
         GRID POINT ID       DEGREE OF FREEDOM   MATRIX/FACTOR DIAGONAL RATIO        MATRIX DIAGONAL                                
                                                                                                                                    
             621                    R1                  -9.90934E+00                   1.11980E+07
1                                                                           OCTOBER  19, 2023  MSC Nastran 12/14/21   PAGE    35
                                                                                                                                    
0                                                                                                                                   
0                             N O N - L I N E A R   I T E R A T I O N   M O D U L E   O U T P U T

     STIFFNESS UPDATE TIME          0.53 SECONDS                                                               SUBCASE        1
            ITERATION TIME          0.03 SECONDS                                                        LOAD FACTOR   0.6807013

                        - - - CONVERGENCE  FACTORS - - -                      - - - LINE SEARCH DATA - - -
0ITERATION      EUI         EPI         EWI      LAMBDA       DLMAG       FACTOR     E-FIRST     E-FINAL   NQNV  NLS  ENIC  NDV  MDV

         7  4.0842E-01  5.9080E+00  7.6080E-02  1.0000E-01  5.2655E-01  1.0000E+00  3.2272E-02  3.2272E-02    0    0          0    1
 *** USER INFORMATION MESSAGE 4550 (NCONVG)
     *** NEW STIFFNESS MATRIX IS REQUIRED ***
 ^^^     
 *** USER INFORMATION MESSAGE 22713 (SUBDMAP SEKDR)
     PARAMETER EXCLUDE IS NOT DEFINED DIFFERENTIAL STIFFNESS IS COMPUTED FOR ALL ELEMENTS.
 ^^^     
 *** USER WARNING MESSAGE 4698 (DCMPD)
     STATISTICS FOR DECOMPOSITION OF MATRIX KLLRH.
     THE FOLLOWING DEGREES OF FREEDOM HAVE FACTOR DIAGONAL RATIOS GREATER THAN
     1.000000E+07 OR HAVE NEGATIVE TERMS ON THE FACTOR DIAGONAL.
     USER INFORMATION:
     THIS MESSAGE MAY BE IGNORED IF NO GRID POINT IDS OR HIGH RATIO MESSAGES APPEAR IN THE TABLE ON THE NEXT PAGE.
1                                                                           OCTOBER  19, 2023  MSC Nastran 12/14/21   PAGE    36
                                                                                                                                    
0                                                                                                                                   
0                                                                                                                                   
         GRID POINT ID       DEGREE OF FREEDOM   MATRIX/FACTOR DIAGONAL RATIO        MATRIX DIAGONAL                                
                                                                                                                                    
             618                    R2                  -2.21310E+01                   1.19204E+07
1                                                                           OCTOBER  19, 2023  MSC Nastran 12/14/21   PAGE    37
                                                                                                                                    
0                                                                                                                                   
0                             N O N - L I N E A R   I T E R A T I O N   M O D U L E   O U T P U T

     STIFFNESS UPDATE TIME          0.50 SECONDS                                                               SUBCASE        1
            ITERATION TIME          0.02 SECONDS                                                        LOAD FACTOR   0.6800782

                        - - - CONVERGENCE  FACTORS - - -                      - - - LINE SEARCH DATA - - -
0ITERATION      EUI         EPI         EWI      LAMBDA       DLMAG       FACTOR     E-FIRST     E-FINAL   NQNV  NLS  ENIC  NDV  MDV

         8  7.9166E-02  2.5671E-01  5.4895E-04  1.0000E-01  2.1963E-02  1.0000E+00  2.4012E-02  2.4012E-02    0    0          0    1
 *** USER INFORMATION MESSAGE 4550 (NCONVG)
     *** NEW STIFFNESS MATRIX IS REQUIRED ***
 ^^^     
 *** USER INFORMATION MESSAGE 22713 (SUBDMAP SEKDR)
     PARAMETER EXCLUDE IS NOT DEFINED DIFFERENTIAL STIFFNESS IS COMPUTED FOR ALL ELEMENTS.
 ^^^     
 *** USER WARNING MESSAGE 4698 (DCMPD)
     STATISTICS FOR DECOMPOSITION OF MATRIX KLLRH.
     THE FOLLOWING DEGREES OF FREEDOM HAVE FACTOR DIAGONAL RATIOS GREATER THAN
     1.000000E+07 OR HAVE NEGATIVE TERMS ON THE FACTOR DIAGONAL.
     USER INFORMATION:
     THIS MESSAGE MAY BE IGNORED IF NO GRID POINT IDS OR HIGH RATIO MESSAGES APPEAR IN THE TABLE ON THE NEXT PAGE.
1                                                                           OCTOBER  19, 2023  MSC Nastran 12/14/21   PAGE    38
                                                                                                                                    
0                                                                                                                                   
0                                                                                                                                   
         GRID POINT ID       DEGREE OF FREEDOM   MATRIX/FACTOR DIAGONAL RATIO        MATRIX DIAGONAL                                
                                                                                                                                    
             621                    R2                  -3.59087E+00                   1.19200E+07
1                                                                           OCTOBER  19, 2023  MSC Nastran 12/14/21   PAGE    39
                                                                                                                                    
0                                                                                                                                   
0                             N O N - L I N E A R   I T E R A T I O N   M O D U L E   O U T P U T

     STIFFNESS UPDATE TIME          0.48 SECONDS                                                               SUBCASE        1
            ITERATION TIME          0.02 SECONDS                                                        LOAD FACTOR   0.6800795

                        - - - CONVERGENCE  FACTORS - - -                      - - - LINE SEARCH DATA - - -
0ITERATION      EUI         EPI         EWI      LAMBDA       DLMAG       FACTOR     E-FIRST     E-FINAL   NQNV  NLS  ENIC  NDV  MDV

         9  1.7388E-03  1.2435E-04  1.9836E-08  1.0000E-01  4.6442E-05  1.0000E+00  8.1814E-04  8.1814E-04    0    0          0    1
 *** USER INFORMATION MESSAGE 6186 (NCONVG)
     *** SOLUTION HAS CONVERGED ***
         SUBID    1     LOOPID    6     LOAD STEP    0.680     LOAD FACTOR 0.68007950

     *** NEW STIFFNESS MATRIX IS REQUIRED ***

 *** USER INFORMATION MESSAGE 9005 (SUBDMAP NLSTATIC)
     THE SOLUTION FOR LOOPID= 6 IS SAVED FOR RESTART
 ^^^     
 *** USER INFORMATION MESSAGE 22713 (SUBDMAP SEKDR)
     PARAMETER EXCLUDE IS NOT DEFINED DIFFERENTIAL STIFFNESS IS COMPUTED FOR ALL ELEMENTS.
 ^^^     
 *** USER WARNING MESSAGE 4698 (DCMPD)
     STATISTICS FOR DECOMPOSITION OF MATRIX KLLRH.
     THE FOLLOWING DEGREES OF FREEDOM HAVE FACTOR DIAGONAL RATIOS GREATER THAN
     1.000000E+07 OR HAVE NEGATIVE TERMS ON THE FACTOR DIAGONAL.
     USER INFORMATION:
     THIS MESSAGE MAY BE IGNORED IF NO GRID POINT IDS OR HIGH RATIO MESSAGES APPEAR IN THE TABLE ON THE NEXT PAGE.
1                                                                           OCTOBER  19, 2023  MSC Nastran 12/14/21   PAGE    40
                                                                                                                                    
0                                                                                                                                   
0                                                                                                                                   
         GRID POINT ID       DEGREE OF FREEDOM   MATRIX/FACTOR DIAGONAL RATIO        MATRIX DIAGONAL                                
                                                                                                                                    
             621                    R2                  -3.03624E+00                   1.19200E+07
1                                                                           OCTOBER  19, 2023  MSC Nastran 12/14/21   PAGE    41
                                                                                                                                    
0                                                                                                                                   
0                             N O N - L I N E A R   I T E R A T I O N   M O D U L E   O U T P U T

     STIFFNESS UPDATE TIME          0.50 SECONDS                                                               SUBCASE        1
            ITERATION TIME          0.03 SECONDS                                                        LOAD FACTOR   0.8091616

                        - - - CONVERGENCE  FACTORS - - -                      - - - LINE SEARCH DATA - - -
0ITERATION      EUI         EPI         EWI      LAMBDA       DLMAG       FACTOR     E-FIRST     E-FINAL   NQNV  NLS  ENIC  NDV  MDV

         1  2.1680E+01  2.4420E+02  5.7627E+01  1.0000E-01  1.3122E+01  1.0000E+00 -5.0564E-01 -5.0564E-01    0    0          0    1
 *** USER INFORMATION MESSAGE 4550 (NCONVG)
     *** NEW STIFFNESS MATRIX IS REQUIRED ***
 ^^^     
 *** USER INFORMATION MESSAGE 22713 (SUBDMAP SEKDR)
     PARAMETER EXCLUDE IS NOT DEFINED DIFFERENTIAL STIFFNESS IS COMPUTED FOR ALL ELEMENTS.
 ^^^     
 *** USER WARNING MESSAGE 4698 (DCMPD)
     STATISTICS FOR DECOMPOSITION OF MATRIX KLLRH.
     THE FOLLOWING DEGREES OF FREEDOM HAVE FACTOR DIAGONAL RATIOS GREATER THAN
     1.000000E+07 OR HAVE NEGATIVE TERMS ON THE FACTOR DIAGONAL.
     USER INFORMATION:
     THIS MESSAGE MAY BE IGNORED IF NO GRID POINT IDS OR HIGH RATIO MESSAGES APPEAR IN THE TABLE ON THE NEXT PAGE.
1                                                                           OCTOBER  19, 2023  MSC Nastran 12/14/21   PAGE    42
                                                                                                                                    
0                                                                                                                                   
0                                                                                                                                   
         GRID POINT ID       DEGREE OF FREEDOM   MATRIX/FACTOR DIAGONAL RATIO        MATRIX DIAGONAL                                
                                                                                                                                    
             663                    R1                  -1.76792E+00                   1.67971E+07
1                                                                           OCTOBER  19, 2023  MSC Nastran 12/14/21   PAGE    43
                                                                                                                                    
0                                                                                                                                   
0                             N O N - L I N E A R   I T E R A T I O N   M O D U L E   O U T P U T

     STIFFNESS UPDATE TIME          0.47 SECONDS                                                               SUBCASE        1
            ITERATION TIME          0.03 SECONDS                                                        LOAD FACTOR   0.7973433

                        - - - CONVERGENCE  FACTORS - - -                      - - - LINE SEARCH DATA - - -
0ITERATION      EUI         EPI         EWI      LAMBDA       DLMAG       FACTOR     E-FIRST     E-FINAL   NQNV  NLS  ENIC  NDV  MDV

         2  2.8326E-01  2.7611E+00  8.3610E-02  1.0000E-01  3.1218E-01  1.0000E+00  7.2267E-02  7.2267E-02    0    0          0    1
 *** USER INFORMATION MESSAGE 4550 (NCONVG)
     *** NEW STIFFNESS MATRIX IS REQUIRED ***
 ^^^     
 *** USER INFORMATION MESSAGE 22713 (SUBDMAP SEKDR)
     PARAMETER EXCLUDE IS NOT DEFINED DIFFERENTIAL STIFFNESS IS COMPUTED FOR ALL ELEMENTS.
 ^^^     
 *** USER WARNING MESSAGE 4698 (DCMPD)
     STATISTICS FOR DECOMPOSITION OF MATRIX KLLRH.
     THE FOLLOWING DEGREES OF FREEDOM HAVE FACTOR DIAGONAL RATIOS GREATER THAN
     1.000000E+07 OR HAVE NEGATIVE TERMS ON THE FACTOR DIAGONAL.
     USER INFORMATION:
     THIS MESSAGE MAY BE IGNORED IF NO GRID POINT IDS OR HIGH RATIO MESSAGES APPEAR IN THE TABLE ON THE NEXT PAGE.
1                                                                           OCTOBER  19, 2023  MSC Nastran 12/14/21   PAGE    44
                                                                                                                                    
0                                                                                                                                   
0                                                                                                                                   
         GRID POINT ID       DEGREE OF FREEDOM   MATRIX/FACTOR DIAGONAL RATIO        MATRIX DIAGONAL                                
                                                                                                                                    
             621                    R2                  -2.05331E+00                   1.19194E+07
1                                                                           OCTOBER  19, 2023  MSC Nastran 12/14/21   PAGE    45
                                                                                                                                    
0                                                                                                                                   
0                             N O N - L I N E A R   I T E R A T I O N   M O D U L E   O U T P U T

     STIFFNESS UPDATE TIME          0.50 SECONDS                                                               SUBCASE        1
            ITERATION TIME          0.03 SECONDS                                                        LOAD FACTOR   0.8036953

                        - - - CONVERGENCE  FACTORS - - -                      - - - LINE SEARCH DATA - - -
0ITERATION      EUI         EPI         EWI      LAMBDA       DLMAG       FACTOR     E-FIRST     E-FINAL   NQNV  NLS  ENIC  NDV  MDV

         3  1.4483E-01  6.0853E-01  5.6235E-03  1.0000E-01  1.0568E-01  1.0000E+00  1.1244E-01  1.1244E-01    0    0          0    1
 *** USER INFORMATION MESSAGE 4550 (NCONVG)
     *** NEW STIFFNESS MATRIX IS REQUIRED ***
 ^^^     
 *** USER INFORMATION MESSAGE 22713 (SUBDMAP SEKDR)
     PARAMETER EXCLUDE IS NOT DEFINED DIFFERENTIAL STIFFNESS IS COMPUTED FOR ALL ELEMENTS.
 ^^^     
 *** USER WARNING MESSAGE 4698 (DCMPD)
     STATISTICS FOR DECOMPOSITION OF MATRIX KLLRH.
     THE FOLLOWING DEGREES OF FREEDOM HAVE FACTOR DIAGONAL RATIOS GREATER THAN
     1.000000E+07 OR HAVE NEGATIVE TERMS ON THE FACTOR DIAGONAL.
     USER INFORMATION:
     THIS MESSAGE MAY BE IGNORED IF NO GRID POINT IDS OR HIGH RATIO MESSAGES APPEAR IN THE TABLE ON THE NEXT PAGE.
1                                                                           OCTOBER  19, 2023  MSC Nastran 12/14/21   PAGE    46
                                                                                                                                    
0                                                                                                                                   
0                                                                                                                                   
         GRID POINT ID       DEGREE OF FREEDOM   MATRIX/FACTOR DIAGONAL RATIO        MATRIX DIAGONAL                                
                                                                                                                                    
             621                    T3                  -1.91262E+01                   3.12380E+04
1                                                                           OCTOBER  19, 2023  MSC Nastran 12/14/21   PAGE    47
                                                                                                                                    
0                                                                                                                                   
0                             N O N - L I N E A R   I T E R A T I O N   M O D U L E   O U T P U T

     STIFFNESS UPDATE TIME          0.48 SECONDS                                                               SUBCASE        1
            ITERATION TIME          0.03 SECONDS                                                        LOAD FACTOR   0.8038462

                        - - - CONVERGENCE  FACTORS - - -                      - - - LINE SEARCH DATA - - -
0ITERATION      EUI         EPI         EWI      LAMBDA       DLMAG       FACTOR     E-FIRST     E-FINAL   NQNV  NLS  ENIC  NDV  MDV

         4  1.4623E-02  1.5966E-02  3.6307E-05  1.0000E-01  3.9401E-03  1.0000E+00 -5.2760E-01  5.0000E-01    0    0          0    1
 *** USER INFORMATION MESSAGE 4550 (NCONVG)
     *** NEW STIFFNESS MATRIX IS REQUIRED ***
 ^^^     
 *** USER INFORMATION MESSAGE 22713 (SUBDMAP SEKDR)
     PARAMETER EXCLUDE IS NOT DEFINED DIFFERENTIAL STIFFNESS IS COMPUTED FOR ALL ELEMENTS.
 ^^^     
 *** USER WARNING MESSAGE 4698 (DCMPD)
     STATISTICS FOR DECOMPOSITION OF MATRIX KLLRH.
     THE FOLLOWING DEGREES OF FREEDOM HAVE FACTOR DIAGONAL RATIOS GREATER THAN
     1.000000E+07 OR HAVE NEGATIVE TERMS ON THE FACTOR DIAGONAL.
     USER INFORMATION:
     THIS MESSAGE MAY BE IGNORED IF NO GRID POINT IDS OR HIGH RATIO MESSAGES APPEAR IN THE TABLE ON THE NEXT PAGE.
1                                                                           OCTOBER  19, 2023  MSC Nastran 12/14/21   PAGE    48
                                                                                                                                    
0                                                                                                                                   
0                                                                                                                                   
         GRID POINT ID       DEGREE OF FREEDOM   MATRIX/FACTOR DIAGONAL RATIO        MATRIX DIAGONAL                                
                                                                                                                                    
             622                    R2                  -3.79057E+02                   1.19192E+07
1                                                                           OCTOBER  19, 2023  MSC Nastran 12/14/21   PAGE    49
                                                                                                                                    
0                                                                                                                                   
0                             N O N - L I N E A R   I T E R A T I O N   M O D U L E   O U T P U T

     STIFFNESS UPDATE TIME          0.48 SECONDS                                                               SUBCASE        1
            ITERATION TIME          0.03 SECONDS                                                        LOAD FACTOR   0.8038466

                        - - - CONVERGENCE  FACTORS - - -                      - - - LINE SEARCH DATA - - -
0ITERATION      EUI         EPI         EWI      LAMBDA       DLMAG       FACTOR     E-FIRST     E-FINAL   NQNV  NLS  ENIC  NDV  MDV

         5  4.5789E-04  3.1366E-05  4.4666E-09  1.0000E-01  4.8668E-05  1.0000E+00  0.0000E+00  0.0000E+00    0    0          0    1
 *** USER INFORMATION MESSAGE 6186 (NCONVG)
     *** SOLUTION HAS CONVERGED ***
         SUBID    1     LOOPID    7     LOAD STEP    0.804     LOAD FACTOR 0.80384664

     *** NEW STIFFNESS MATRIX IS REQUIRED ***

 *** USER INFORMATION MESSAGE 9005 (SUBDMAP NLSTATIC)
     THE SOLUTION FOR LOOPID= 7 IS SAVED FOR RESTART
 ^^^     
 *** USER INFORMATION MESSAGE 22713 (SUBDMAP SEKDR)
     PARAMETER EXCLUDE IS NOT DEFINED DIFFERENTIAL STIFFNESS IS COMPUTED FOR ALL ELEMENTS.
 ^^^     
 *** USER WARNING MESSAGE 4698 (DCMPD)
     STATISTICS FOR DECOMPOSITION OF MATRIX KLLRH.
     THE FOLLOWING DEGREES OF FREEDOM HAVE FACTOR DIAGONAL RATIOS GREATER THAN
     1.000000E+07 OR HAVE NEGATIVE TERMS ON THE FACTOR DIAGONAL.
     USER INFORMATION:
     THIS MESSAGE MAY BE IGNORED IF NO GRID POINT IDS OR HIGH RATIO MESSAGES APPEAR IN THE TABLE ON THE NEXT PAGE.
1                                                                           OCTOBER  19, 2023  MSC Nastran 12/14/21   PAGE    50
                                                                                                                                    
0                                                                                                                                   
0                                                                                                                                   
         GRID POINT ID       DEGREE OF FREEDOM   MATRIX/FACTOR DIAGONAL RATIO        MATRIX DIAGONAL                                
                                                                                                                                    
             622                    R2                  -1.50168E+02                   1.19192E+07
1                                                                           OCTOBER  19, 2023  MSC Nastran 12/14/21   PAGE    51
                                                                                                                                    
0                                                                                                                                   
0                             N O N - L I N E A R   I T E R A T I O N   M O D U L E   O U T P U T

     STIFFNESS UPDATE TIME          0.47 SECONDS                                                               SUBCASE        1
            ITERATION TIME          0.03 SECONDS                                                        LOAD FACTOR   0.9230940

                        - - - CONVERGENCE  FACTORS - - -                      - - - LINE SEARCH DATA - - -
0ITERATION      EUI         EPI         EWI      LAMBDA       DLMAG       FACTOR     E-FIRST     E-FINAL   NQNV  NLS  ENIC  NDV  MDV

         1  1.7765E+01  2.1465E+02  3.9684E+01  1.0000E-01  7.4657E+00  1.0000E+00 -1.0203E-01 -1.0203E-01    0    0          0    1
 *** USER INFORMATION MESSAGE 4550 (NCONVG)
     *** NEW STIFFNESS MATRIX IS REQUIRED ***
 ^^^     
 *** USER INFORMATION MESSAGE 22713 (SUBDMAP SEKDR)
     PARAMETER EXCLUDE IS NOT DEFINED DIFFERENTIAL STIFFNESS IS COMPUTED FOR ALL ELEMENTS.
 ^^^     
 *** USER WARNING MESSAGE 4698 (DCMPD)
     STATISTICS FOR DECOMPOSITION OF MATRIX KLLRH.
     THE FOLLOWING DEGREES OF FREEDOM HAVE FACTOR DIAGONAL RATIOS GREATER THAN
     1.000000E+07 OR HAVE NEGATIVE TERMS ON THE FACTOR DIAGONAL.
     USER INFORMATION:
     THIS MESSAGE MAY BE IGNORED IF NO GRID POINT IDS OR HIGH RATIO MESSAGES APPEAR IN THE TABLE ON THE NEXT PAGE.
1                                                                           OCTOBER  19, 2023  MSC Nastran 12/14/21   PAGE    52
                                                                                                                                    
0                                                                                                                                   
0                                                                                                                                   
         GRID POINT ID       DEGREE OF FREEDOM   MATRIX/FACTOR DIAGONAL RATIO        MATRIX DIAGONAL                                
                                                                                                                                    
             622                    R2                  -3.21866E-01                   1.19186E+07
1                                                                           OCTOBER  19, 2023  MSC Nastran 12/14/21   PAGE    53
                                                                                                                                    
0                                                                                                                                   
0                             N O N - L I N E A R   I T E R A T I O N   M O D U L E   O U T P U T

     STIFFNESS UPDATE TIME          0.48 SECONDS                                                               SUBCASE        1
            ITERATION TIME          0.03 SECONDS                                                        LOAD FACTOR   0.9184948

                        - - - CONVERGENCE  FACTORS - - -                      - - - LINE SEARCH DATA - - -
0ITERATION      EUI         EPI         EWI      LAMBDA       DLMAG       FACTOR     E-FIRST     E-FINAL   NQNV  NLS  ENIC  NDV  MDV

         2  1.2318E-01  8.2525E-01  6.7838E-03  1.0000E-01  7.8949E-02  1.0000E+00  2.8832E-02  2.8832E-02    0    0          0    1
 *** USER INFORMATION MESSAGE 4550 (NCONVG)
     *** NEW STIFFNESS MATRIX IS REQUIRED ***
 ^^^     
 *** USER INFORMATION MESSAGE 22713 (SUBDMAP SEKDR)
     PARAMETER EXCLUDE IS NOT DEFINED DIFFERENTIAL STIFFNESS IS COMPUTED FOR ALL ELEMENTS.
 ^^^     
 *** USER WARNING MESSAGE 4698 (DCMPD)
     STATISTICS FOR DECOMPOSITION OF MATRIX KLLRH.
     THE FOLLOWING DEGREES OF FREEDOM HAVE FACTOR DIAGONAL RATIOS GREATER THAN
     1.000000E+07 OR HAVE NEGATIVE TERMS ON THE FACTOR DIAGONAL.
     USER INFORMATION:
     THIS MESSAGE MAY BE IGNORED IF NO GRID POINT IDS OR HIGH RATIO MESSAGES APPEAR IN THE TABLE ON THE NEXT PAGE.
1                                                                           OCTOBER  19, 2023  MSC Nastran 12/14/21   PAGE    54
                                                                                                                                    
0                                                                                                                                   
0                                                                                                                                   
         GRID POINT ID       DEGREE OF FREEDOM   MATRIX/FACTOR DIAGONAL RATIO        MATRIX DIAGONAL                                
                                                                                                                                    
             495                    R1                  -1.46466E+02                   1.11981E+07
1                                                                           OCTOBER  19, 2023  MSC Nastran 12/14/21   PAGE    55
                                                                                                                                    
0                                                                                                                                   
0                             N O N - L I N E A R   I T E R A T I O N   M O D U L E   O U T P U T

     STIFFNESS UPDATE TIME          0.48 SECONDS                                                               SUBCASE        1
            ITERATION TIME          0.03 SECONDS                                                        LOAD FACTOR   0.9195948

                        - - - CONVERGENCE  FACTORS - - -                      - - - LINE SEARCH DATA - - -
0ITERATION      EUI         EPI         EWI      LAMBDA       DLMAG       FACTOR     E-FIRST     E-FINAL   NQNV  NLS  ENIC  NDV  MDV

         3  1.9597E-02  1.2046E-02  1.4782E-05  1.0000E-01  2.3770E-03  1.0000E+00  9.0207E-03  9.0207E-03    0    0          0    1
 *** USER INFORMATION MESSAGE 4550 (NCONVG)
     *** NEW STIFFNESS MATRIX IS REQUIRED ***
 ^^^     
 *** USER INFORMATION MESSAGE 22713 (SUBDMAP SEKDR)
     PARAMETER EXCLUDE IS NOT DEFINED DIFFERENTIAL STIFFNESS IS COMPUTED FOR ALL ELEMENTS.
 ^^^     
 *** USER WARNING MESSAGE 4698 (DCMPD)
     STATISTICS FOR DECOMPOSITION OF MATRIX KLLRH.
     THE FOLLOWING DEGREES OF FREEDOM HAVE FACTOR DIAGONAL RATIOS GREATER THAN
     1.000000E+07 OR HAVE NEGATIVE TERMS ON THE FACTOR DIAGONAL.
     USER INFORMATION:
     THIS MESSAGE MAY BE IGNORED IF NO GRID POINT IDS OR HIGH RATIO MESSAGES APPEAR IN THE TABLE ON THE NEXT PAGE.
1                                                                           OCTOBER  19, 2023  MSC Nastran 12/14/21   PAGE    56
                                                                                                                                    
0                                                                                                                                   
0                                                                                                                                   
         GRID POINT ID       DEGREE OF FREEDOM   MATRIX/FACTOR DIAGONAL RATIO        MATRIX DIAGONAL                                
                                                                                                                                    
             495                    R1                  -9.22254E+01                   1.11981E+07
1                                                                           OCTOBER  19, 2023  MSC Nastran 12/14/21   PAGE    57
                                                                                                                                    
0                                                                                                                                   
0                             N O N - L I N E A R   I T E R A T I O N   M O D U L E   O U T P U T

     STIFFNESS UPDATE TIME          0.47 SECONDS                                                               SUBCASE        1
            ITERATION TIME          0.02 SECONDS                                                        LOAD FACTOR   0.9195987

                        - - - CONVERGENCE  FACTORS - - -                      - - - LINE SEARCH DATA - - -
0ITERATION      EUI         EPI         EWI      LAMBDA       DLMAG       FACTOR     E-FIRST     E-FINAL   NQNV  NLS  ENIC  NDV  MDV

         4  1.4596E-04  1.6355E-05  8.2923E-10  1.0000E-01  4.9701E-05  1.0000E+00  0.0000E+00  0.0000E+00    0    0          0    1
 *** USER INFORMATION MESSAGE 6186 (NCONVG)
     *** SOLUTION HAS CONVERGED ***
         SUBID    1     LOOPID    8     LOAD STEP    0.920     LOAD FACTOR 0.91959874

     *** NEW STIFFNESS MATRIX IS REQUIRED ***

 *** USER INFORMATION MESSAGE 9005 (SUBDMAP NLSTATIC)
     THE SOLUTION FOR LOOPID= 8 IS SAVED FOR RESTART
 ^^^     
 *** USER INFORMATION MESSAGE 22713 (SUBDMAP SEKDR)
     PARAMETER EXCLUDE IS NOT DEFINED DIFFERENTIAL STIFFNESS IS COMPUTED FOR ALL ELEMENTS.
 ^^^     
 *** USER WARNING MESSAGE 4698 (DCMPD)
     STATISTICS FOR DECOMPOSITION OF MATRIX KLLRH.
     THE FOLLOWING DEGREES OF FREEDOM HAVE FACTOR DIAGONAL RATIOS GREATER THAN
     1.000000E+07 OR HAVE NEGATIVE TERMS ON THE FACTOR DIAGONAL.
     USER INFORMATION:
     THIS MESSAGE MAY BE IGNORED IF NO GRID POINT IDS OR HIGH RATIO MESSAGES APPEAR IN THE TABLE ON THE NEXT PAGE.
1                                                                           OCTOBER  19, 2023  MSC Nastran 12/14/21   PAGE    58
                                                                                                                                    
0                                                                                                                                   
0                                                                                                                                   
         GRID POINT ID       DEGREE OF FREEDOM   MATRIX/FACTOR DIAGONAL RATIO        MATRIX DIAGONAL                                
                                                                                                                                    
             495                    R1                  -9.15033E+01                   1.11981E+07
1                                                                           OCTOBER  19, 2023  MSC Nastran 12/14/21   PAGE    59
                                                                                                                                    
0                                                                                                                                   
0                             N O N - L I N E A R   I T E R A T I O N   M O D U L E   O U T P U T

     STIFFNESS UPDATE TIME          0.50 SECONDS                                                               SUBCASE        1
            ITERATION TIME          0.03 SECONDS                                                        LOAD FACTOR   1.0000000

                        - - - CONVERGENCE  FACTORS - - -                      - - - LINE SEARCH DATA - - -
0ITERATION      EUI         EPI         EWI      LAMBDA       DLMAG       FACTOR     E-FIRST     E-FINAL   NQNV  NLS  ENIC  NDV  MDV

         1  1.1238E+01  1.0683E+02  1.2377E+01  1.0000E-01  3.0011E+00  1.0000E+00 -1.7263E-02 -1.7263E-02    0    0          0    1
 *** USER INFORMATION MESSAGE 4550 (NCONVG)
     *** NEW STIFFNESS MATRIX IS REQUIRED ***
 ^^^     
 *** USER INFORMATION MESSAGE 22713 (SUBDMAP SEKDR)
     PARAMETER EXCLUDE IS NOT DEFINED DIFFERENTIAL STIFFNESS IS COMPUTED FOR ALL ELEMENTS.
 ^^^     
 *** USER WARNING MESSAGE 4698 (DCMPD)
     STATISTICS FOR DECOMPOSITION OF MATRIX KLLRH.
     THE FOLLOWING DEGREES OF FREEDOM HAVE FACTOR DIAGONAL RATIOS GREATER THAN
     1.000000E+07 OR HAVE NEGATIVE TERMS ON THE FACTOR DIAGONAL.
     USER INFORMATION:
     THIS MESSAGE MAY BE IGNORED IF NO GRID POINT IDS OR HIGH RATIO MESSAGES APPEAR IN THE TABLE ON THE NEXT PAGE.
1                                                                           OCTOBER  19, 2023  MSC Nastran 12/14/21   PAGE    60
                                                                                                                                    
0                                                                                                                                   
0                                                                                                                                   
         GRID POINT ID       DEGREE OF FREEDOM   MATRIX/FACTOR DIAGONAL RATIO        MATRIX DIAGONAL                                
                                                                                                                                    
             495                    R1                  -3.98066E+01                   1.11981E+07
1                                                                           OCTOBER  19, 2023  MSC Nastran 12/14/21   PAGE    61
                                                                                                                                    
0                                                                                                                                   
0                             N O N - L I N E A R   I T E R A T I O N   M O D U L E   O U T P U T

     STIFFNESS UPDATE TIME          0.53 SECONDS                                                               SUBCASE        1
            ITERATION TIME          0.03 SECONDS                                                        LOAD FACTOR   1.0000000

                        - - - CONVERGENCE  FACTORS - - -                      - - - LINE SEARCH DATA - - -
0ITERATION      EUI         EPI         EWI      LAMBDA       DLMAG       FACTOR     E-FIRST     E-FINAL   NQNV  NLS  ENIC  NDV  MDV

         2  2.2647E-01  1.3390E-01  3.8471E-04  1.0000E-01  1.0222E-02  1.0000E+00  4.8006E-03  4.8006E-03    0    0          0    1
 *** USER INFORMATION MESSAGE 4550 (NCONVG)
     *** NEW STIFFNESS MATRIX IS REQUIRED ***
 ^^^     
 *** USER INFORMATION MESSAGE 22713 (SUBDMAP SEKDR)
     PARAMETER EXCLUDE IS NOT DEFINED DIFFERENTIAL STIFFNESS IS COMPUTED FOR ALL ELEMENTS.
 ^^^     
 *** USER WARNING MESSAGE 4698 (DCMPD)
     STATISTICS FOR DECOMPOSITION OF MATRIX KLLRH.
     THE FOLLOWING DEGREES OF FREEDOM HAVE FACTOR DIAGONAL RATIOS GREATER THAN
     1.000000E+07 OR HAVE NEGATIVE TERMS ON THE FACTOR DIAGONAL.
     USER INFORMATION:
     THIS MESSAGE MAY BE IGNORED IF NO GRID POINT IDS OR HIGH RATIO MESSAGES APPEAR IN THE TABLE ON THE NEXT PAGE.
1                                                                           OCTOBER  19, 2023  MSC Nastran 12/14/21   PAGE    62
                                                                                                                                    
0                                                                                                                                   
0                                                                                                                                   
         GRID POINT ID       DEGREE OF FREEDOM   MATRIX/FACTOR DIAGONAL RATIO        MATRIX DIAGONAL                                
                                                                                                                                    
             495                    R1                  -2.39802E+01                   1.11981E+07
1                                                                           OCTOBER  19, 2023  MSC Nastran 12/14/21   PAGE    63
                                                                                                                                    
0                                                                                                                                   
0                             N O N - L I N E A R   I T E R A T I O N   M O D U L E   O U T P U T

     STIFFNESS UPDATE TIME          0.52 SECONDS                                                               SUBCASE        1
            ITERATION TIME          0.03 SECONDS                                                        LOAD FACTOR   1.0000000

                        - - - CONVERGENCE  FACTORS - - -                      - - - LINE SEARCH DATA - - -
0ITERATION      EUI         EPI         EWI      LAMBDA       DLMAG       FACTOR     E-FIRST     E-FINAL   NQNV  NLS  ENIC  NDV  MDV

         3  9.8486E-03  2.5892E-04  4.0546E-08  1.0000E-01  2.0328E-04  1.0000E+00  5.0827E-04  5.0827E-04    0    0          0    1
 *** USER INFORMATION MESSAGE 6186 (NCONVG)
     *** SOLUTION HAS CONVERGED ***
         SUBID    1     LOOPID    9     LOAD STEP    1.000     LOAD FACTOR 1.00000000

     *** NEW STIFFNESS MATRIX IS REQUIRED ***

 *** USER INFORMATION MESSAGE 9005 (SUBDMAP NLSTATIC)
     THE SOLUTION FOR LOOPID= 9 IS SAVED FOR RESTART
 ^^^     
 *** USER INFORMATION MESSAGE 9052 (SUBDMAP NLSTATIC)
     NONLINEAR STATIC ANALYSIS COMPLETED.
 ^^^     
 *** USER INFORMATION MESSAGE 4114 (OUTPX2)
     DATA BLOCK OUG1     WRITTEN ON FORTRAN UNIT    12 IN BINARY (LTLEND) FORMAT USING NDDL DESCRIPTION FOR OUG1, TRL =
                    101                 0            325080                 0                 0                 0                 2
     NAME OF DATA BLOCK WRITTEN ON FORTRAN UNIT IS OUG1    
        (MAXIMUM POSSIBLE FORTRAN RECORD SIZE =       65538 WORDS.)
     (MAXIMUM SIZE OF FORTRAN RECORDS WRITTEN =       36120 WORDS.)
           (NUMBER OF FORTRAN RECORDS WRITTEN =         100 RECORDS.)
           (TOTAL DATA WRITTEN FOR DATA BLOCK =      326498 WORDS.)
 *** USER INFORMATION MESSAGE 4114 (OUTPX2)
     DATA BLOCK OPG1     WRITTEN ON FORTRAN UNIT    12 IN BINARY (LTLEND) FORMAT USING NDDL DESCRIPTION FOR OPG, TRL =
                    101                 0            325080                 0                 0                 0                 2
     NAME OF DATA BLOCK WRITTEN ON FORTRAN UNIT IS OPG1    
        (MAXIMUM POSSIBLE FORTRAN RECORD SIZE =       65538 WORDS.)
     (MAXIMUM SIZE OF FORTRAN RECORDS WRITTEN =       36120 WORDS.)
           (NUMBER OF FORTRAN RECORDS WRITTEN =         100 RECORDS.)
           (TOTAL DATA WRITTEN FOR DATA BLOCK =      326498 WORDS.)
 *** USER INFORMATION MESSAGE 4114 (OUTPX2)
     DATA BLOCK SCRATCH  WRITTEN ON FORTRAN UNIT    12 IN BINARY (LTLEND) FORMAT USING NDDL DESCRIPTION FOR QUALINFO, TRL =
                    301                 1                 7                 0                 0                 0                 0
     NAME OF DATA BLOCK WRITTEN ON FORTRAN UNIT IS QUALINFO
        (MAXIMUM POSSIBLE FORTRAN RECORD SIZE =       65538 WORDS.)
     (MAXIMUM SIZE OF FORTRAN RECORDS WRITTEN =          65 WORDS.)
           (NUMBER OF FORTRAN RECORDS WRITTEN =          45 RECORDS.)
           (TOTAL DATA WRITTEN FOR DATA BLOCK =         279 WORDS.)
 *** USER INFORMATION MESSAGE 4110 (OUTPX2)
                                 END-OF-DATA SIMULATION ON FORTRAN UNIT    12
                                 (MAXIMUM SIZE OF FORTRAN RECORDS WRITTEN =      1 WORDS.)
                                       (NUMBER OF FORTRAN RECORDS WRITTEN =      1 RECORDS.)
                                       (TOTAL DATA WRITTEN FOR EOF MARKER =      1 WORDS.)
1                                                                           OCTOBER  19, 2023  MSC Nastran 12/14/21   PAGE    64
                                                                                                                                    
0                                                                                                                                   
 * * * *  D B D I C T   P R I N T  * * * *      SUBDMAP = PRTSUM  ,  DMAP STATEMENT NO.     74



0                                   * * * *  A N A L Y S I S  S U M M A R Y  T A B L E  * * * *
0 SEID  PEID PROJ VERS APRCH      SEMG SEMR SEKR SELG SELR MODES DYNRED SOLLIN SOLNL LOOPID DESIGN CYCLE SENSITIVITY
 -------------------------------------------------------------------------------------------------------------------
     0     0    1    1 '        '    T    F    F    T    F     F      F      F     F      0            0           F
     0     0    1    1 '        '    F    F    F    F    F     F      F      F     T      1            0           F
     0     0    1    1 '        '    F    F    F    F    F     F      F      F     T      2            0           F
     0     0    1    1 '        '    F    F    F    F    F     F      F      F     T      3            0           F
     0     0    1    1 '        '    F    F    F    F    F     F      F      F     T      4            0           F
     0     0    1    1 '        '    F    F    F    F    F     F      F      F     T      5            0           F
     0     0    1    1 '        '    F    F    F    F    F     F      F      F     T      6            0           F
     0     0    1    1 '        '    F    F    F    F    F     F      F      F     T      7            0           F
     0     0    1    1 '        '    F    F    F    F    F     F      F      F     T      8            0           F
     0     0    1    1 '        '    F    F    F    F    F     F      F      F     T      9            0           F
0SEID = SUPERELEMENT ID.
 PEID = PRIMARY SUPERELEMENT ID OF IMAGE SUPERELEMENT.
 PROJ = PROJECT ID NUMBER.
 VERS = VERSION ID.
 APRCH = BLANK FOR STRUCTURAL ANALYSIS.  HEAT FOR HEAT TRANSFER ANALYSIS.
 SEMG = STIFFNESS AND MASS MATRIX GENERATION STEP.
 SEMR = MASS MATRIX REDUCTION STEP (INCLUDES EIGENVALUE SOLUTION FOR MODES).
 SEKR = STIFFNESS MATRIX REDUCTION STEP.
 SELG = LOAD MATRIX GENERATION STEP.
 SELR = LOAD MATRIX REDUCTION STEP. 
 MODES = T (TRUE) IF NORMAL MODES OR BUCKLING MODES CALCULATED.
 DYNRED = T (TRUE) MEANS GENERALIZED DYNAMIC AND/OR COMPONENT MODE REDUCTION PERFORMED.
 SOLLIN = T (TRUE) IF LINEAR SOLUTION EXISTS IN DATABASE.
 LOOPID = THE LAST LOOPID VALUE USED IN THE NONLINEAR ANALYSIS.  USEFUL FOR RESTARTS.
 SOLNL = T (TRUE) IF NONLINEAR SOLUTION EXISTS IN DATABASE.
 DESIGN CYCLE = THE LAST DESIGN CYCLE (ONLY VALID IN OPTIMIZATION).
 SENSITIVITY = SENSITIVITY MATRIX GENERATION FLAG.
 
 No PARAM values were set in the Control File.
 
1                                        * * * END OF JOB * * *
 
 
 No Symbolic Replacement variables or values were specified.

