1
 
 
 
 
                      Warning: This computer program is protected by copyright law and international treaties.       
                  Unauthorized use, reproduction or distribution of this computer program, or any portion of it, may 
                                          result in severe civil and criminal penalties.                             
                         Copyright (C) 2021 MSC Software Corporation and its licensors. All rights reserved.         
 
 
                                              * * * * * * * * * * * * * * * * * * * *
                                              * * * * * * * * * * * * * * * * * * * *
                                              * *                                 * *
                                              * *           MSC Software          * *
                                              * *               CORP              * *
                                              * *                                 * *
                                              * *      M S C   N a s t r a n      * *
                                              * *                                 * *
                                              * *                                 * *
                                              * *                                 * *
                                              * *     Version 2021.4-CL855437     * *
                                              * *                                 * *
                                              * *                                 * *
                                              * *                                 * *
                                              * *          DEC 14, 2021           * *
                                              * *                                 * *
                                              * *              Intel              * *
                                              * *MODEL Intel(R) Core(TM) i7-10850 * *
                                              * * Windows 10 Enterprise 6.2 9200  * *
                                              * * Compiled for 8664 (SINGLE Mode) * *
                                              * *                                 * *
                                              * * * * * * * * * * * * * * * * * * * *
                                              * * * * * * * * * * * * * * * * * * * *
1                                                                          DECEMBER  22, 2022  MSC Nastran 12/14/21   PAGE     1
                                                                                                                                    
0        N A S T R A N    F I L E    A N D    S Y S T E M    P A R A M E T E R    E C H O                                           
0                                                                                                                                   
                                                                                                                                    
                                                                                                                                    
     $ SYSFIELD=SCR*(RAW=YES,BUFFIO=YES,WNUM=16,WSIZE=16MB) $(C:/PROGRAM FILES/MSC.SO
     $ SYSFIELD=DBALL(RAW=YES,BUFFIO=YES,WNUM=16,WSIZE=16MB) $(C:/PROGRAM FILES/MSC.S
     NASTRAN BUFFSIZE=32769 $(C:/PROGRAM FILES/MSC.SOFTWARE/MSC_NASTRAN/2021.4/CONF/N
     $PYNASTRAN: VERSION=MSC                                                         
     $PYNASTRAN: PUNCH=FALSE                                                         
     $PYNASTRAN: ENCODING=UTF-8                                                      
     $PYNASTRAN: NNODES=1761                                                         
     $PYNASTRAN: NELEMENTS=1728                                                      
     $EXECUTIVE CONTROL DECK                                                         
1                                                                          DECEMBER  22, 2022  MSC Nastran 12/14/21   PAGE     2
                                                                                                                                    
0        N A S T R A N    E X E C U T I V E    C O N T R O L    E C H O                                                             
0                                                                                                                                   
                                                                                                                                    
                                                                                                                                    
     SOL 106                                                                                 
     CEND                                                                                    
1                                                                          DECEMBER  22, 2022  MSC Nastran 12/14/21   PAGE     3
                                                                                                                                    
0                                                                                                                                   
0                                        C A S E    C O N T R O L    E C H O                                                        
                 COMMAND                                                                                                            
                 COUNT                                                                                                              
                  1      $CASE CONTROL DECK                                                                      
                  2      DISPLACEMENT(PLOT) = ALL                                                                
                  3      ECHO = NONE                                                                             
                  4      NLPARM = 1                                                                              
                  5      OLOAD(PLOT) = ALL                                                                       
                  6      SPC = 1                                                                                 
                  7      SPCFORCES(PLOT) = ALL                                                                   
                  8      SUBCASE 1                                                                               
                  9          LOAD = 12                                                                           
                 10      BEGIN BULK                                                                              
1                                                                          DECEMBER  22, 2022  MSC Nastran 12/14/21   PAGE     4
                                                                                                                                    
0                                                                                                                                   
                                              I N P U T   B U L K   D A T A   E C H O                                               
                 ENTRY                                                                                                              
                 COUNT        .   1  ..   2  ..   3  ..   4  ..   5  ..   6  ..   7  ..   8  ..   9  ..  10  .                      

*** USER WARNING MESSAGE (fn: GETLIN)
    The ENDDATA statement is missing.
1                                                                          DECEMBER  22, 2022  MSC Nastran 12/14/21   PAGE     5
                                                                                                                                    
0                                                                                                                                   
                                        M O D E L   S U M M A R Y          BULK = 0
                                   ENTRY NAME        NUMBER OF ENTRIES
                                   ----------        -----------------
                                       CQUAD4                     1728
                                        FORCE                        1
                                         GRID                     1761
                                         LOAD                        1
                                         MAT1                        1
                                       NLPARM                        1
                                        NLPCI                        1
                                        PARAM                        2
                                       PSHELL                        1
                                         RBE2                        1
                                         SPC1                        1

    DEFAULT NONLINEAR TOLERANCES 
       NLPARM ID      1
       NINC          10
       EPSU          1.00000E-02 (not normally used)
       EPSP          1.00000E-02
       EPSW          1.00000E-02
      (VALUES YOU ENTER OVERIDE THE ABOVE DEFAULTS)

 ^^^     
 ^^^ >>> IFP OPERATIONS COMPLETE <<< 
 ^^^     
 *** USER INFORMATION MESSAGE 4109 (OUTPX2)
     THE LABEL IS XXXXXXXX FOR FORTRAN UNIT    12
     (MAXIMUM SIZE OF FORTRAN RECORDS WRITTEN =          7 WORDS.)
           (NUMBER OF FORTRAN RECORDS WRITTEN =         10 RECORDS.)
                (TOTAL DATA WRITTEN FOR LABEL =         21 WORDS.)
 *** USER INFORMATION MESSAGE 4114 (OUTPX2)
     DATA BLOCK GEOM1X   WRITTEN ON FORTRAN UNIT    12 IN BINARY (LTLEND) FORMAT USING NDDL DESCRIPTION FOR GEOM1, TRL =
                    101                 0                 0                 8                 0                 0                 0
     NAME OF DATA BLOCK WRITTEN ON FORTRAN UNIT IS GEOM1   
        (MAXIMUM POSSIBLE FORTRAN RECORD SIZE =       65538 WORDS.)
     (MAXIMUM SIZE OF FORTRAN RECORDS WRITTEN =       14091 WORDS.)
           (NUMBER OF FORTRAN RECORDS WRITTEN =          20 RECORDS.)
           (TOTAL DATA WRITTEN FOR DATA BLOCK =       14129 WORDS.)
 *** USER INFORMATION MESSAGE 4114 (OUTPX2)
     DATA BLOCK GEOM2X   WRITTEN ON FORTRAN UNIT    12 IN BINARY (LTLEND) FORMAT USING NDDL DESCRIPTION FOR GEOM2, TRL =
                    102                 0                 0                 0              8192                 0                 0
     NAME OF DATA BLOCK WRITTEN ON FORTRAN UNIT IS GEOM2   
        (MAXIMUM POSSIBLE FORTRAN RECORD SIZE =       65538 WORDS.)
     (MAXIMUM SIZE OF FORTRAN RECORDS WRITTEN =       25923 WORDS.)
           (NUMBER OF FORTRAN RECORDS WRITTEN =          20 RECORDS.)
           (TOTAL DATA WRITTEN FOR DATA BLOCK =       25961 WORDS.)
 *** USER INFORMATION MESSAGE 4114 (OUTPX2)
     DATA BLOCK GEOM3X   WRITTEN ON FORTRAN UNIT    12 IN BINARY (LTLEND) FORMAT USING NDDL DESCRIPTION FOR GEOM3, TRL =
                    103                 0                 0                64                 8                 0                 0
     NAME OF DATA BLOCK WRITTEN ON FORTRAN UNIT IS GEOM3   
        (MAXIMUM POSSIBLE FORTRAN RECORD SIZE =       65538 WORDS.)
     (MAXIMUM SIZE OF FORTRAN RECORDS WRITTEN =          10 WORDS.)
           (NUMBER OF FORTRAN RECORDS WRITTEN =          25 RECORDS.)
           (TOTAL DATA WRITTEN FOR DATA BLOCK =          61 WORDS.)
1                                                                          DECEMBER  22, 2022  MSC Nastran 12/14/21   PAGE     6
                                                                                                                                    
0                                                                                                                                   
0                                                                                                                                   
                                                                                                                                    
                                                                                                                                    
 *** USER INFORMATION MESSAGE 4114 (OUTPX2)
     DATA BLOCK GEOM4X   WRITTEN ON FORTRAN UNIT    12 IN BINARY (LTLEND) FORMAT USING NDDL DESCRIPTION FOR GEOM4, TRL =
                    104                 0                 0                 0                64              2048                 0
     NAME OF DATA BLOCK WRITTEN ON FORTRAN UNIT IS GEOM4   
        (MAXIMUM POSSIBLE FORTRAN RECORD SIZE =       65538 WORDS.)
     (MAXIMUM SIZE OF FORTRAN RECORDS WRITTEN =          41 WORDS.)
           (NUMBER OF FORTRAN RECORDS WRITTEN =          25 RECORDS.)
           (TOTAL DATA WRITTEN FOR DATA BLOCK =         122 WORDS.)
 *** USER INFORMATION MESSAGE 4114 (OUTPX2)
     DATA BLOCK EPTX     WRITTEN ON FORTRAN UNIT    12 IN BINARY (LTLEND) FORMAT USING NDDL DESCRIPTION FOR EPT, TRL =
                    105                 0               512                 0                 0                 0                 0
     NAME OF DATA BLOCK WRITTEN ON FORTRAN UNIT IS EPT     
        (MAXIMUM POSSIBLE FORTRAN RECORD SIZE =       65538 WORDS.)
     (MAXIMUM SIZE OF FORTRAN RECORDS WRITTEN =          14 WORDS.)
           (NUMBER OF FORTRAN RECORDS WRITTEN =          20 RECORDS.)
           (TOTAL DATA WRITTEN FOR DATA BLOCK =          52 WORDS.)
 *** USER INFORMATION MESSAGE 4114 (OUTPX2)
     DATA BLOCK MPTS     WRITTEN ON FORTRAN UNIT    12 IN BINARY (LTLEND) FORMAT USING NDDL DESCRIPTION FOR MPT, TRL =
                    101             32768                 5                 0                 0                 0                 0
     NAME OF DATA BLOCK WRITTEN ON FORTRAN UNIT IS MPT     
        (MAXIMUM POSSIBLE FORTRAN RECORD SIZE =       65538 WORDS.)
     (MAXIMUM SIZE OF FORTRAN RECORDS WRITTEN =          23 WORDS.)
           (NUMBER OF FORTRAN RECORDS WRITTEN =          30 RECORDS.)
           (TOTAL DATA WRITTEN FOR DATA BLOCK =          95 WORDS.)
 *** USER INFORMATION MESSAGE 4114 (OUTPX2)
     DATA BLOCK CASESO   WRITTEN ON FORTRAN UNIT    12 IN BINARY (LTLEND) FORMAT USING NDDL DESCRIPTION FOR CASECC, TRL =
                    101                 1                 0              1000                 0                 0                 0
     NAME OF DATA BLOCK WRITTEN ON FORTRAN UNIT IS CASECC  
        (MAXIMUM POSSIBLE FORTRAN RECORD SIZE =       65538 WORDS.)
     (MAXIMUM SIZE OF FORTRAN RECORDS WRITTEN =        1000 WORDS.)
           (NUMBER OF FORTRAN RECORDS WRITTEN =          15 RECORDS.)
           (TOTAL DATA WRITTEN FOR DATA BLOCK =        1031 WORDS.)
1                                                                          DECEMBER  22, 2022  MSC Nastran 12/14/21   PAGE     7
                                                                                                                                    
0                                                                                                                                   
 *** USER INFORMATION MESSAGE 7310 (VECPRN)
     ORIGIN OF SUPERELEMENT OR MODULE BASIC COORDINATE SYSTEM WILL BE USED AS REFERENCE LOCATION.
     RESULTANTS ABOUT ORIGIN OF SUPERELEMENT OR MODULE BASIC COORDINATE SYSTEM IN SUPERELEMENT OR MODULE
     BASIC SYSTEM COORDINATES.
0                                                  OLOAD    RESULTANT       
  SUBCASE/    LOAD
  DAREA ID    TYPE       T1            T2            T3            R1            R2            R3
0        1     FX    0.000000E+00     ----          ----          ----       0.000000E+00  0.000000E+00                             
               FY       ----       0.000000E+00     ----       0.000000E+00     ----       0.000000E+00                             
               FZ       ----          ----       1.657000E+03  7.456500E+06 -8.285000E+05     ----                                  
               MX       ----          ----          ----       0.000000E+00     ----          ----                                  
               MY       ----          ----          ----          ----       0.000000E+00     ----                                  
               MZ       ----          ----          ----          ----          ----       0.000000E+00                             
             TOTALS  0.000000E+00  0.000000E+00  1.657000E+03  7.456500E+06 -8.285000E+05  0.000000E+00
1                                                                          DECEMBER  22, 2022  MSC Nastran 12/14/21   PAGE     8
                                                                                                                                    
0                                                                                                                                   
0                             N O N - L I N E A R   I T E R A T I O N   M O D U L E   O U T P U T

     STIFFNESS UPDATE TIME          0.14 SECONDS                                                               SUBCASE        1
            ITERATION TIME          0.00 SECONDS                                                        LOAD FACTOR   0.1000000

                        - - - CONVERGENCE  FACTORS - - -                      - - - LINE SEARCH DATA - - -
0ITERATION      EUI         EPI         EWI      LAMBDA       DLMAG       FACTOR     E-FIRST     E-FINAL   NQNV  NLS  ENIC  NDV  MDV

         1  9.9000E+01  5.2698E-01  5.2698E-01  1.0000E-01  2.4953E-02  1.0000E+00 -3.6706E-05 -3.6706E-05    0    0          0    1
 *** USER INFORMATION MESSAGE 4550 (NCONVG)
     *** NEW STIFFNESS MATRIX IS REQUIRED ***
 ^^^     
 *** USER INFORMATION MESSAGE 22713 (SUBDMAP SEKDR)
     PARAMETER EXCLUDE IS NOT DEFINED DIFFERENTIAL STIFFNESS IS COMPUTED FOR ALL ELEMENTS.
 ^^^     
1                                                                          DECEMBER  22, 2022  MSC Nastran 12/14/21   PAGE     9
                                                                                                                                    
0                                                                                                                                   
0                             N O N - L I N E A R   I T E R A T I O N   M O D U L E   O U T P U T

     STIFFNESS UPDATE TIME          0.19 SECONDS                                                               SUBCASE        1
            ITERATION TIME          0.02 SECONDS                                                        LOAD FACTOR   0.0999982

                        - - - CONVERGENCE  FACTORS - - -                      - - - LINE SEARCH DATA - - -
0ITERATION      EUI         EPI         EWI      LAMBDA       DLMAG       FACTOR     E-FIRST     E-FINAL   NQNV  NLS  ENIC  NDV  MDV

         2  7.6256E-02  1.2132E-05  1.4392E-09  1.0000E-01  1.0740E-05  1.0000E+00  3.6255E-05  3.6255E-05    0    0          0    1
 *** USER INFORMATION MESSAGE 6186 (NCONVG)
     *** SOLUTION HAS CONVERGED ***
         SUBID    1     LOOPID    1     LOAD STEP    0.100     LOAD FACTOR 0.09999823

     *** NEW STIFFNESS MATRIX IS REQUIRED ***

 *** USER INFORMATION MESSAGE 9005 (SUBDMAP NLSTATIC)
     THE SOLUTION FOR LOOPID= 1 IS SAVED FOR RESTART
 ^^^     
 *** USER INFORMATION MESSAGE 22713 (SUBDMAP SEKDR)
     PARAMETER EXCLUDE IS NOT DEFINED DIFFERENTIAL STIFFNESS IS COMPUTED FOR ALL ELEMENTS.
 ^^^     
1                                                                          DECEMBER  22, 2022  MSC Nastran 12/14/21   PAGE    10
                                                                                                                                    
0                                                                                                                                   
0                             N O N - L I N E A R   I T E R A T I O N   M O D U L E   O U T P U T

     STIFFNESS UPDATE TIME          0.17 SECONDS                                                               SUBCASE        1
            ITERATION TIME          0.00 SECONDS                                                        LOAD FACTOR   0.2581034

                        - - - CONVERGENCE  FACTORS - - -                      - - - LINE SEARCH DATA - - -
0ITERATION      EUI         EPI         EWI      LAMBDA       DLMAG       FACTOR     E-FIRST     E-FINAL   NQNV  NLS  ENIC  NDV  MDV

         1  6.0646E+01  1.3180E+00  8.0739E-01  1.0000E-01  6.2855E-02  1.0000E+00 -2.0094E-05 -2.0094E-05    0    0          0    1
 *** USER INFORMATION MESSAGE 4550 (NCONVG)
     *** NEW STIFFNESS MATRIX IS REQUIRED ***
 ^^^     
 *** USER INFORMATION MESSAGE 22713 (SUBDMAP SEKDR)
     PARAMETER EXCLUDE IS NOT DEFINED DIFFERENTIAL STIFFNESS IS COMPUTED FOR ALL ELEMENTS.
 ^^^     
1                                                                          DECEMBER  22, 2022  MSC Nastran 12/14/21   PAGE    11
                                                                                                                                    
0                                                                                                                                   
0                             N O N - L I N E A R   I T E R A T I O N   M O D U L E   O U T P U T

     STIFFNESS UPDATE TIME          0.17 SECONDS                                                               SUBCASE        1
            ITERATION TIME          0.00 SECONDS                                                        LOAD FACTOR   0.2580823

                        - - - CONVERGENCE  FACTORS - - -                      - - - LINE SEARCH DATA - - -
0ITERATION      EUI         EPI         EWI      LAMBDA       DLMAG       FACTOR     E-FIRST     E-FINAL   NQNV  NLS  ENIC  NDV  MDV

         2  7.5223E-02  7.6322E-05  1.0328E-08  1.0000E-01  7.0630E-05  1.0000E+00  9.0973E-05  9.0973E-05    0    0          0    1
 *** USER INFORMATION MESSAGE 6186 (NCONVG)
     *** SOLUTION HAS CONVERGED ***
         SUBID    1     LOOPID    2     LOAD STEP    0.258     LOAD FACTOR 0.25808232

     *** NEW STIFFNESS MATRIX IS REQUIRED ***

 *** USER INFORMATION MESSAGE 9005 (SUBDMAP NLSTATIC)
     THE SOLUTION FOR LOOPID= 2 IS SAVED FOR RESTART
 ^^^     
 *** USER INFORMATION MESSAGE 22713 (SUBDMAP SEKDR)
     PARAMETER EXCLUDE IS NOT DEFINED DIFFERENTIAL STIFFNESS IS COMPUTED FOR ALL ELEMENTS.
 ^^^     
1                                                                          DECEMBER  22, 2022  MSC Nastran 12/14/21   PAGE    12
                                                                                                                                    
0                                                                                                                                   
0                             N O N - L I N E A R   I T E R A T I O N   M O D U L E   O U T P U T

     STIFFNESS UPDATE TIME          0.17 SECONDS                                                               SUBCASE        1
            ITERATION TIME          0.02 SECONDS                                                        LOAD FACTOR   0.5079886

                        - - - CONVERGENCE  FACTORS - - -                      - - - LINE SEARCH DATA - - -
0ITERATION      EUI         EPI         EWI      LAMBDA       DLMAG       FACTOR     E-FIRST     E-FINAL   NQNV  NLS  ENIC  NDV  MDV

         1  4.8711E+01  3.2979E+00  1.6226E+00  1.0000E-01  1.6081E-01  1.0000E+00  7.3723E-05  7.3723E-05    0    0          0    1
 *** USER INFORMATION MESSAGE 4550 (NCONVG)
     *** NEW STIFFNESS MATRIX IS REQUIRED ***
 ^^^     
 *** USER INFORMATION MESSAGE 22713 (SUBDMAP SEKDR)
     PARAMETER EXCLUDE IS NOT DEFINED DIFFERENTIAL STIFFNESS IS COMPUTED FOR ALL ELEMENTS.
 ^^^     
1                                                                          DECEMBER  22, 2022  MSC Nastran 12/14/21   PAGE    13
                                                                                                                                    
0                                                                                                                                   
0                             N O N - L I N E A R   I T E R A T I O N   M O D U L E   O U T P U T

     STIFFNESS UPDATE TIME          0.17 SECONDS                                                               SUBCASE        1
            ITERATION TIME          0.02 SECONDS                                                        LOAD FACTOR   0.5078598

                        - - - CONVERGENCE  FACTORS - - -                      - - - LINE SEARCH DATA - - -
0ITERATION      EUI         EPI         EWI      LAMBDA       DLMAG       FACTOR     E-FIRST     E-FINAL   NQNV  NLS  ENIC  NDV  MDV

         2  1.0151E-01  4.9930E-04  1.2205E-07  1.0000E-01  5.8089E-04  1.0000E+00  2.3480E-04  2.3480E-04    0    0          0    1
 *** USER INFORMATION MESSAGE 6186 (NCONVG)
     *** SOLUTION HAS CONVERGED ***
         SUBID    1     LOOPID    3     LOAD STEP    0.508     LOAD FACTOR 0.50785980

     *** NEW STIFFNESS MATRIX IS REQUIRED ***

 *** USER INFORMATION MESSAGE 9005 (SUBDMAP NLSTATIC)
     THE SOLUTION FOR LOOPID= 3 IS SAVED FOR RESTART
 ^^^     
 *** USER INFORMATION MESSAGE 22713 (SUBDMAP SEKDR)
     PARAMETER EXCLUDE IS NOT DEFINED DIFFERENTIAL STIFFNESS IS COMPUTED FOR ALL ELEMENTS.
 ^^^     
1                                                                          DECEMBER  22, 2022  MSC Nastran 12/14/21   PAGE    14
                                                                                                                                    
0                                                                                                                                   
0                             N O N - L I N E A R   I T E R A T I O N   M O D U L E   O U T P U T

     STIFFNESS UPDATE TIME          0.17 SECONDS                                                               SUBCASE        1
            ITERATION TIME          0.00 SECONDS                                                        LOAD FACTOR   0.9025125

                        - - - CONVERGENCE  FACTORS - - -                      - - - LINE SEARCH DATA - - -
0ITERATION      EUI         EPI         EWI      LAMBDA       DLMAG       FACTOR     E-FIRST     E-FINAL   NQNV  NLS  ENIC  NDV  MDV

         1  4.3327E+01  8.2630E+00  3.6155E+00  1.0000E-01  4.2896E-01  1.0000E+00  5.5498E-04  5.5498E-04    0    0          0    1
 *** USER INFORMATION MESSAGE 4550 (NCONVG)
     *** NEW STIFFNESS MATRIX IS REQUIRED ***
 ^^^     
 *** USER INFORMATION MESSAGE 22713 (SUBDMAP SEKDR)
     PARAMETER EXCLUDE IS NOT DEFINED DIFFERENTIAL STIFFNESS IS COMPUTED FOR ALL ELEMENTS.
 ^^^     
1                                                                          DECEMBER  22, 2022  MSC Nastran 12/14/21   PAGE    15
                                                                                                                                    
0                                                                                                                                   
0                             N O N - L I N E A R   I T E R A T I O N   M O D U L E   O U T P U T

     STIFFNESS UPDATE TIME          0.17 SECONDS                                                               SUBCASE        1
            ITERATION TIME          0.00 SECONDS                                                        LOAD FACTOR   0.9012512

                        - - - CONVERGENCE  FACTORS - - -                      - - - LINE SEARCH DATA - - -
0ITERATION      EUI         EPI         EWI      LAMBDA       DLMAG       FACTOR     E-FIRST     E-FINAL   NQNV  NLS  ENIC  NDV  MDV

         2  2.7947E-01  2.2671E-02  1.1369E-04  1.0000E-01  5.8259E-02  1.0000E+00 -2.2268E-02 -2.2268E-02    0    0          0    1
 *** USER INFORMATION MESSAGE 4550 (NCONVG)
     *** NEW STIFFNESS MATRIX IS REQUIRED ***
 ^^^     
 *** USER INFORMATION MESSAGE 22713 (SUBDMAP SEKDR)
     PARAMETER EXCLUDE IS NOT DEFINED DIFFERENTIAL STIFFNESS IS COMPUTED FOR ALL ELEMENTS.
 ^^^     
1                                                                          DECEMBER  22, 2022  MSC Nastran 12/14/21   PAGE    16
                                                                                                                                    
0                                                                                                                                   
0                             N O N - L I N E A R   I T E R A T I O N   M O D U L E   O U T P U T

     STIFFNESS UPDATE TIME          0.17 SECONDS                                                               SUBCASE        1
            ITERATION TIME          0.00 SECONDS                                                        LOAD FACTOR   0.9010087

                        - - - CONVERGENCE  FACTORS - - -                      - - - LINE SEARCH DATA - - -
0ITERATION      EUI         EPI         EWI      LAMBDA       DLMAG       FACTOR     E-FIRST     E-FINAL   NQNV  NLS  ENIC  NDV  MDV

         3  8.2284E-03  1.0799E-05  1.8285E-08  1.0000E-01  3.2925E-05  1.0000E+00  1.2767E-03  1.2767E-03    0    0          0    1
 *** USER INFORMATION MESSAGE 6186 (NCONVG)
     *** SOLUTION HAS CONVERGED ***
         SUBID    1     LOOPID    4     LOAD STEP    0.901     LOAD FACTOR 0.90100867

     *** NEW STIFFNESS MATRIX IS REQUIRED ***

 *** USER INFORMATION MESSAGE 9005 (SUBDMAP NLSTATIC)
     THE SOLUTION FOR LOOPID= 4 IS SAVED FOR RESTART
 ^^^     
 *** USER INFORMATION MESSAGE 22713 (SUBDMAP SEKDR)
     PARAMETER EXCLUDE IS NOT DEFINED DIFFERENTIAL STIFFNESS IS COMPUTED FOR ALL ELEMENTS.
 ^^^     
1                                                                          DECEMBER  22, 2022  MSC Nastran 12/14/21   PAGE    17
                                                                                                                                    
0                                                                                                                                   
0                             N O N - L I N E A R   I T E R A T I O N   M O D U L E   O U T P U T

     STIFFNESS UPDATE TIME          0.17 SECONDS                                                               SUBCASE        1
            ITERATION TIME          0.02 SECONDS                                                        LOAD FACTOR   1.0000000

                        - - - CONVERGENCE  FACTORS - - -                      - - - LINE SEARCH DATA - - -
0ITERATION      EUI         EPI         EWI      LAMBDA       DLMAG       FACTOR     E-FIRST     E-FINAL   NQNV  NLS  ENIC  NDV  MDV

         1  1.0078E+01  5.7985E-01  5.8810E-02  1.0000E-01  1.3426E-01  1.0000E+00  1.2924E-02  1.2924E-02    0    0          0    1
 *** USER INFORMATION MESSAGE 4550 (NCONVG)
     *** NEW STIFFNESS MATRIX IS REQUIRED ***
 ^^^     
 *** USER INFORMATION MESSAGE 22713 (SUBDMAP SEKDR)
     PARAMETER EXCLUDE IS NOT DEFINED DIFFERENTIAL STIFFNESS IS COMPUTED FOR ALL ELEMENTS.
 ^^^     
1                                                                          DECEMBER  22, 2022  MSC Nastran 12/14/21   PAGE    18
                                                                                                                                    
0                                                                                                                                   
0                             N O N - L I N E A R   I T E R A T I O N   M O D U L E   O U T P U T

     STIFFNESS UPDATE TIME          0.17 SECONDS                                                               SUBCASE        1
            ITERATION TIME          0.02 SECONDS                                                        LOAD FACTOR   1.0000000

                        - - - CONVERGENCE  FACTORS - - -                      - - - LINE SEARCH DATA - - -
0ITERATION      EUI         EPI         EWI      LAMBDA       DLMAG       FACTOR     E-FIRST     E-FINAL   NQNV  NLS  ENIC  NDV  MDV

         2  1.2216E+00  3.7857E-01  1.4667E-02  1.0000E-01  7.6603E-01  1.0000E+00 -2.1490E+00 -2.1490E+00    0    0          1    1
 *** USER INFORMATION MESSAGE 4550 (NCONVG)
     *** NEW STIFFNESS MATRIX IS REQUIRED ***
 ^^^     
 *** USER INFORMATION MESSAGE 22713 (SUBDMAP SEKDR)
     PARAMETER EXCLUDE IS NOT DEFINED DIFFERENTIAL STIFFNESS IS COMPUTED FOR ALL ELEMENTS.
 ^^^     
1                                                                          DECEMBER  22, 2022  MSC Nastran 12/14/21   PAGE    19
                                                                                                                                    
0                                                                                                                                   
0                             N O N - L I N E A R   I T E R A T I O N   M O D U L E   O U T P U T

     STIFFNESS UPDATE TIME          0.19 SECONDS                                                               SUBCASE        1
            ITERATION TIME          0.02 SECONDS                                                        LOAD FACTOR   1.0000000

                        - - - CONVERGENCE  FACTORS - - -                      - - - LINE SEARCH DATA - - -
0ITERATION      EUI         EPI         EWI      LAMBDA       DLMAG       FACTOR     E-FIRST     E-FINAL   NQNV  NLS  ENIC  NDV  MDV

         3  2.2089E-01  1.8141E-02  2.9934E-04  1.0000E-01  3.5949E-02  1.0000E+00  1.2216E-01  1.2216E-01    0    0          0    1
 *** USER INFORMATION MESSAGE 4550 (NCONVG)
     *** NEW STIFFNESS MATRIX IS REQUIRED ***
 ^^^     
 *** USER INFORMATION MESSAGE 22713 (SUBDMAP SEKDR)
     PARAMETER EXCLUDE IS NOT DEFINED DIFFERENTIAL STIFFNESS IS COMPUTED FOR ALL ELEMENTS.
 ^^^     
1                                                                          DECEMBER  22, 2022  MSC Nastran 12/14/21   PAGE    20
                                                                                                                                    
0                                                                                                                                   
0                             N O N - L I N E A R   I T E R A T I O N   M O D U L E   O U T P U T

     STIFFNESS UPDATE TIME          0.17 SECONDS                                                               SUBCASE        1
            ITERATION TIME          0.00 SECONDS                                                        LOAD FACTOR   1.0000000

                        - - - CONVERGENCE  FACTORS - - -                      - - - LINE SEARCH DATA - - -
0ITERATION      EUI         EPI         EWI      LAMBDA       DLMAG       FACTOR     E-FIRST     E-FINAL   NQNV  NLS  ENIC  NDV  MDV

         4  1.9687E-01  5.8507E-03  3.6586E-05  1.0000E-01  1.1761E-02  1.0000E+00  9.1477E-02  9.1477E-02    0    0          0    1
 *** USER INFORMATION MESSAGE 6186 (NCONVG)
     *** SOLUTION HAS CONVERGED ***
         SUBID    1     LOOPID    5     LOAD STEP    1.000     LOAD FACTOR 1.00000000

     *** NEW STIFFNESS MATRIX IS REQUIRED ***

 *** USER INFORMATION MESSAGE 9005 (SUBDMAP NLSTATIC)
     THE SOLUTION FOR LOOPID= 5 IS SAVED FOR RESTART
 ^^^     
 *** USER INFORMATION MESSAGE 9052 (SUBDMAP NLSTATIC)
     NONLINEAR STATIC ANALYSIS COMPLETED.
 ^^^     
1                                                                          DECEMBER  22, 2022  MSC Nastran 12/14/21   PAGE    21
                                                                                                                                    
0                                                                                                                                   
 *** USER INFORMATION MESSAGE 7310 (VECPRN)
     ORIGIN OF SUPERELEMENT OR MODULE BASIC COORDINATE SYSTEM WILL BE USED AS REFERENCE LOCATION.
     RESULTANTS ABOUT ORIGIN OF SUPERELEMENT OR MODULE BASIC COORDINATE SYSTEM IN SUPERELEMENT OR MODULE
     BASIC SYSTEM COORDINATES.
0                                                  SPCFORCE RESULTANT       
  SUBCASE/    LOAD
  DAREA ID    TYPE       T1            T2            T3            R1            R2            R3
0        1     FX    1.852637E-08     ----          ----          ----       2.361610E-06  0.000000E+00                             
               FY       ----      -6.147361E-04     ----      -7.453866E+05     ----      -3.073636E-01                             
               FZ       ----          ----      -1.656971E+02  0.000000E+00  8.284853E+04     ----                                  
               MX       ----          ----          ----      -2.501312E+02     ----          ----                                  
               MY       ----          ----          ----          ----       2.777938E-06     ----                                  
               MZ       ----          ----          ----          ----          ----       9.225785E-09                             
             TOTALS  1.852637E-08 -6.147361E-04 -1.656971E+02 -7.456367E+05  8.284853E+04 -3.073636E-01
0        2     FX   -2.792351E-08     ----          ----          ----       9.005555E-06  0.000000E+00                             
               FY       ----      -4.063142E-03     ----      -1.923751E+06     ----      -2.031564E+00                             
               FZ       ----          ----      -4.276424E+02  0.000000E+00  2.138212E+05     ----                                  
               MX       ----          ----          ----      -6.389684E+02     ----          ----                                  
               MY       ----          ----          ----          ----       7.200196E-06     ----                                  
               MZ       ----          ----          ----          ----          ----       6.697175E-08                             
             TOTALS -2.792351E-08 -4.063142E-03 -4.276424E+02 -1.924390E+06  2.138212E+05 -2.031564E+00
0        3     FX   -9.344818E-09     ----          ----          ----       1.500208E-05  0.000000E+00                             
               FY       ----      -3.345270E-02     ----      -3.785639E+06     ----      -1.672635E+01                             
               FZ       ----          ----      -8.415236E+02  0.000000E+00  4.207618E+05     ----                                  
               MX       ----          ----          ----      -1.208015E+03     ----          ----                                  
               MY       ----          ----          ----          ----       1.424724E-05     ----                                  
               MZ       ----          ----          ----          ----          ----       2.455680E-07                             
             TOTALS -9.344818E-09 -3.345270E-02 -8.415236E+02 -3.786847E+06  4.207618E+05 -1.672635E+01
0        4     FX    9.310132E-09     ----          ----          ----       2.834502E-05  0.000000E+00                             
               FY       ----      -7.369903E-04     ----      -6.716860E+06     ----      -3.684989E-01                             
               FZ       ----          ----      -1.492971E+03  0.000000E+00  7.464857E+05     ----                                  
               MX       ----          ----          ----      -1.467973E+03     ----          ----                                  
               MY       ----          ----          ----          ----       2.596934E-05     ----                                  
               MZ       ----          ----          ----          ----          ----       6.988553E-07                             
             TOTALS  9.310132E-09 -7.369903E-04 -1.492971E+03 -6.718328E+06  7.464857E+05 -3.684982E-01
0        5     FX    1.554336E-08     ----          ----          ----       2.634240E-05  0.000000E+00                             
               FY       ----      -3.673058E-01     ----      -7.457257E+06     ----      -1.836529E+02                             
               FZ       ----          ----      -1.656999E+03  0.000000E+00  8.284993E+05     ----                                  
               MX       ----          ----          ----       8.530812E+02     ----          ----                                  
               MY       ----          ----          ----          ----       3.347224E-05     ----                                  
               MZ       ----          ----          ----          ----          ----       7.971979E-07                             
             TOTALS  1.554336E-08 -3.673058E-01 -1.656999E+03 -7.456404E+06  8.284993E+05 -1.836529E+02
 *** USER INFORMATION MESSAGE 4114 (OUTPX2)
     DATA BLOCK OQG1     WRITTEN ON FORTRAN UNIT    12 IN BINARY (LTLEND) FORMAT USING NDDL DESCRIPTION FOR OQG1, TRL =
                    101                 0             70440                 0                 0                 0                 2
     NAME OF DATA BLOCK WRITTEN ON FORTRAN UNIT IS OQG1    
        (MAXIMUM POSSIBLE FORTRAN RECORD SIZE =       65538 WORDS.)
     (MAXIMUM SIZE OF FORTRAN RECORDS WRITTEN =       14088 WORDS.)
           (NUMBER OF FORTRAN RECORDS WRITTEN =          60 RECORDS.)
           (TOTAL DATA WRITTEN FOR DATA BLOCK =       71242 WORDS.)
 *** USER INFORMATION MESSAGE 4114 (OUTPX2)
     DATA BLOCK OUG1     WRITTEN ON FORTRAN UNIT    12 IN BINARY (LTLEND) FORMAT USING NDDL DESCRIPTION FOR OUG1, TRL =
                    101                 0             70440                 0                 0                 0                 2
     NAME OF DATA BLOCK WRITTEN ON FORTRAN UNIT IS OUG1    
        (MAXIMUM POSSIBLE FORTRAN RECORD SIZE =       65538 WORDS.)
     (MAXIMUM SIZE OF FORTRAN RECORDS WRITTEN =       14088 WORDS.)
           (NUMBER OF FORTRAN RECORDS WRITTEN =          60 RECORDS.)
           (TOTAL DATA WRITTEN FOR DATA BLOCK =       71242 WORDS.)
 *** USER INFORMATION MESSAGE 4114 (OUTPX2)
     DATA BLOCK OPG1     WRITTEN ON FORTRAN UNIT    12 IN BINARY (LTLEND) FORMAT USING NDDL DESCRIPTION FOR OPG, TRL =
                    101                 0             70440                 0                 0                 0                 2
     NAME OF DATA BLOCK WRITTEN ON FORTRAN UNIT IS OPG1    
        (MAXIMUM POSSIBLE FORTRAN RECORD SIZE =       65538 WORDS.)
     (MAXIMUM SIZE OF FORTRAN RECORDS WRITTEN =       14088 WORDS.)
           (NUMBER OF FORTRAN RECORDS WRITTEN =          60 RECORDS.)
           (TOTAL DATA WRITTEN FOR DATA BLOCK =       71242 WORDS.)
 *** USER INFORMATION MESSAGE 4114 (OUTPX2)
     DATA BLOCK SCRATCH  WRITTEN ON FORTRAN UNIT    12 IN BINARY (LTLEND) FORMAT USING NDDL DESCRIPTION FOR QUALINFO, TRL =
                    301                 1                 7                 0                 0                 0                 0
     NAME OF DATA BLOCK WRITTEN ON FORTRAN UNIT IS QUALINFO
        (MAXIMUM POSSIBLE FORTRAN RECORD SIZE =       65538 WORDS.)
     (MAXIMUM SIZE OF FORTRAN RECORDS WRITTEN =          65 WORDS.)
           (NUMBER OF FORTRAN RECORDS WRITTEN =          45 RECORDS.)
           (TOTAL DATA WRITTEN FOR DATA BLOCK =         279 WORDS.)
 *** USER INFORMATION MESSAGE 4110 (OUTPX2)
                                 END-OF-DATA SIMULATION ON FORTRAN UNIT    12
                                 (MAXIMUM SIZE OF FORTRAN RECORDS WRITTEN =      1 WORDS.)
                                       (NUMBER OF FORTRAN RECORDS WRITTEN =      1 RECORDS.)
                                       (TOTAL DATA WRITTEN FOR EOF MARKER =      1 WORDS.)
1                                                                          DECEMBER  22, 2022  MSC Nastran 12/14/21   PAGE    22
                                                                                                                                    
0                                                                                                                                   
 * * * *  D B D I C T   P R I N T  * * * *      SUBDMAP = PRTSUM  ,  DMAP STATEMENT NO.     74



0                                   * * * *  A N A L Y S I S  S U M M A R Y  T A B L E  * * * *
0 SEID  PEID PROJ VERS APRCH      SEMG SEMR SEKR SELG SELR MODES DYNRED SOLLIN SOLNL LOOPID DESIGN CYCLE SENSITIVITY
 -------------------------------------------------------------------------------------------------------------------
     0     0    1    1 '        '    T    F    F    T    F     F      F      F     F      0            0           F
     0     0    1    1 '        '    F    F    F    F    F     F      F      F     T      1            0           F
     0     0    1    1 '        '    F    F    F    F    F     F      F      F     T      2            0           F
     0     0    1    1 '        '    F    F    F    F    F     F      F      F     T      3            0           F
     0     0    1    1 '        '    F    F    F    F    F     F      F      F     T      4            0           F
     0     0    1    1 '        '    F    F    F    F    F     F      F      F     T      5            0           F
0SEID = SUPERELEMENT ID.
 PEID = PRIMARY SUPERELEMENT ID OF IMAGE SUPERELEMENT.
 PROJ = PROJECT ID NUMBER.
 VERS = VERSION ID.
 APRCH = BLANK FOR STRUCTURAL ANALYSIS.  HEAT FOR HEAT TRANSFER ANALYSIS.
 SEMG = STIFFNESS AND MASS MATRIX GENERATION STEP.
 SEMR = MASS MATRIX REDUCTION STEP (INCLUDES EIGENVALUE SOLUTION FOR MODES).
 SEKR = STIFFNESS MATRIX REDUCTION STEP.
 SELG = LOAD MATRIX GENERATION STEP.
 SELR = LOAD MATRIX REDUCTION STEP. 
 MODES = T (TRUE) IF NORMAL MODES OR BUCKLING MODES CALCULATED.
 DYNRED = T (TRUE) MEANS GENERALIZED DYNAMIC AND/OR COMPONENT MODE REDUCTION PERFORMED.
 SOLLIN = T (TRUE) IF LINEAR SOLUTION EXISTS IN DATABASE.
 LOOPID = THE LAST LOOPID VALUE USED IN THE NONLINEAR ANALYSIS.  USEFUL FOR RESTARTS.
 SOLNL = T (TRUE) IF NONLINEAR SOLUTION EXISTS IN DATABASE.
 DESIGN CYCLE = THE LAST DESIGN CYCLE (ONLY VALID IN OPTIMIZATION).
 SENSITIVITY = SENSITIVITY MATRIX GENERATION FLAG.
 
 No PARAM values were set in the Control File.
 
1                                        * * * END OF JOB * * *
 
 
 No Symbolic Replacement variables or values were specified.

