1
 
 
 
 
                      Warning: This computer program is protected by copyright law and international treaties.       
                  Unauthorized use, reproduction or distribution of this computer program, or any portion of it, may 
                                          result in severe civil and criminal penalties.                             
                         Copyright (C) 2021 MSC Software Corporation and its licensors. All rights reserved.         
 
 
                                              * * * * * * * * * * * * * * * * * * * *
                                              * * * * * * * * * * * * * * * * * * * *
                                              * *                                 * *
                                              * *           MSC Software          * *
                                              * *               CORP              * *
                                              * *                                 * *
                                              * *      M S C   N a s t r a n      * *
                                              * *                                 * *
                                              * *                                 * *
                                              * *                                 * *
                                              * *     Version 2021.4-CL855437     * *
                                              * *                                 * *
                                              * *                                 * *
                                              * *                                 * *
                                              * *          DEC 14, 2021           * *
                                              * *                                 * *
                                              * *              Intel              * *
                                              * * MODEL Intel(R) Core(TM) i7-8700 * *
                                              * * Windows 10 Enterprise 6.2 9200  * *
                                              * * Compiled for 8664 (SINGLE Mode) * *
                                              * *                                 * *
                                              * * * * * * * * * * * * * * * * * * * *
                                              * * * * * * * * * * * * * * * * * * * *
1                                                                          DECEMBER  27, 2023  MSC Nastran 12/14/21   PAGE     1
                                                                                                                                    
0        N A S T R A N    F I L E    A N D    S Y S T E M    P A R A M E T E R    E C H O                                           
0                                                                                                                                   
                                                                                                                                    
                                                                                                                                    
     $ SYSFIELD=SCR*(RAW=YES,BUFFIO=YES,WNUM=16,WSIZE=16MB) $(C:/PROGRAM FILES/MSC.SO
     $ SYSFIELD=DBALL(RAW=YES,BUFFIO=YES,WNUM=16,WSIZE=16MB) $(C:/PROGRAM FILES/MSC.S
     NASTRAN BUFFSIZE=32769 $(C:/PROGRAM FILES/MSC.SOFTWARE/MSC_NASTRAN/2021.4/CONF/N
     $PYNASTRAN: VERSION=MSC                                                         
     $PYNASTRAN: PUNCH=FALSE                                                         
     $PYNASTRAN: ENCODING=UTF-8                                                      
     $PYNASTRAN: NNODES=8563                                                         
     $PYNASTRAN: NELEMENTS=8784                                                      
     $EXECUTIVE CONTROL DECK                                                         
1                                                                          DECEMBER  27, 2023  MSC Nastran 12/14/21   PAGE     2
                                                                                                                                    
0        N A S T R A N    E X E C U T I V E    C O N T R O L    E C H O                                                             
0                                                                                                                                   
                                                                                                                                    
                                                                                                                                    
     SOL 106                                                                                 
     CEND                                                                                    
1                                                                          DECEMBER  27, 2023  MSC Nastran 12/14/21   PAGE     3
                                                                                                                                    
0                                                                                                                                   
0                                        C A S E    C O N T R O L    E C H O                                                        
                 COMMAND                                                                                                            
                 COUNT                                                                                                              
                  1      $CASE CONTROL DECK                                                                      
                  2      DISPLACEMENT(PLOT) = ALL                                                                
                  3      ECHO = NONE                                                                             
                  4      NLPARM = 1                                                                              
                  5      OLOAD(PLOT) = ALL                                                                       
                  6      SPC = 1                                                                                 
                  7      SUBCASE 1                                                                               
                  8          LOAD = 12                                                                           
                  9      BEGIN BULK                                                                              
1                                                                          DECEMBER  27, 2023  MSC Nastran 12/14/21   PAGE     4
                                                                                                                                    
0                                                                                                                                   
                                              I N P U T   B U L K   D A T A   E C H O                                               
                 ENTRY                                                                                                              
                 COUNT        .   1  ..   2  ..   3  ..   4  ..   5  ..   6  ..   7  ..   8  ..   9  ..  10  .                      

*** USER WARNING MESSAGE (fn: GETLIN)
    The ENDDATA statement is missing.
1                                                                          DECEMBER  27, 2023  MSC Nastran 12/14/21   PAGE     5
                                                                                                                                    
0                                                                                                                                   
                                        M O D E L   S U M M A R Y          BULK = 0
                                   ENTRY NAME        NUMBER OF ENTRIES
                                   ----------        -----------------
                                       CQUAD4                     8784
                                        FORCE                        1
                                         GRID                     8563
                                         LOAD                        1
                                         MAT1                        1
                                       NLPARM                        1
                                        NLPCI                        1
                                        PARAM                        2
                                       PSHELL                        1
                                         RBE3                        1
                                         SPC1                        1

 *** USER WARNING MESSAGE 316 (IXTSNLPM)
     ILLEGAL DATA ON BULK DATA ENTRY NLPARM        1: KSTEP = -1 is only allowed for SOL 400 and will be ignored.
    DEFAULT NONLINEAR TOLERANCES 
       NLPARM ID      1
       NINC          10
       EPSU          1.00000E-02 (not normally used)
       EPSP          1.00000E-02
       EPSW          1.00000E-02
      (VALUES YOU ENTER OVERIDE THE ABOVE DEFAULTS)

 ^^^     
 ^^^ >>> IFP OPERATIONS COMPLETE <<< 
 ^^^     
 *** USER INFORMATION MESSAGE 4109 (OUTPX2)
     THE LABEL IS XXXXXXXX FOR FORTRAN UNIT    12
     (MAXIMUM SIZE OF FORTRAN RECORDS WRITTEN =          7 WORDS.)
           (NUMBER OF FORTRAN RECORDS WRITTEN =         10 RECORDS.)
                (TOTAL DATA WRITTEN FOR LABEL =         21 WORDS.)
 *** USER INFORMATION MESSAGE 4114 (OUTPX2)
     DATA BLOCK GEOM1X   WRITTEN ON FORTRAN UNIT    12 IN BINARY (LTLEND) FORMAT USING NDDL DESCRIPTION FOR GEOM1, TRL =
                    101                 0                 0                 8                 0                 0                 0
     NAME OF DATA BLOCK WRITTEN ON FORTRAN UNIT IS GEOM1   
        (MAXIMUM POSSIBLE FORTRAN RECORD SIZE =       65538 WORDS.)
     (MAXIMUM SIZE OF FORTRAN RECORDS WRITTEN =       65538 WORDS.)
           (NUMBER OF FORTRAN RECORDS WRITTEN =          22 RECORDS.)
           (TOTAL DATA WRITTEN FOR DATA BLOCK =       68546 WORDS.)
 *** USER INFORMATION MESSAGE 4114 (OUTPX2)
     DATA BLOCK GEOM2X   WRITTEN ON FORTRAN UNIT    12 IN BINARY (LTLEND) FORMAT USING NDDL DESCRIPTION FOR GEOM2, TRL =
                    102                 0                 0                 0              8192                 0                 0
     NAME OF DATA BLOCK WRITTEN ON FORTRAN UNIT IS GEOM2   
        (MAXIMUM POSSIBLE FORTRAN RECORD SIZE =       65538 WORDS.)
     (MAXIMUM SIZE OF FORTRAN RECORDS WRITTEN =       65538 WORDS.)
           (NUMBER OF FORTRAN RECORDS WRITTEN =          24 RECORDS.)
           (TOTAL DATA WRITTEN FOR DATA BLOCK =      131803 WORDS.)
 *** USER INFORMATION MESSAGE 4114 (OUTPX2)
     DATA BLOCK GEOM3X   WRITTEN ON FORTRAN UNIT    12 IN BINARY (LTLEND) FORMAT USING NDDL DESCRIPTION FOR GEOM3, TRL =
                    103                 0                 0                64                 8                 0                 0
     NAME OF DATA BLOCK WRITTEN ON FORTRAN UNIT IS GEOM3   
        (MAXIMUM POSSIBLE FORTRAN RECORD SIZE =       65538 WORDS.)
     (MAXIMUM SIZE OF FORTRAN RECORDS WRITTEN =          10 WORDS.)
           (NUMBER OF FORTRAN RECORDS WRITTEN =          25 RECORDS.)
           (TOTAL DATA WRITTEN FOR DATA BLOCK =          61 WORDS.)
1                                                                          DECEMBER  27, 2023  MSC Nastran 12/14/21   PAGE     6
                                                                                                                                    
0                                                                                                                                   
0                                                                                                                                   
                                                                                                                                    
                                                                                                                                    
 *** USER INFORMATION MESSAGE 4114 (OUTPX2)
     DATA BLOCK GEOM4X   WRITTEN ON FORTRAN UNIT    12 IN BINARY (LTLEND) FORMAT USING NDDL DESCRIPTION FOR GEOM4, TRL =
                    104                 0                 0                 0                64               512                 0
     NAME OF DATA BLOCK WRITTEN ON FORTRAN UNIT IS GEOM4   
        (MAXIMUM POSSIBLE FORTRAN RECORD SIZE =       65538 WORDS.)
     (MAXIMUM SIZE OF FORTRAN RECORDS WRITTEN =         250 WORDS.)
           (NUMBER OF FORTRAN RECORDS WRITTEN =          25 RECORDS.)
           (TOTAL DATA WRITTEN FOR DATA BLOCK =         482 WORDS.)
 *** USER INFORMATION MESSAGE 4114 (OUTPX2)
     DATA BLOCK EPTX     WRITTEN ON FORTRAN UNIT    12 IN BINARY (LTLEND) FORMAT USING NDDL DESCRIPTION FOR EPT, TRL =
                    105                 0               512                 0                 0                 0                 0
     NAME OF DATA BLOCK WRITTEN ON FORTRAN UNIT IS EPT     
        (MAXIMUM POSSIBLE FORTRAN RECORD SIZE =       65538 WORDS.)
     (MAXIMUM SIZE OF FORTRAN RECORDS WRITTEN =          14 WORDS.)
           (NUMBER OF FORTRAN RECORDS WRITTEN =          20 RECORDS.)
           (TOTAL DATA WRITTEN FOR DATA BLOCK =          52 WORDS.)
 *** USER INFORMATION MESSAGE 4114 (OUTPX2)
     DATA BLOCK MPTS     WRITTEN ON FORTRAN UNIT    12 IN BINARY (LTLEND) FORMAT USING NDDL DESCRIPTION FOR MPT, TRL =
                    101             32768                 5                 0                 0                 0                 0
     NAME OF DATA BLOCK WRITTEN ON FORTRAN UNIT IS MPT     
        (MAXIMUM POSSIBLE FORTRAN RECORD SIZE =       65538 WORDS.)
     (MAXIMUM SIZE OF FORTRAN RECORDS WRITTEN =          23 WORDS.)
           (NUMBER OF FORTRAN RECORDS WRITTEN =          30 RECORDS.)
           (TOTAL DATA WRITTEN FOR DATA BLOCK =          95 WORDS.)
 *** USER INFORMATION MESSAGE 4114 (OUTPX2)
     DATA BLOCK CASESO   WRITTEN ON FORTRAN UNIT    12 IN BINARY (LTLEND) FORMAT USING NDDL DESCRIPTION FOR CASECC, TRL =
                    101                 1                 0              1000                 0                 0                 0
     NAME OF DATA BLOCK WRITTEN ON FORTRAN UNIT IS CASECC  
        (MAXIMUM POSSIBLE FORTRAN RECORD SIZE =       65538 WORDS.)
     (MAXIMUM SIZE OF FORTRAN RECORDS WRITTEN =        1000 WORDS.)
           (NUMBER OF FORTRAN RECORDS WRITTEN =          15 RECORDS.)
           (TOTAL DATA WRITTEN FOR DATA BLOCK =        1031 WORDS.)
1                                                                          DECEMBER  27, 2023  MSC Nastran 12/14/21   PAGE     7
                                                                                                                                    
0                                                                                                                                   
 *** USER INFORMATION MESSAGE 7310 (VECPRN)
     ORIGIN OF SUPERELEMENT OR MODULE BASIC COORDINATE SYSTEM WILL BE USED AS REFERENCE LOCATION.
     RESULTANTS ABOUT ORIGIN OF SUPERELEMENT OR MODULE BASIC COORDINATE SYSTEM IN SUPERELEMENT OR MODULE
     BASIC SYSTEM COORDINATES.
0                                                  OLOAD    RESULTANT       
  SUBCASE/    LOAD
  DAREA ID    TYPE       T1            T2            T3            R1            R2            R3
0        1     FX    0.000000E+00     ----          ----          ----       0.000000E+00  0.000000E+00                             
               FY       ----       0.000000E+00     ----       0.000000E+00     ----       0.000000E+00                             
               FZ       ----          ----       1.684800E+04  7.581600E+07 -8.424000E+06     ----                                  
               MX       ----          ----          ----       0.000000E+00     ----          ----                                  
               MY       ----          ----          ----          ----       0.000000E+00     ----                                  
               MZ       ----          ----          ----          ----          ----       0.000000E+00                             
             TOTALS  0.000000E+00  0.000000E+00  1.684800E+04  7.581600E+07 -8.424000E+06  0.000000E+00
1                                                                          DECEMBER  27, 2023  MSC Nastran 12/14/21   PAGE     8
                                                                                                                                    
0                                                                                                                                   
0                             N O N - L I N E A R   I T E R A T I O N   M O D U L E   O U T P U T

     STIFFNESS UPDATE TIME          1.03 SECONDS                                                               SUBCASE        1
            ITERATION TIME          0.08 SECONDS                                                        LOAD FACTOR   0.1000000

                        - - - CONVERGENCE  FACTORS - - -                      - - - LINE SEARCH DATA - - -
0ITERATION      EUI         EPI         EWI      LAMBDA       DLMAG       FACTOR     E-FIRST     E-FINAL   NQNV  NLS  ENIC  NDV  MDV

         1  9.9000E+01  2.0638E+01  2.0638E+01  1.0000E-01  1.4607E+00  1.0000E+00 -4.2844E-03 -4.2844E-03    0    0          0    1
 *** USER INFORMATION MESSAGE 4550 (NCONVG)
     *** NEW STIFFNESS MATRIX IS REQUIRED ***
 ^^^     
 *** USER INFORMATION MESSAGE 22713 (SUBDMAP SEKDR)
     PARAMETER EXCLUDE IS NOT DEFINED DIFFERENTIAL STIFFNESS IS COMPUTED FOR ALL ELEMENTS.
 ^^^     
1                                                                          DECEMBER  27, 2023  MSC Nastran 12/14/21   PAGE     9
                                                                                                                                    
0                                                                                                                                   
0                             N O N - L I N E A R   I T E R A T I O N   M O D U L E   O U T P U T

     STIFFNESS UPDATE TIME          1.44 SECONDS                                                               SUBCASE        1
            ITERATION TIME          0.05 SECONDS                                                        LOAD FACTOR   0.0999979

                        - - - CONVERGENCE  FACTORS - - -                      - - - LINE SEARCH DATA - - -
0ITERATION      EUI         EPI         EWI      LAMBDA       DLMAG       FACTOR     E-FIRST     E-FINAL   NQNV  NLS  ENIC  NDV  MDV

         2  1.1733E-01  5.8921E-05  7.7550E-08  1.0000E-01  8.2099E-05  1.0000E+00  5.5050E-06  5.5050E-06    0    0          0    1
 *** USER INFORMATION MESSAGE 6186 (NCONVG)
     *** SOLUTION HAS CONVERGED ***
         SUBID    1     LOOPID    1     LOAD STEP    0.100     LOAD FACTOR 0.09999787

     *** NEW STIFFNESS MATRIX IS REQUIRED ***

 *** USER INFORMATION MESSAGE 9005 (SUBDMAP NLSTATIC)
     THE SOLUTION FOR LOOPID= 1 IS SAVED FOR RESTART
 ^^^     
 *** USER INFORMATION MESSAGE 22713 (SUBDMAP SEKDR)
     PARAMETER EXCLUDE IS NOT DEFINED DIFFERENTIAL STIFFNESS IS COMPUTED FOR ALL ELEMENTS.
 ^^^     
1                                                                          DECEMBER  27, 2023  MSC Nastran 12/14/21   PAGE    10
                                                                                                                                    
0                                                                                                                                   
0                             N O N - L I N E A R   I T E R A T I O N   M O D U L E   O U T P U T

     STIFFNESS UPDATE TIME          1.31 SECONDS                                                               SUBCASE        1
            ITERATION TIME          0.05 SECONDS                                                        LOAD FACTOR   0.3449307

                        - - - CONVERGENCE  FACTORS - - -                      - - - LINE SEARCH DATA - - -
0ITERATION      EUI         EPI         EWI      LAMBDA       DLMAG       FACTOR     E-FIRST     E-FINAL   NQNV  NLS  ENIC  NDV  MDV

         1  7.0301E+01  1.2387E+02  8.7960E+01  1.0000E-01  8.7928E+00  1.0000E+00 -2.5553E-02 -2.5553E-02    0    0          0    1
 *** USER INFORMATION MESSAGE 4550 (NCONVG)
     *** NEW STIFFNESS MATRIX IS REQUIRED ***
 ^^^     
 *** USER INFORMATION MESSAGE 22713 (SUBDMAP SEKDR)
     PARAMETER EXCLUDE IS NOT DEFINED DIFFERENTIAL STIFFNESS IS COMPUTED FOR ALL ELEMENTS.
 ^^^     
1                                                                          DECEMBER  27, 2023  MSC Nastran 12/14/21   PAGE    11
                                                                                                                                    
0                                                                                                                                   
0                             N O N - L I N E A R   I T E R A T I O N   M O D U L E   O U T P U T

     STIFFNESS UPDATE TIME          1.34 SECONDS                                                               SUBCASE        1
            ITERATION TIME          0.05 SECONDS                                                        LOAD FACTOR   0.3448394

                        - - - CONVERGENCE  FACTORS - - -                      - - - LINE SEARCH DATA - - -
0ITERATION      EUI         EPI         EWI      LAMBDA       DLMAG       FACTOR     E-FIRST     E-FINAL   NQNV  NLS  ENIC  NDV  MDV

         2  2.0929E-01  2.8588E-03  1.6711E-05  1.0000E-01  6.5373E-03  1.0000E+00  6.1188E-05  6.1188E-05    0    0          0    1
 *** USER INFORMATION MESSAGE 6186 (NCONVG)
     *** SOLUTION HAS CONVERGED ***
         SUBID    1     LOOPID    2     LOAD STEP    0.345     LOAD FACTOR 0.34483942

     *** NEW STIFFNESS MATRIX IS REQUIRED ***

 *** USER INFORMATION MESSAGE 9005 (SUBDMAP NLSTATIC)
     THE SOLUTION FOR LOOPID= 2 IS SAVED FOR RESTART
 ^^^     
 *** USER INFORMATION MESSAGE 22713 (SUBDMAP SEKDR)
     PARAMETER EXCLUDE IS NOT DEFINED DIFFERENTIAL STIFFNESS IS COMPUTED FOR ALL ELEMENTS.
 ^^^     
1                                                                          DECEMBER  27, 2023  MSC Nastran 12/14/21   PAGE    12
                                                                                                                                    
0                                                                                                                                   
0                             N O N - L I N E A R   I T E R A T I O N   M O D U L E   O U T P U T

     STIFFNESS UPDATE TIME          1.39 SECONDS                                                               SUBCASE        1
            ITERATION TIME          0.05 SECONDS                                                        LOAD FACTOR   0.9440882

                        - - - CONVERGENCE  FACTORS - - -                      - - - LINE SEARCH DATA - - -
0ITERATION      EUI         EPI         EWI      LAMBDA       DLMAG       FACTOR     E-FIRST     E-FINAL   NQNV  NLS  ENIC  NDV  MDV

         1  6.2865E+01  7.4406E+02  4.7245E+02  1.0000E-01  5.4121E+01  1.0000E+00 -1.5118E-01 -1.5118E-01    0    0          0    1
 *** USER INFORMATION MESSAGE 4550 (NCONVG)
     *** NEW STIFFNESS MATRIX IS REQUIRED ***
 ^^^     
 *** USER INFORMATION MESSAGE 22713 (SUBDMAP SEKDR)
     PARAMETER EXCLUDE IS NOT DEFINED DIFFERENTIAL STIFFNESS IS COMPUTED FOR ALL ELEMENTS.
 ^^^     
 *** USER WARNING MESSAGE 4698 (DCMPD)
     STATISTICS FOR DECOMPOSITION OF MATRIX KLLRH.
     THE FOLLOWING DEGREES OF FREEDOM HAVE FACTOR DIAGONAL RATIOS GREATER THAN
     1.000000E+07 OR HAVE NEGATIVE TERMS ON THE FACTOR DIAGONAL.
     USER INFORMATION:
     THIS MESSAGE MAY BE IGNORED IF NO GRID POINT IDS OR HIGH RATIO MESSAGES APPEAR IN THE TABLE ON THE NEXT PAGE.
1                                                                          DECEMBER  27, 2023  MSC Nastran 12/14/21   PAGE    13
                                                                                                                                    
0                                                                                                                                   
0                                                                                                                                   
         GRID POINT ID       DEGREE OF FREEDOM   MATRIX/FACTOR DIAGONAL RATIO        MATRIX DIAGONAL                                
                                                                                                                                    
             232                    R2                  -2.94523E+00                   1.34758E+07
             233                    R1                  -1.23653E+01                   9.52387E+06
             364                    T2                  -1.59330E+01                   5.31132E+05
             425                    T3                  -3.48953E+01                   4.02684E+04
             453                    R2                  -5.59153E-01                   9.52338E+06
             460                    R2                  -7.23524E+00                   9.52325E+06
            1069                    R2                  -7.31227E+01                   9.52345E+06
            1077                    R1                  -1.40518E+00                   9.52385E+06
            1166                    R2                  -7.86169E+01                   1.34757E+07
            1198                    T3                  -4.66990E+01                   9.26283E+05
            1206                    R2                  -3.55523E+00                   1.34752E+07
            1316                    R2                  -2.18288E+00                   9.52286E+06
            2054                    R1                  -1.71227E+00                   1.37543E+07
            2702                    R2                  -4.75133E+01                   1.34737E+07
1                                                                          DECEMBER  27, 2023  MSC Nastran 12/14/21   PAGE    14
                                                                                                                                    
0                                                                                                                                   
0                             N O N - L I N E A R   I T E R A T I O N   M O D U L E   O U T P U T

     STIFFNESS UPDATE TIME          1.42 SECONDS                                                               SUBCASE        1
            ITERATION TIME          0.05 SECONDS                                                        LOAD FACTOR   0.9463883

                        - - - CONVERGENCE  FACTORS - - -                      - - - LINE SEARCH DATA - - -
0ITERATION      EUI         EPI         EWI      LAMBDA       DLMAG       FACTOR     E-FIRST     E-FINAL   NQNV  NLS  ENIC  NDV  MDV

         2  1.0969E+00  9.7126E+01  7.4692E+00  1.0000E-01  1.0893E+02  1.0000E+00 -1.0648E+01 -1.0648E+01    0    0          1    1
 *** USER INFORMATION MESSAGE 4550 (NCONVG)
     *** NEW STIFFNESS MATRIX IS REQUIRED ***
 ^^^     
 *** USER INFORMATION MESSAGE 22713 (SUBDMAP SEKDR)
     PARAMETER EXCLUDE IS NOT DEFINED DIFFERENTIAL STIFFNESS IS COMPUTED FOR ALL ELEMENTS.
 ^^^     
 *** USER WARNING MESSAGE 4698 (DCMPD)
     STATISTICS FOR DECOMPOSITION OF MATRIX KLLRH.
     THE FOLLOWING DEGREES OF FREEDOM HAVE FACTOR DIAGONAL RATIOS GREATER THAN
     1.000000E+07 OR HAVE NEGATIVE TERMS ON THE FACTOR DIAGONAL.
     USER INFORMATION:
     THIS MESSAGE MAY BE IGNORED IF NO GRID POINT IDS OR HIGH RATIO MESSAGES APPEAR IN THE TABLE ON THE NEXT PAGE.
1                                                                          DECEMBER  27, 2023  MSC Nastran 12/14/21   PAGE    15
                                                                                                                                    
0                                                                                                                                   
0                                                                                                                                   
         GRID POINT ID       DEGREE OF FREEDOM   MATRIX/FACTOR DIAGONAL RATIO        MATRIX DIAGONAL                                
                                                                                                                                    
             224                    T3                  -9.22145E+03                   9.26349E+05
             375                    R1                  -7.62984E+01                   9.52374E+06
             390                    R1                  -5.98203E-01                   1.37448E+07
             425                    R2                  -3.37349E+01                   9.52224E+06
            1190                    R2                  -4.97431E-01                   1.34760E+07
            1870                    T3                  -4.48728E+04                   9.26490E+05
1                                                                          DECEMBER  27, 2023  MSC Nastran 12/14/21   PAGE    16
                                                                                                                                    
0                                                                                                                                   
0                             N O N - L I N E A R   I T E R A T I O N   M O D U L E   O U T P U T

     STIFFNESS UPDATE TIME          1.23 SECONDS                                                               SUBCASE        1
            ITERATION TIME          0.08 SECONDS                                                        LOAD FACTOR   0.8926840

                        - - - CONVERGENCE  FACTORS - - -                      - - - LINE SEARCH DATA - - -
0ITERATION      EUI         EPI         EWI      LAMBDA       DLMAG       FACTOR     E-FIRST     E-FINAL   NQNV  NLS  ENIC  NDV  MDV

         3  9.6769E-01  1.1776E+01  3.8950E-01  1.0000E-01  8.9885E+00  1.0000E+00  8.5832E-02  8.5832E-02    0    0          0    1
 *** USER INFORMATION MESSAGE 4550 (NCONVG)
     *** NEW STIFFNESS MATRIX IS REQUIRED ***
 ^^^     
 *** USER INFORMATION MESSAGE 22713 (SUBDMAP SEKDR)
     PARAMETER EXCLUDE IS NOT DEFINED DIFFERENTIAL STIFFNESS IS COMPUTED FOR ALL ELEMENTS.
 ^^^     
 *** USER WARNING MESSAGE 4698 (DCMPD)
     STATISTICS FOR DECOMPOSITION OF MATRIX KLLRH.
     THE FOLLOWING DEGREES OF FREEDOM HAVE FACTOR DIAGONAL RATIOS GREATER THAN
     1.000000E+07 OR HAVE NEGATIVE TERMS ON THE FACTOR DIAGONAL.
     USER INFORMATION:
     THIS MESSAGE MAY BE IGNORED IF NO GRID POINT IDS OR HIGH RATIO MESSAGES APPEAR IN THE TABLE ON THE NEXT PAGE.
1                                                                          DECEMBER  27, 2023  MSC Nastran 12/14/21   PAGE    17
                                                                                                                                    
0                                                                                                                                   
0                                                                                                                                   
         GRID POINT ID       DEGREE OF FREEDOM   MATRIX/FACTOR DIAGONAL RATIO        MATRIX DIAGONAL                                
                                                                                                                                    
             216                    R2                  -8.24656E+00                   1.34759E+07
             232                    R2                  -7.43518E+00                   1.34763E+07
             283                    R1                  -1.45529E+01                   1.37449E+07
             425                    R1                  -1.06103E+01                   9.52354E+06
             453                    R2                  -1.00721E+01                   9.52376E+06
            1149                    R1                  -2.38485E+01                   9.52356E+06
            1974                    T3                  -2.31208E+01                   9.25980E+05
1                                                                          DECEMBER  27, 2023  MSC Nastran 12/14/21   PAGE    18
                                                                                                                                    
0                                                                                                                                   
0                             N O N - L I N E A R   I T E R A T I O N   M O D U L E   O U T P U T

     STIFFNESS UPDATE TIME          1.23 SECONDS                                                               SUBCASE        1
            ITERATION TIME          0.05 SECONDS                                                        LOAD FACTOR   0.9107392

                        - - - CONVERGENCE  FACTORS - - -                      - - - LINE SEARCH DATA - - -
0ITERATION      EUI         EPI         EWI      LAMBDA       DLMAG       FACTOR     E-FIRST     E-FINAL   NQNV  NLS  ENIC  NDV  MDV

         4  5.5934E-01  8.4291E+00  7.4766E-01  1.0000E-01  1.5144E+01  1.0000E+00  4.2808E-02  4.2808E-02    0    0          0    1
 *** USER INFORMATION MESSAGE 4550 (NCONVG)
     *** NEW STIFFNESS MATRIX IS REQUIRED ***
 ^^^     
 *** USER INFORMATION MESSAGE 22713 (SUBDMAP SEKDR)
     PARAMETER EXCLUDE IS NOT DEFINED DIFFERENTIAL STIFFNESS IS COMPUTED FOR ALL ELEMENTS.
 ^^^     
 *** USER WARNING MESSAGE 4698 (DCMPD)
     STATISTICS FOR DECOMPOSITION OF MATRIX KLLRH.
     THE FOLLOWING DEGREES OF FREEDOM HAVE FACTOR DIAGONAL RATIOS GREATER THAN
     1.000000E+07 OR HAVE NEGATIVE TERMS ON THE FACTOR DIAGONAL.
     USER INFORMATION:
     THIS MESSAGE MAY BE IGNORED IF NO GRID POINT IDS OR HIGH RATIO MESSAGES APPEAR IN THE TABLE ON THE NEXT PAGE.
1                                                                          DECEMBER  27, 2023  MSC Nastran 12/14/21   PAGE    19
                                                                                                                                    
0                                                                                                                                   
0                                                                                                                                   
         GRID POINT ID       DEGREE OF FREEDOM   MATRIX/FACTOR DIAGONAL RATIO        MATRIX DIAGONAL                                
                                                                                                                                    
             224                    R2                  -1.05972E+04                   1.34757E+07
             232                    R2                  -1.99186E+00                   1.34765E+07
             425                    T3                  -7.71238E+00                   4.04998E+04
            1261                    R2                  -6.10595E+00                   9.51916E+06
            1879                    T3                  -1.32289E+02                   4.07299E+04
            3823                    T2                  -1.70063E+00                   5.69250E+05
1                                                                          DECEMBER  27, 2023  MSC Nastran 12/14/21   PAGE    20
                                                                                                                                    
0                                                                                                                                   
0                             N O N - L I N E A R   I T E R A T I O N   M O D U L E   O U T P U T

     STIFFNESS UPDATE TIME          1.22 SECONDS                                                               SUBCASE        1
            ITERATION TIME          0.00 SECONDS                                                        LOAD FACTOR   0.9188987

                        - - - CONVERGENCE  FACTORS - - -                      - - - LINE SEARCH DATA - - -
0ITERATION      EUI         EPI         EWI      LAMBDA       DLMAG       FACTOR     E-FIRST     E-FINAL   NQNV  NLS  ENIC  NDV  MDV

 *** USER INFORMATION MESSAGE 6187 (NCONVG)
     *** BISECTION IS ACTIVATED DUE TO LARGE INCREMENTAL ROTATIONS AT ITERATION NO.   5 ***
 *** USER INFORMATION MESSAGE 6188 (NLITER)
     ***  ARC LENGTH RATIO IS 3.000000D+00
 *** USER INFORMATION MESSAGE 4550 (NLITER)
     *** NEW STIFFNESS MATRIX IS REQUIRED ***
 ^^^     
 *** USER INFORMATION MESSAGE 22713 (SUBDMAP SEKDR)
     PARAMETER EXCLUDE IS NOT DEFINED DIFFERENTIAL STIFFNESS IS COMPUTED FOR ALL ELEMENTS.
 ^^^     
1                                                                          DECEMBER  27, 2023  MSC Nastran 12/14/21   PAGE    21
                                                                                                                                    
0                                                                                                                                   
0                             N O N - L I N E A R   I T E R A T I O N   M O D U L E   O U T P U T

     STIFFNESS UPDATE TIME          1.30 SECONDS                                                               SUBCASE        1
            ITERATION TIME          0.06 SECONDS                                                        LOAD FACTOR   0.6444638

                        - - - CONVERGENCE  FACTORS - - -                      - - - LINE SEARCH DATA - - -
0ITERATION      EUI         EPI         EWI      LAMBDA       DLMAG       FACTOR     E-FIRST     E-FINAL   NQNV  NLS  ENIC  NDV  MDV

         1  4.6055E+01  1.8593E+02  8.6486E+01  1.0000E-01  1.3462E+01  1.0000E+00 -3.6943E-02 -3.6943E-02    0    0          0    1
 *** USER INFORMATION MESSAGE 4550 (NCONVG)
     *** NEW STIFFNESS MATRIX IS REQUIRED ***
 ^^^     
 *** USER INFORMATION MESSAGE 22713 (SUBDMAP SEKDR)
     PARAMETER EXCLUDE IS NOT DEFINED DIFFERENTIAL STIFFNESS IS COMPUTED FOR ALL ELEMENTS.
 ^^^     
 *** USER WARNING MESSAGE 4698 (DCMPD)
     STATISTICS FOR DECOMPOSITION OF MATRIX KLLRH.
     THE FOLLOWING DEGREES OF FREEDOM HAVE FACTOR DIAGONAL RATIOS GREATER THAN
     1.000000E+07 OR HAVE NEGATIVE TERMS ON THE FACTOR DIAGONAL.
     USER INFORMATION:
     THIS MESSAGE MAY BE IGNORED IF NO GRID POINT IDS OR HIGH RATIO MESSAGES APPEAR IN THE TABLE ON THE NEXT PAGE.
1                                                                          DECEMBER  27, 2023  MSC Nastran 12/14/21   PAGE    22
                                                                                                                                    
0                                                                                                                                   
0                                                                                                                                   
         GRID POINT ID       DEGREE OF FREEDOM   MATRIX/FACTOR DIAGONAL RATIO        MATRIX DIAGONAL                                
                                                                                                                                    
             224                    R2                  -1.41032E+02                   1.34761E+07
            1870                    T3                  -2.24271E+01                   9.26404E+05
1                                                                          DECEMBER  27, 2023  MSC Nastran 12/14/21   PAGE    23
                                                                                                                                    
0                                                                                                                                   
0                             N O N - L I N E A R   I T E R A T I O N   M O D U L E   O U T P U T

     STIFFNESS UPDATE TIME          1.25 SECONDS                                                               SUBCASE        1
            ITERATION TIME          0.06 SECONDS                                                        LOAD FACTOR   0.6431226

                        - - - CONVERGENCE  FACTORS - - -                      - - - LINE SEARCH DATA - - -
0ITERATION      EUI         EPI         EWI      LAMBDA       DLMAG       FACTOR     E-FIRST     E-FINAL   NQNV  NLS  ENIC  NDV  MDV

         2  2.7309E-01  2.8411E-01  6.3629E-02  1.0000E-01  2.7725E+00  1.0000E+00 -2.5570E-01 -2.5570E-01    0    0          0    1
 *** USER INFORMATION MESSAGE 4550 (NCONVG)
     *** NEW STIFFNESS MATRIX IS REQUIRED ***
 ^^^     
 *** USER INFORMATION MESSAGE 22713 (SUBDMAP SEKDR)
     PARAMETER EXCLUDE IS NOT DEFINED DIFFERENTIAL STIFFNESS IS COMPUTED FOR ALL ELEMENTS.
 ^^^     
 *** USER WARNING MESSAGE 4698 (DCMPD)
     STATISTICS FOR DECOMPOSITION OF MATRIX KLLRH.
     THE FOLLOWING DEGREES OF FREEDOM HAVE FACTOR DIAGONAL RATIOS GREATER THAN
     1.000000E+07 OR HAVE NEGATIVE TERMS ON THE FACTOR DIAGONAL.
     USER INFORMATION:
     THIS MESSAGE MAY BE IGNORED IF NO GRID POINT IDS OR HIGH RATIO MESSAGES APPEAR IN THE TABLE ON THE NEXT PAGE.
1                                                                          DECEMBER  27, 2023  MSC Nastran 12/14/21   PAGE    24
                                                                                                                                    
0                                                                                                                                   
0                                                                                                                                   
         GRID POINT ID       DEGREE OF FREEDOM   MATRIX/FACTOR DIAGONAL RATIO        MATRIX DIAGONAL                                
                                                                                                                                    
            1182                    R2                  -5.64861E+00                   1.34759E+07
            2875                    R1                  -5.62220E+00                   1.37449E+07
1                                                                          DECEMBER  27, 2023  MSC Nastran 12/14/21   PAGE    25
                                                                                                                                    
0                                                                                                                                   
0                             N O N - L I N E A R   I T E R A T I O N   M O D U L E   O U T P U T

     STIFFNESS UPDATE TIME          1.28 SECONDS                                                               SUBCASE        1
            ITERATION TIME          0.06 SECONDS                                                        LOAD FACTOR   0.6420185

                        - - - CONVERGENCE  FACTORS - - -                      - - - LINE SEARCH DATA - - -
0ITERATION      EUI         EPI         EWI      LAMBDA       DLMAG       FACTOR     E-FIRST     E-FINAL   NQNV  NLS  ENIC  NDV  MDV

         3  9.3896E-02  1.5742E-01  2.1509E-03  1.0000E-01  1.8069E-01  1.0000E+00  8.2380E-02  8.2380E-02    0    0          0    1
 *** USER INFORMATION MESSAGE 4550 (NCONVG)
     *** NEW STIFFNESS MATRIX IS REQUIRED ***
 ^^^     
 *** USER INFORMATION MESSAGE 22713 (SUBDMAP SEKDR)
     PARAMETER EXCLUDE IS NOT DEFINED DIFFERENTIAL STIFFNESS IS COMPUTED FOR ALL ELEMENTS.
 ^^^     
 *** USER WARNING MESSAGE 4698 (DCMPD)
     STATISTICS FOR DECOMPOSITION OF MATRIX KLLRH.
     THE FOLLOWING DEGREES OF FREEDOM HAVE FACTOR DIAGONAL RATIOS GREATER THAN
     1.000000E+07 OR HAVE NEGATIVE TERMS ON THE FACTOR DIAGONAL.
     USER INFORMATION:
     THIS MESSAGE MAY BE IGNORED IF NO GRID POINT IDS OR HIGH RATIO MESSAGES APPEAR IN THE TABLE ON THE NEXT PAGE.
1                                                                          DECEMBER  27, 2023  MSC Nastran 12/14/21   PAGE    26
                                                                                                                                    
0                                                                                                                                   
0                                                                                                                                   
         GRID POINT ID       DEGREE OF FREEDOM   MATRIX/FACTOR DIAGONAL RATIO        MATRIX DIAGONAL                                
                                                                                                                                    
            1069                    R1                  -1.03319E+01                   9.52389E+06
            2993                    T2                  -1.07624E+01                   5.69304E+05
1                                                                          DECEMBER  27, 2023  MSC Nastran 12/14/21   PAGE    27
                                                                                                                                    
0                                                                                                                                   
0                             N O N - L I N E A R   I T E R A T I O N   M O D U L E   O U T P U T

     STIFFNESS UPDATE TIME          1.30 SECONDS                                                               SUBCASE        1
            ITERATION TIME          0.05 SECONDS                                                        LOAD FACTOR   0.6422050

                        - - - CONVERGENCE  FACTORS - - -                      - - - LINE SEARCH DATA - - -
0ITERATION      EUI         EPI         EWI      LAMBDA       DLMAG       FACTOR     E-FIRST     E-FINAL   NQNV  NLS  ENIC  NDV  MDV

         4  6.8105E-02  1.1649E-01  1.0229E-03  1.0000E-01  1.1280E-01  1.0000E+00  6.7318E-02  6.7318E-02    0    0          0    1
 *** USER INFORMATION MESSAGE 4550 (NCONVG)
     *** NEW STIFFNESS MATRIX IS REQUIRED ***
 ^^^     
 *** USER INFORMATION MESSAGE 22713 (SUBDMAP SEKDR)
     PARAMETER EXCLUDE IS NOT DEFINED DIFFERENTIAL STIFFNESS IS COMPUTED FOR ALL ELEMENTS.
 ^^^     
 *** USER WARNING MESSAGE 4698 (DCMPD)
     STATISTICS FOR DECOMPOSITION OF MATRIX KLLRH.
     THE FOLLOWING DEGREES OF FREEDOM HAVE FACTOR DIAGONAL RATIOS GREATER THAN
     1.000000E+07 OR HAVE NEGATIVE TERMS ON THE FACTOR DIAGONAL.
     USER INFORMATION:
     THIS MESSAGE MAY BE IGNORED IF NO GRID POINT IDS OR HIGH RATIO MESSAGES APPEAR IN THE TABLE ON THE NEXT PAGE.
1                                                                          DECEMBER  27, 2023  MSC Nastran 12/14/21   PAGE    28
                                                                                                                                    
0                                                                                                                                   
0                                                                                                                                   
         GRID POINT ID       DEGREE OF FREEDOM   MATRIX/FACTOR DIAGONAL RATIO        MATRIX DIAGONAL                                
                                                                                                                                    
            1061                    T3                  -1.91393E+01                   4.04288E+04
            2993                    T3                  -3.07665E+03                   1.77178E+06
1                                                                          DECEMBER  27, 2023  MSC Nastran 12/14/21   PAGE    29
                                                                                                                                    
0                                                                                                                                   
0                             N O N - L I N E A R   I T E R A T I O N   M O D U L E   O U T P U T

     STIFFNESS UPDATE TIME          1.19 SECONDS                                                               SUBCASE        1
            ITERATION TIME          0.06 SECONDS                                                        LOAD FACTOR   0.6420598

                        - - - CONVERGENCE  FACTORS - - -                      - - - LINE SEARCH DATA - - -
0ITERATION      EUI         EPI         EWI      LAMBDA       DLMAG       FACTOR     E-FIRST     E-FINAL   NQNV  NLS  ENIC  NDV  MDV

         5  1.4900E-02  5.8753E-03  1.2832E-05  1.0000E-01  5.3774E-03  1.0000E+00 -4.7355E-02 -4.7355E-02    0    0          0    1
 *** USER INFORMATION MESSAGE 6186 (NCONVG)
     *** SOLUTION HAS CONVERGED ***
         SUBID    1     LOOPID    3     LOAD STEP    0.642     LOAD FACTOR 0.64205983

     *** NEW STIFFNESS MATRIX IS REQUIRED ***

 *** USER INFORMATION MESSAGE 9005 (SUBDMAP NLSTATIC)
     THE SOLUTION FOR LOOPID= 3 IS SAVED FOR RESTART
 ^^^     
 *** USER INFORMATION MESSAGE 22713 (SUBDMAP SEKDR)
     PARAMETER EXCLUDE IS NOT DEFINED DIFFERENTIAL STIFFNESS IS COMPUTED FOR ALL ELEMENTS.
 ^^^     
 *** USER WARNING MESSAGE 4698 (DCMPD)
     STATISTICS FOR DECOMPOSITION OF MATRIX KLLRH.
     THE FOLLOWING DEGREES OF FREEDOM HAVE FACTOR DIAGONAL RATIOS GREATER THAN
     1.000000E+07 OR HAVE NEGATIVE TERMS ON THE FACTOR DIAGONAL.
     USER INFORMATION:
     THIS MESSAGE MAY BE IGNORED IF NO GRID POINT IDS OR HIGH RATIO MESSAGES APPEAR IN THE TABLE ON THE NEXT PAGE.
1                                                                          DECEMBER  27, 2023  MSC Nastran 12/14/21   PAGE    30
                                                                                                                                    
0                                                                                                                                   
0                                                                                                                                   
         GRID POINT ID       DEGREE OF FREEDOM   MATRIX/FACTOR DIAGONAL RATIO        MATRIX DIAGONAL                                
                                                                                                                                    
            1061                    T3                  -1.20742E+02                   4.04283E+04
            2993                    T3                  -1.38431E+04                   1.77178E+06
1                                                                          DECEMBER  27, 2023  MSC Nastran 12/14/21   PAGE    31
                                                                                                                                    
0                                                                                                                                   
0                             N O N - L I N E A R   I T E R A T I O N   M O D U L E   O U T P U T

     STIFFNESS UPDATE TIME          1.23 SECONDS                                                               SUBCASE        1
            ITERATION TIME          0.06 SECONDS                                                        LOAD FACTOR   1.0000000

                        - - - CONVERGENCE  FACTORS - - -                      - - - LINE SEARCH DATA - - -
0ITERATION      EUI         EPI         EWI      LAMBDA       DLMAG       FACTOR     E-FIRST     E-FINAL   NQNV  NLS  ENIC  NDV  MDV

         1  3.5026E+01  9.6253E+02  5.7388E+02  1.0000E-01  5.4403E+02  1.0000E+00 -8.5417E+01 -8.5417E+01    0    0          1    1
 *** USER INFORMATION MESSAGE 4550 (NCONVG)
     *** NEW STIFFNESS MATRIX IS REQUIRED ***
 ^^^     
 *** USER INFORMATION MESSAGE 22713 (SUBDMAP SEKDR)
     PARAMETER EXCLUDE IS NOT DEFINED DIFFERENTIAL STIFFNESS IS COMPUTED FOR ALL ELEMENTS.
 ^^^     
1                                                                          DECEMBER  27, 2023  MSC Nastran 12/14/21   PAGE    32
                                                                                                                                    
0                                                                                                                                   
0                             N O N - L I N E A R   I T E R A T I O N   M O D U L E   O U T P U T

     STIFFNESS UPDATE TIME          1.20 SECONDS                                                               SUBCASE        1
            ITERATION TIME          0.00 SECONDS                                                        LOAD FACTOR   0.6807388

                        - - - CONVERGENCE  FACTORS - - -                      - - - LINE SEARCH DATA - - -
0ITERATION      EUI         EPI         EWI      LAMBDA       DLMAG       FACTOR     E-FIRST     E-FINAL   NQNV  NLS  ENIC  NDV  MDV

 *** USER INFORMATION MESSAGE 6187 (NCONVG)
     *** BISECTION IS ACTIVATED DUE TO LARGE INCREMENTAL ROTATIONS AT ITERATION NO.   2 ***
 *** USER INFORMATION MESSAGE 6188 (NLITER)
     ***  ARC LENGTH RATIO IS 2.323790D+00
 *** USER INFORMATION MESSAGE 4550 (NLITER)
     *** NEW STIFFNESS MATRIX IS REQUIRED ***
 ^^^     
 *** USER INFORMATION MESSAGE 22713 (SUBDMAP SEKDR)
     PARAMETER EXCLUDE IS NOT DEFINED DIFFERENTIAL STIFFNESS IS COMPUTED FOR ALL ELEMENTS.
 ^^^     
 *** USER WARNING MESSAGE 4698 (DCMPD)
     STATISTICS FOR DECOMPOSITION OF MATRIX KLLRH.
     THE FOLLOWING DEGREES OF FREEDOM HAVE FACTOR DIAGONAL RATIOS GREATER THAN
     1.000000E+07 OR HAVE NEGATIVE TERMS ON THE FACTOR DIAGONAL.
     USER INFORMATION:
     THIS MESSAGE MAY BE IGNORED IF NO GRID POINT IDS OR HIGH RATIO MESSAGES APPEAR IN THE TABLE ON THE NEXT PAGE.
1                                                                          DECEMBER  27, 2023  MSC Nastran 12/14/21   PAGE    33
                                                                                                                                    
0                                                                                                                                   
0                                                                                                                                   
         GRID POINT ID       DEGREE OF FREEDOM   MATRIX/FACTOR DIAGONAL RATIO        MATRIX DIAGONAL                                
                                                                                                                                    
            1061                    T3                  -1.20742E+02                   4.04283E+04
            2993                    T3                  -1.38431E+04                   1.77178E+06
1                                                                          DECEMBER  27, 2023  MSC Nastran 12/14/21   PAGE    34
                                                                                                                                    
0                                                                                                                                   
0                             N O N - L I N E A R   I T E R A T I O N   M O D U L E   O U T P U T

     STIFFNESS UPDATE TIME          1.16 SECONDS                                                               SUBCASE        1
            ITERATION TIME          0.05 SECONDS                                                        LOAD FACTOR   0.8824559

                        - - - CONVERGENCE  FACTORS - - -                      - - - LINE SEARCH DATA - - -
0ITERATION      EUI         EPI         EWI      LAMBDA       DLMAG       FACTOR     E-FIRST     E-FINAL   NQNV  NLS  ENIC  NDV  MDV

         1  2.6592E+01  3.7524E+02  1.7520E+02  1.0000E-01  2.3904E+02  1.0000E+00 -3.7001E+01 -3.7001E+01    0    0          1    1
 *** USER INFORMATION MESSAGE 4550 (NCONVG)
     *** NEW STIFFNESS MATRIX IS REQUIRED ***
 ^^^     
 *** USER INFORMATION MESSAGE 22713 (SUBDMAP SEKDR)
     PARAMETER EXCLUDE IS NOT DEFINED DIFFERENTIAL STIFFNESS IS COMPUTED FOR ALL ELEMENTS.
 ^^^     
 *** USER WARNING MESSAGE 4698 (DCMPD)
     STATISTICS FOR DECOMPOSITION OF MATRIX KLLRH.
     THE FOLLOWING DEGREES OF FREEDOM HAVE FACTOR DIAGONAL RATIOS GREATER THAN
     1.000000E+07 OR HAVE NEGATIVE TERMS ON THE FACTOR DIAGONAL.
     USER INFORMATION:
     THIS MESSAGE MAY BE IGNORED IF NO GRID POINT IDS OR HIGH RATIO MESSAGES APPEAR IN THE TABLE ON THE NEXT PAGE.
1                                                                          DECEMBER  27, 2023  MSC Nastran 12/14/21   PAGE    35
                                                                                                                                    
0                                                                                                                                   
0                                                                                                                                   
         GRID POINT ID       DEGREE OF FREEDOM   MATRIX/FACTOR DIAGONAL RATIO        MATRIX DIAGONAL                                
                                                                                                                                    
            1877                    R2                  -2.87214E+00                   9.50984E+06
1                                                                          DECEMBER  27, 2023  MSC Nastran 12/14/21   PAGE    36
                                                                                                                                    
0                                                                                                                                   
0                             N O N - L I N E A R   I T E R A T I O N   M O D U L E   O U T P U T

     STIFFNESS UPDATE TIME          1.31 SECONDS                                                               SUBCASE        1
            ITERATION TIME          0.05 SECONDS                                                        LOAD FACTOR   0.7211953

                        - - - CONVERGENCE  FACTORS - - -                      - - - LINE SEARCH DATA - - -
0ITERATION      EUI         EPI         EWI      LAMBDA       DLMAG       FACTOR     E-FIRST     E-FINAL   NQNV  NLS  ENIC  NDV  MDV

         2  2.8264E+00  1.4808E+02  1.2514E+02  1.0000E-01  3.1590E+02  1.0000E+00 -4.5365E+00 -4.5365E+00    0    0          1    1
 *** USER INFORMATION MESSAGE 4550 (NCONVG)
     *** NEW STIFFNESS MATRIX IS REQUIRED ***
 ^^^     
 *** USER INFORMATION MESSAGE 22713 (SUBDMAP SEKDR)
     PARAMETER EXCLUDE IS NOT DEFINED DIFFERENTIAL STIFFNESS IS COMPUTED FOR ALL ELEMENTS.
 ^^^     
1                                                                          DECEMBER  27, 2023  MSC Nastran 12/14/21   PAGE    37
                                                                                                                                    
0                                                                                                                                   
0                             N O N - L I N E A R   I T E R A T I O N   M O D U L E   O U T P U T

     STIFFNESS UPDATE TIME          1.16 SECONDS                                                               SUBCASE        1
            ITERATION TIME          0.05 SECONDS                                                        LOAD FACTOR   0.5856418

                        - - - CONVERGENCE  FACTORS - - -                      - - - LINE SEARCH DATA - - -
0ITERATION      EUI         EPI         EWI      LAMBDA       DLMAG       FACTOR     E-FIRST     E-FINAL   NQNV  NLS  ENIC  NDV  MDV

         3  3.1596E+00  4.5536E+01  6.7398E+00  1.0000E-01  3.8120E+01  1.0000E+00  8.8902E-02  8.8902E-02    0    0          0    1
 *** USER INFORMATION MESSAGE 4550 (NCONVG)
     *** NEW STIFFNESS MATRIX IS REQUIRED ***
 ^^^     
 *** USER INFORMATION MESSAGE 22713 (SUBDMAP SEKDR)
     PARAMETER EXCLUDE IS NOT DEFINED DIFFERENTIAL STIFFNESS IS COMPUTED FOR ALL ELEMENTS.
 ^^^     
1                                                                          DECEMBER  27, 2023  MSC Nastran 12/14/21   PAGE    38
                                                                                                                                    
0                                                                                                                                   
0                             N O N - L I N E A R   I T E R A T I O N   M O D U L E   O U T P U T

     STIFFNESS UPDATE TIME          1.25 SECONDS                                                               SUBCASE        1
            ITERATION TIME          0.05 SECONDS                                                        LOAD FACTOR   0.6987238

                        - - - CONVERGENCE  FACTORS - - -                      - - - LINE SEARCH DATA - - -
0ITERATION      EUI         EPI         EWI      LAMBDA       DLMAG       FACTOR     E-FIRST     E-FINAL   NQNV  NLS  ENIC  NDV  MDV

         4  2.5497E+00  1.6895E+01  3.4546E+00  1.0000E-01  2.9183E+01  1.0000E+00  2.2296E-01  2.2296E-01    0    0          0    1
 *** USER INFORMATION MESSAGE 4550 (NCONVG)
     *** NEW STIFFNESS MATRIX IS REQUIRED ***
 ^^^     
 *** USER INFORMATION MESSAGE 22713 (SUBDMAP SEKDR)
     PARAMETER EXCLUDE IS NOT DEFINED DIFFERENTIAL STIFFNESS IS COMPUTED FOR ALL ELEMENTS.
 ^^^     
1                                                                          DECEMBER  27, 2023  MSC Nastran 12/14/21   PAGE    39
                                                                                                                                    
0                                                                                                                                   
0                             N O N - L I N E A R   I T E R A T I O N   M O D U L E   O U T P U T

     STIFFNESS UPDATE TIME          1.20 SECONDS                                                               SUBCASE        1
            ITERATION TIME          0.05 SECONDS                                                        LOAD FACTOR   0.7200629

                        - - - CONVERGENCE  FACTORS - - -                      - - - LINE SEARCH DATA - - -
0ITERATION      EUI         EPI         EWI      LAMBDA       DLMAG       FACTOR     E-FIRST     E-FINAL   NQNV  NLS  ENIC  NDV  MDV

         5  9.1040E-01  7.0138E+00  8.5097E-01  1.0000E-01  1.2851E+01  1.0000E+00  2.7992E-01  2.7992E-01    0    0          0    1
 *** USER INFORMATION MESSAGE 4550 (NCONVG)
     *** NEW STIFFNESS MATRIX IS REQUIRED ***
 ^^^     
 *** USER INFORMATION MESSAGE 22713 (SUBDMAP SEKDR)
     PARAMETER EXCLUDE IS NOT DEFINED DIFFERENTIAL STIFFNESS IS COMPUTED FOR ALL ELEMENTS.
 ^^^     
1                                                                          DECEMBER  27, 2023  MSC Nastran 12/14/21   PAGE    40
                                                                                                                                    
0                                                                                                                                   
0                             N O N - L I N E A R   I T E R A T I O N   M O D U L E   O U T P U T

     STIFFNESS UPDATE TIME          1.11 SECONDS                                                               SUBCASE        1
            ITERATION TIME          0.05 SECONDS                                                        LOAD FACTOR   0.7308748

                        - - - CONVERGENCE  FACTORS - - -                      - - - LINE SEARCH DATA - - -
0ITERATION      EUI         EPI         EWI      LAMBDA       DLMAG       FACTOR     E-FIRST     E-FINAL   NQNV  NLS  ENIC  NDV  MDV

         6  4.2735E-01  2.3206E+00  3.6992E-01  1.0000E-01  8.0285E+00  1.0000E+00  3.1625E-01  3.1625E-01    0    0          0    1
 *** USER INFORMATION MESSAGE 4550 (NCONVG)
     *** NEW STIFFNESS MATRIX IS REQUIRED ***
 ^^^     
 *** USER INFORMATION MESSAGE 22713 (SUBDMAP SEKDR)
     PARAMETER EXCLUDE IS NOT DEFINED DIFFERENTIAL STIFFNESS IS COMPUTED FOR ALL ELEMENTS.
 ^^^     
1                                                                          DECEMBER  27, 2023  MSC Nastran 12/14/21   PAGE    41
                                                                                                                                    
0                                                                                                                                   
0                             N O N - L I N E A R   I T E R A T I O N   M O D U L E   O U T P U T

     STIFFNESS UPDATE TIME          1.30 SECONDS                                                               SUBCASE        1
            ITERATION TIME          0.05 SECONDS                                                        LOAD FACTOR   0.7248983

                        - - - CONVERGENCE  FACTORS - - -                      - - - LINE SEARCH DATA - - -
0ITERATION      EUI         EPI         EWI      LAMBDA       DLMAG       FACTOR     E-FIRST     E-FINAL   NQNV  NLS  ENIC  NDV  MDV

         7  2.7454E-01  3.0502E+00  8.0742E-01  1.0000E-01  8.8412E+00  1.0000E+00 -6.8383E-01 -6.8383E-01    0    0          0    1
 *** USER INFORMATION MESSAGE 4550 (NCONVG)
     *** NEW STIFFNESS MATRIX IS REQUIRED ***
 ^^^     
 *** USER INFORMATION MESSAGE 22713 (SUBDMAP SEKDR)
     PARAMETER EXCLUDE IS NOT DEFINED DIFFERENTIAL STIFFNESS IS COMPUTED FOR ALL ELEMENTS.
 ^^^     
1                                                                          DECEMBER  27, 2023  MSC Nastran 12/14/21   PAGE    42
                                                                                                                                    
0                                                                                                                                   
0                             N O N - L I N E A R   I T E R A T I O N   M O D U L E   O U T P U T

     STIFFNESS UPDATE TIME          1.20 SECONDS                                                               SUBCASE        1
            ITERATION TIME          0.05 SECONDS                                                        LOAD FACTOR   0.7219402

                        - - - CONVERGENCE  FACTORS - - -                      - - - LINE SEARCH DATA - - -
0ITERATION      EUI         EPI         EWI      LAMBDA       DLMAG       FACTOR     E-FIRST     E-FINAL   NQNV  NLS  ENIC  NDV  MDV

         8  1.4608E-01  1.2529E-01  5.6709E-03  1.0000E-01  5.4410E-01  1.0000E+00  1.9200E-02  1.9200E-02    0    0          0    1
 *** USER INFORMATION MESSAGE 4550 (NCONVG)
     *** NEW STIFFNESS MATRIX IS REQUIRED ***
 ^^^     
 *** USER INFORMATION MESSAGE 22713 (SUBDMAP SEKDR)
     PARAMETER EXCLUDE IS NOT DEFINED DIFFERENTIAL STIFFNESS IS COMPUTED FOR ALL ELEMENTS.
 ^^^     
1                                                                          DECEMBER  27, 2023  MSC Nastran 12/14/21   PAGE    43
                                                                                                                                    
0                                                                                                                                   
0                             N O N - L I N E A R   I T E R A T I O N   M O D U L E   O U T P U T

     STIFFNESS UPDATE TIME          1.16 SECONDS                                                               SUBCASE        1
            ITERATION TIME          0.05 SECONDS                                                        LOAD FACTOR   0.7215427

                        - - - CONVERGENCE  FACTORS - - -                      - - - LINE SEARCH DATA - - -
0ITERATION      EUI         EPI         EWI      LAMBDA       DLMAG       FACTOR     E-FIRST     E-FINAL   NQNV  NLS  ENIC  NDV  MDV

         9  1.9634E-02  8.5450E-03  9.2152E-05  1.0000E-01  3.8095E-02  1.0000E+00  6.3872E-03  6.3872E-03    0    0          0    1
 *** USER INFORMATION MESSAGE 6186 (NCONVG)
     *** SOLUTION HAS CONVERGED ***
         SUBID    1     LOOPID    4     LOAD STEP    0.722     LOAD FACTOR 0.72154270

     *** NEW STIFFNESS MATRIX IS REQUIRED ***

 *** USER INFORMATION MESSAGE 9005 (SUBDMAP NLSTATIC)
     THE SOLUTION FOR LOOPID= 4 IS SAVED FOR RESTART
 ^^^     
 *** USER INFORMATION MESSAGE 22713 (SUBDMAP SEKDR)
     PARAMETER EXCLUDE IS NOT DEFINED DIFFERENTIAL STIFFNESS IS COMPUTED FOR ALL ELEMENTS.
 ^^^     
1                                                                          DECEMBER  27, 2023  MSC Nastran 12/14/21   PAGE    44
                                                                                                                                    
0                                                                                                                                   
0                             N O N - L I N E A R   I T E R A T I O N   M O D U L E   O U T P U T

     STIFFNESS UPDATE TIME          1.19 SECONDS                                                               SUBCASE        1
            ITERATION TIME          0.08 SECONDS                                                        LOAD FACTOR   0.8580927

                        - - - CONVERGENCE  FACTORS - - -                      - - - LINE SEARCH DATA - - -
0ITERATION      EUI         EPI         EWI      LAMBDA       DLMAG       FACTOR     E-FIRST     E-FINAL   NQNV  NLS  ENIC  NDV  MDV

         1  2.3360E+01  1.8504E+02  4.3932E+01  1.0000E-01  4.2771E+01  1.0000E+00 -4.5864E-01 -4.5864E-01    0    0          0    1
 *** USER INFORMATION MESSAGE 4550 (NCONVG)
     *** NEW STIFFNESS MATRIX IS REQUIRED ***
 ^^^     
 *** USER INFORMATION MESSAGE 22713 (SUBDMAP SEKDR)
     PARAMETER EXCLUDE IS NOT DEFINED DIFFERENTIAL STIFFNESS IS COMPUTED FOR ALL ELEMENTS.
 ^^^     
1                                                                          DECEMBER  27, 2023  MSC Nastran 12/14/21   PAGE    45
                                                                                                                                    
0                                                                                                                                   
0                             N O N - L I N E A R   I T E R A T I O N   M O D U L E   O U T P U T

     STIFFNESS UPDATE TIME          1.78 SECONDS                                                               SUBCASE        1
            ITERATION TIME          0.06 SECONDS                                                        LOAD FACTOR   0.8486503

                        - - - CONVERGENCE  FACTORS - - -                      - - - LINE SEARCH DATA - - -
0ITERATION      EUI         EPI         EWI      LAMBDA       DLMAG       FACTOR     E-FIRST     E-FINAL   NQNV  NLS  ENIC  NDV  MDV

         2  2.0816E-01  5.8237E-01  6.5169E-03  1.0000E-01  5.4157E-01  1.0000E+00  2.6218E-02  2.6218E-02    0    0          0    1
 *** USER INFORMATION MESSAGE 4550 (NCONVG)
     *** NEW STIFFNESS MATRIX IS REQUIRED ***
 ^^^     
 *** USER INFORMATION MESSAGE 22713 (SUBDMAP SEKDR)
     PARAMETER EXCLUDE IS NOT DEFINED DIFFERENTIAL STIFFNESS IS COMPUTED FOR ALL ELEMENTS.
 ^^^     
1                                                                          DECEMBER  27, 2023  MSC Nastran 12/14/21   PAGE    46
                                                                                                                                    
0                                                                                                                                   
0                             N O N - L I N E A R   I T E R A T I O N   M O D U L E   O U T P U T

     STIFFNESS UPDATE TIME          1.62 SECONDS                                                               SUBCASE        1
            ITERATION TIME          0.06 SECONDS                                                        LOAD FACTOR   0.8524296

                        - - - CONVERGENCE  FACTORS - - -                      - - - LINE SEARCH DATA - - -
0ITERATION      EUI         EPI         EWI      LAMBDA       DLMAG       FACTOR     E-FIRST     E-FINAL   NQNV  NLS  ENIC  NDV  MDV

         3  4.8577E-02  3.2662E-02  8.2492E-05  1.0000E-01  4.1737E-02  1.0000E+00  1.7684E-02  1.7684E-02    0    0          0    1
 *** USER INFORMATION MESSAGE 4550 (NCONVG)
     *** NEW STIFFNESS MATRIX IS REQUIRED ***
 ^^^     
 *** USER INFORMATION MESSAGE 22713 (SUBDMAP SEKDR)
     PARAMETER EXCLUDE IS NOT DEFINED DIFFERENTIAL STIFFNESS IS COMPUTED FOR ALL ELEMENTS.
 ^^^     
1                                                                          DECEMBER  27, 2023  MSC Nastran 12/14/21   PAGE    47
                                                                                                                                    
0                                                                                                                                   
0                             N O N - L I N E A R   I T E R A T I O N   M O D U L E   O U T P U T

     STIFFNESS UPDATE TIME          1.41 SECONDS                                                               SUBCASE        1
            ITERATION TIME          0.06 SECONDS                                                        LOAD FACTOR   0.8524671

                        - - - CONVERGENCE  FACTORS - - -                      - - - LINE SEARCH DATA - - -
0ITERATION      EUI         EPI         EWI      LAMBDA       DLMAG       FACTOR     E-FIRST     E-FINAL   NQNV  NLS  ENIC  NDV  MDV

         4  7.0757E-04  4.9195E-05  1.6160E-08  1.0000E-01  1.5434E-03  1.0000E+00  2.8579E-03  2.8579E-03    0    0          0    1
 *** USER INFORMATION MESSAGE 6186 (NCONVG)
     *** SOLUTION HAS CONVERGED ***
         SUBID    1     LOOPID    5     LOAD STEP    0.852     LOAD FACTOR 0.85246708

     *** NEW STIFFNESS MATRIX IS REQUIRED ***

 *** USER INFORMATION MESSAGE 9005 (SUBDMAP NLSTATIC)
     THE SOLUTION FOR LOOPID= 5 IS SAVED FOR RESTART
 ^^^     
 *** USER INFORMATION MESSAGE 22713 (SUBDMAP SEKDR)
     PARAMETER EXCLUDE IS NOT DEFINED DIFFERENTIAL STIFFNESS IS COMPUTED FOR ALL ELEMENTS.
 ^^^     
1                                                                          DECEMBER  27, 2023  MSC Nastran 12/14/21   PAGE    48
                                                                                                                                    
0                                                                                                                                   
0                             N O N - L I N E A R   I T E R A T I O N   M O D U L E   O U T P U T

     STIFFNESS UPDATE TIME          1.58 SECONDS                                                               SUBCASE        1
            ITERATION TIME          0.06 SECONDS                                                        LOAD FACTOR   1.0000000

                        - - - CONVERGENCE  FACTORS - - -                      - - - LINE SEARCH DATA - - -
0ITERATION      EUI         EPI         EWI      LAMBDA       DLMAG       FACTOR     E-FIRST     E-FINAL   NQNV  NLS  ENIC  NDV  MDV

         1  2.1456E+01  2.4766E+02  5.3665E+01  1.0000E-01  4.7415E+01  1.0000E+00 -3.6439E-01 -3.6439E-01    0    0          0    1
 *** USER INFORMATION MESSAGE 4550 (NCONVG)
     *** NEW STIFFNESS MATRIX IS REQUIRED ***
 ^^^     
 *** USER INFORMATION MESSAGE 22713 (SUBDMAP SEKDR)
     PARAMETER EXCLUDE IS NOT DEFINED DIFFERENTIAL STIFFNESS IS COMPUTED FOR ALL ELEMENTS.
 ^^^     
1                                                                          DECEMBER  27, 2023  MSC Nastran 12/14/21   PAGE    49
                                                                                                                                    
0                                                                                                                                   
0                             N O N - L I N E A R   I T E R A T I O N   M O D U L E   O U T P U T

     STIFFNESS UPDATE TIME          1.48 SECONDS                                                               SUBCASE        1
            ITERATION TIME          0.06 SECONDS                                                        LOAD FACTOR   1.0000000

                        - - - CONVERGENCE  FACTORS - - -                      - - - LINE SEARCH DATA - - -
0ITERATION      EUI         EPI         EWI      LAMBDA       DLMAG       FACTOR     E-FIRST     E-FINAL   NQNV  NLS  ENIC  NDV  MDV

         2  1.0097E+00  8.1816E-01  8.3005E-03  1.0000E-01  4.0293E-01  1.0000E+00  8.4844E-03  8.4844E-03    0    0          0    1
 *** USER INFORMATION MESSAGE 4550 (NCONVG)
     *** NEW STIFFNESS MATRIX IS REQUIRED ***
 ^^^     
 *** USER INFORMATION MESSAGE 22713 (SUBDMAP SEKDR)
     PARAMETER EXCLUDE IS NOT DEFINED DIFFERENTIAL STIFFNESS IS COMPUTED FOR ALL ELEMENTS.
 ^^^     
1                                                                          DECEMBER  27, 2023  MSC Nastran 12/14/21   PAGE    50
                                                                                                                                    
0                                                                                                                                   
0                             N O N - L I N E A R   I T E R A T I O N   M O D U L E   O U T P U T

     STIFFNESS UPDATE TIME          1.44 SECONDS                                                               SUBCASE        1
            ITERATION TIME          0.06 SECONDS                                                        LOAD FACTOR   1.0000000

                        - - - CONVERGENCE  FACTORS - - -                      - - - LINE SEARCH DATA - - -
0ITERATION      EUI         EPI         EWI      LAMBDA       DLMAG       FACTOR     E-FIRST     E-FINAL   NQNV  NLS  ENIC  NDV  MDV

         3  3.2871E-02  3.2130E-02  1.8157E-05  1.0000E-01  2.6047E-02  1.0000E+00  3.6013E-03  3.6013E-03    0    0          0    1
 *** USER INFORMATION MESSAGE 4550 (NCONVG)
     *** NEW STIFFNESS MATRIX IS REQUIRED ***
 ^^^     
 *** USER INFORMATION MESSAGE 22713 (SUBDMAP SEKDR)
     PARAMETER EXCLUDE IS NOT DEFINED DIFFERENTIAL STIFFNESS IS COMPUTED FOR ALL ELEMENTS.
 ^^^     
1                                                                          DECEMBER  27, 2023  MSC Nastran 12/14/21   PAGE    51
                                                                                                                                    
0                                                                                                                                   
0                             N O N - L I N E A R   I T E R A T I O N   M O D U L E   O U T P U T

     STIFFNESS UPDATE TIME          1.61 SECONDS                                                               SUBCASE        1
            ITERATION TIME          0.06 SECONDS                                                        LOAD FACTOR   1.0000000

                        - - - CONVERGENCE  FACTORS - - -                      - - - LINE SEARCH DATA - - -
0ITERATION      EUI         EPI         EWI      LAMBDA       DLMAG       FACTOR     E-FIRST     E-FINAL   NQNV  NLS  ENIC  NDV  MDV

         4  2.8774E-04  4.3470E-05  1.3766E-09  1.0000E-01  1.6963E-03  1.0000E+00  0.0000E+00  0.0000E+00    0    0          0    1
 *** USER INFORMATION MESSAGE 6186 (NCONVG)
     *** SOLUTION HAS CONVERGED ***
         SUBID    1     LOOPID    6     LOAD STEP    1.000     LOAD FACTOR 1.00000000

     *** NEW STIFFNESS MATRIX IS REQUIRED ***

 *** USER INFORMATION MESSAGE 9005 (SUBDMAP NLSTATIC)
     THE SOLUTION FOR LOOPID= 6 IS SAVED FOR RESTART
 ^^^     
 *** USER INFORMATION MESSAGE 9052 (SUBDMAP NLSTATIC)
     NONLINEAR STATIC ANALYSIS COMPLETED.
 ^^^     
 *** USER INFORMATION MESSAGE 4114 (OUTPX2)
     DATA BLOCK OUG1     WRITTEN ON FORTRAN UNIT    12 IN BINARY (LTLEND) FORMAT USING NDDL DESCRIPTION FOR OUG1, TRL =
                    101                 0            411024                 0                 0                 0                 2
     NAME OF DATA BLOCK WRITTEN ON FORTRAN UNIT IS OUG1    
        (MAXIMUM POSSIBLE FORTRAN RECORD SIZE =       65538 WORDS.)
     (MAXIMUM SIZE OF FORTRAN RECORDS WRITTEN =       65536 WORDS.)
           (NUMBER OF FORTRAN RECORDS WRITTEN =          82 RECORDS.)
           (TOTAL DATA WRITTEN FOR DATA BLOCK =      411986 WORDS.)
 *** USER INFORMATION MESSAGE 4114 (OUTPX2)
     DATA BLOCK OPG1     WRITTEN ON FORTRAN UNIT    12 IN BINARY (LTLEND) FORMAT USING NDDL DESCRIPTION FOR OPG, TRL =
                    101                 0            411024                 0                 0                 0                 2
     NAME OF DATA BLOCK WRITTEN ON FORTRAN UNIT IS OPG1    
        (MAXIMUM POSSIBLE FORTRAN RECORD SIZE =       65538 WORDS.)
     (MAXIMUM SIZE OF FORTRAN RECORDS WRITTEN =       65536 WORDS.)
           (NUMBER OF FORTRAN RECORDS WRITTEN =          82 RECORDS.)
           (TOTAL DATA WRITTEN FOR DATA BLOCK =      411986 WORDS.)
 *** USER INFORMATION MESSAGE 4114 (OUTPX2)
     DATA BLOCK SCRATCH  WRITTEN ON FORTRAN UNIT    12 IN BINARY (LTLEND) FORMAT USING NDDL DESCRIPTION FOR QUALINFO, TRL =
                    301                 1                 7                 0                 0                 0                 0
     NAME OF DATA BLOCK WRITTEN ON FORTRAN UNIT IS QUALINFO
        (MAXIMUM POSSIBLE FORTRAN RECORD SIZE =       65538 WORDS.)
     (MAXIMUM SIZE OF FORTRAN RECORDS WRITTEN =          65 WORDS.)
           (NUMBER OF FORTRAN RECORDS WRITTEN =          45 RECORDS.)
           (TOTAL DATA WRITTEN FOR DATA BLOCK =         279 WORDS.)
 *** USER INFORMATION MESSAGE 4110 (OUTPX2)
                                 END-OF-DATA SIMULATION ON FORTRAN UNIT    12
                                 (MAXIMUM SIZE OF FORTRAN RECORDS WRITTEN =      1 WORDS.)
                                       (NUMBER OF FORTRAN RECORDS WRITTEN =      1 RECORDS.)
                                       (TOTAL DATA WRITTEN FOR EOF MARKER =      1 WORDS.)
1                                                                          DECEMBER  27, 2023  MSC Nastran 12/14/21   PAGE    52
                                                                                                                                    
0                                                                                                                                   
 * * * *  D B D I C T   P R I N T  * * * *      SUBDMAP = PRTSUM  ,  DMAP STATEMENT NO.     74



0                                   * * * *  A N A L Y S I S  S U M M A R Y  T A B L E  * * * *
0 SEID  PEID PROJ VERS APRCH      SEMG SEMR SEKR SELG SELR MODES DYNRED SOLLIN SOLNL LOOPID DESIGN CYCLE SENSITIVITY
 -------------------------------------------------------------------------------------------------------------------
     0     0    1    1 '        '    T    F    F    T    F     F      F      F     F      0            0           F
     0     0    1    1 '        '    F    F    F    F    F     F      F      F     T      1            0           F
     0     0    1    1 '        '    F    F    F    F    F     F      F      F     T      2            0           F
     0     0    1    1 '        '    F    F    F    F    F     F      F      F     T      3            0           F
     0     0    1    1 '        '    F    F    F    F    F     F      F      F     T      4            0           F
     0     0    1    1 '        '    F    F    F    F    F     F      F      F     T      5            0           F
     0     0    1    1 '        '    F    F    F    F    F     F      F      F     T      6            0           F
0SEID = SUPERELEMENT ID.
 PEID = PRIMARY SUPERELEMENT ID OF IMAGE SUPERELEMENT.
 PROJ = PROJECT ID NUMBER.
 VERS = VERSION ID.
 APRCH = BLANK FOR STRUCTURAL ANALYSIS.  HEAT FOR HEAT TRANSFER ANALYSIS.
 SEMG = STIFFNESS AND MASS MATRIX GENERATION STEP.
 SEMR = MASS MATRIX REDUCTION STEP (INCLUDES EIGENVALUE SOLUTION FOR MODES).
 SEKR = STIFFNESS MATRIX REDUCTION STEP.
 SELG = LOAD MATRIX GENERATION STEP.
 SELR = LOAD MATRIX REDUCTION STEP. 
 MODES = T (TRUE) IF NORMAL MODES OR BUCKLING MODES CALCULATED.
 DYNRED = T (TRUE) MEANS GENERALIZED DYNAMIC AND/OR COMPONENT MODE REDUCTION PERFORMED.
 SOLLIN = T (TRUE) IF LINEAR SOLUTION EXISTS IN DATABASE.
 LOOPID = THE LAST LOOPID VALUE USED IN THE NONLINEAR ANALYSIS.  USEFUL FOR RESTARTS.
 SOLNL = T (TRUE) IF NONLINEAR SOLUTION EXISTS IN DATABASE.
 DESIGN CYCLE = THE LAST DESIGN CYCLE (ONLY VALID IN OPTIMIZATION).
 SENSITIVITY = SENSITIVITY MATRIX GENERATION FLAG.
 
 No PARAM values were set in the Control File.
 
1                                        * * * END OF JOB * * *
 
 
 No Symbolic Replacement variables or values were specified.

